Calling target program-options parser
[15:05:12.867] [bmv2] [D] [thread 1735] Set default default entry for table 'MyIngress.ipv4_lpm': NoAction - 
Adding interface s1-eth1 as port 1
[15:05:12.868] [bmv2] [D] [thread 1735] Adding interface s1-eth1 as port 1
Adding interface s1-eth2 as port 2
[15:05:12.973] [bmv2] [D] [thread 1735] Adding interface s1-eth2 as port 2
Adding interface s1-eth3 as port 3
[15:05:13.009] [bmv2] [D] [thread 1735] Adding interface s1-eth3 as port 3
Adding interface s1-eth4 as port 4
[15:05:13.045] [bmv2] [D] [thread 1735] Adding interface s1-eth4 as port 4
Server listening on 0.0.0.0:50051
[15:05:13.095] [bmv2] [I] [thread 1735] Starting Thrift server on port 9090
[15:05:13.095] [bmv2] [I] [thread 1735] Thrift server was started
[15:05:13.097] [bmv2] [D] [thread 1745] [0.0] [cxt 0] Processing packet received on port 1
[15:05:13.097] [bmv2] [D] [thread 1745] [0.0] [cxt 0] Parser 'parser': start
[15:05:13.097] [bmv2] [D] [thread 1745] [0.0] [cxt 0] Parser 'parser' entering state 'start'
[15:05:13.097] [bmv2] [D] [thread 1745] [0.0] [cxt 0] Parser state 'start' has no switch, going to default next state
[15:05:13.097] [bmv2] [T] [thread 1745] [0.0] [cxt 0] Bytes parsed: 0
[15:05:13.097] [bmv2] [D] [thread 1745] [0.0] [cxt 0] Parser 'parser': end
[15:05:13.097] [bmv2] [D] [thread 1745] [0.0] [cxt 0] Pipeline 'ingress': start
[15:05:13.097] [bmv2] [T] [thread 1745] [0.0] [cxt 0] Applying table 'MyIngress.ipv4_lpm'
[15:05:13.097] [bmv2] [D] [thread 1745] [0.0] [cxt 0] Looking up key:
* hdr.ipv4.dstAddr    : 00000000

[15:05:13.097] [bmv2] [D] [thread 1745] [0.0] [cxt 0] Table 'MyIngress.ipv4_lpm': miss
[15:05:13.097] [bmv2] [D] [thread 1745] [0.0] [cxt 0] Action entry is NoAction - 
[15:05:13.097] [bmv2] [T] [thread 1745] [0.0] [cxt 0] Action NoAction
[15:05:13.097] [bmv2] [D] [thread 1745] [0.0] [cxt 0] Pipeline 'ingress': end
[15:05:13.097] [bmv2] [D] [thread 1745] [0.0] [cxt 0] Egress port is 0
[15:05:13.097] [bmv2] [D] [thread 1745] [1.0] [cxt 0] Processing packet received on port 3
[15:05:13.097] [bmv2] [D] [thread 1745] [1.0] [cxt 0] Parser 'parser': start
[15:05:13.097] [bmv2] [D] [thread 1745] [1.0] [cxt 0] Parser 'parser' entering state 'start'
[15:05:13.097] [bmv2] [D] [thread 1745] [1.0] [cxt 0] Parser state 'start' has no switch, going to default next state
[15:05:13.097] [bmv2] [T] [thread 1745] [1.0] [cxt 0] Bytes parsed: 0
[15:05:13.097] [bmv2] [D] [thread 1745] [1.0] [cxt 0] Parser 'parser': end
[15:05:13.097] [bmv2] [D] [thread 1745] [1.0] [cxt 0] Pipeline 'ingress': start
[15:05:13.097] [bmv2] [T] [thread 1745] [1.0] [cxt 0] Applying table 'MyIngress.ipv4_lpm'
[15:05:13.097] [bmv2] [D] [thread 1745] [1.0] [cxt 0] Looking up key:
* hdr.ipv4.dstAddr    : 00000000

[15:05:13.097] [bmv2] [D] [thread 1745] [1.0] [cxt 0] Table 'MyIngress.ipv4_lpm': miss
[15:05:13.097] [bmv2] [D] [thread 1745] [1.0] [cxt 0] Action entry is NoAction - 
[15:05:13.097] [bmv2] [T] [thread 1745] [1.0] [cxt 0] Action NoAction
[15:05:13.097] [bmv2] [D] [thread 1745] [1.0] [cxt 0] Pipeline 'ingress': end
[15:05:13.097] [bmv2] [D] [thread 1745] [1.0] [cxt 0] Egress port is 0
[15:05:13.098] [bmv2] [D] [thread 1746] [0.0] [cxt 0] Pipeline 'egress': start
[15:05:13.098] [bmv2] [D] [thread 1746] [0.0] [cxt 0] Pipeline 'egress': end
[15:05:13.098] [bmv2] [D] [thread 1746] [0.0] [cxt 0] Deparser 'deparser': start
[15:05:13.098] [bmv2] [T] [thread 1746] [0.0] [cxt 0] Skipping checksum 'cksum' update because condition not met
[15:05:13.098] [bmv2] [D] [thread 1746] [0.0] [cxt 0] Deparser 'deparser': end
[15:05:13.098] [bmv2] [D] [thread 1746] [1.0] [cxt 0] Pipeline 'egress': start
[15:05:13.098] [bmv2] [D] [thread 1746] [1.0] [cxt 0] Pipeline 'egress': end
[15:05:13.098] [bmv2] [D] [thread 1746] [1.0] [cxt 0] Deparser 'deparser': start
[15:05:13.098] [bmv2] [T] [thread 1746] [1.0] [cxt 0] Skipping checksum 'cksum' update because condition not met
[15:05:13.098] [bmv2] [D] [thread 1746] [1.0] [cxt 0] Deparser 'deparser': end
[15:05:13.098] [bmv2] [D] [thread 1750] [0.0] [cxt 0] Transmitting packet of size 90 out of port 0
[15:05:13.098] [bmv2] [D] [thread 1750] [1.0] [cxt 0] Transmitting packet of size 86 out of port 0
[15:05:13.289] [bmv2] [D] [thread 1745] [2.0] [cxt 0] Processing packet received on port 4
[15:05:13.289] [bmv2] [D] [thread 1745] [2.0] [cxt 0] Parser 'parser': start
[15:05:13.289] [bmv2] [D] [thread 1745] [2.0] [cxt 0] Parser 'parser' entering state 'start'
[15:05:13.289] [bmv2] [D] [thread 1745] [2.0] [cxt 0] Parser state 'start' has no switch, going to default next state
[15:05:13.289] [bmv2] [T] [thread 1745] [2.0] [cxt 0] Bytes parsed: 0
[15:05:13.289] [bmv2] [D] [thread 1745] [2.0] [cxt 0] Parser 'parser': end
[15:05:13.289] [bmv2] [D] [thread 1745] [2.0] [cxt 0] Pipeline 'ingress': start
[15:05:13.289] [bmv2] [T] [thread 1745] [2.0] [cxt 0] Applying table 'MyIngress.ipv4_lpm'
[15:05:13.289] [bmv2] [D] [thread 1745] [2.0] [cxt 0] Looking up key:
* hdr.ipv4.dstAddr    : 00000000

[15:05:13.289] [bmv2] [D] [thread 1745] [2.0] [cxt 0] Table 'MyIngress.ipv4_lpm': miss
[15:05:13.289] [bmv2] [D] [thread 1745] [2.0] [cxt 0] Action entry is NoAction - 
[15:05:13.289] [bmv2] [T] [thread 1745] [2.0] [cxt 0] Action NoAction
[15:05:13.289] [bmv2] [D] [thread 1745] [2.0] [cxt 0] Pipeline 'ingress': end
[15:05:13.289] [bmv2] [D] [thread 1745] [2.0] [cxt 0] Egress port is 0
[15:05:13.289] [bmv2] [D] [thread 1746] [2.0] [cxt 0] Pipeline 'egress': start
[15:05:13.289] [bmv2] [D] [thread 1746] [2.0] [cxt 0] Pipeline 'egress': end
[15:05:13.289] [bmv2] [D] [thread 1746] [2.0] [cxt 0] Deparser 'deparser': start
[15:05:13.289] [bmv2] [T] [thread 1746] [2.0] [cxt 0] Skipping checksum 'cksum' update because condition not met
[15:05:13.289] [bmv2] [D] [thread 1746] [2.0] [cxt 0] Deparser 'deparser': end
[15:05:13.289] [bmv2] [D] [thread 1750] [2.0] [cxt 0] Transmitting packet of size 86 out of port 0
[15:05:13.381] [bmv2] [D] [thread 1745] [3.0] [cxt 0] Processing packet received on port 4
[15:05:13.381] [bmv2] [D] [thread 1745] [3.0] [cxt 0] Parser 'parser': start
[15:05:13.381] [bmv2] [D] [thread 1745] [3.0] [cxt 0] Parser 'parser' entering state 'start'
[15:05:13.381] [bmv2] [D] [thread 1745] [3.0] [cxt 0] Parser state 'start' has no switch, going to default next state
[15:05:13.381] [bmv2] [T] [thread 1745] [3.0] [cxt 0] Bytes parsed: 0
[15:05:13.381] [bmv2] [D] [thread 1745] [3.0] [cxt 0] Parser 'parser': end
[15:05:13.381] [bmv2] [D] [thread 1745] [3.0] [cxt 0] Pipeline 'ingress': start
[15:05:13.381] [bmv2] [T] [thread 1745] [3.0] [cxt 0] Applying table 'MyIngress.ipv4_lpm'
[15:05:13.381] [bmv2] [D] [thread 1745] [3.0] [cxt 0] Looking up key:
* hdr.ipv4.dstAddr    : 00000000

[15:05:13.381] [bmv2] [D] [thread 1745] [3.0] [cxt 0] Table 'MyIngress.ipv4_lpm': miss
[15:05:13.381] [bmv2] [D] [thread 1745] [3.0] [cxt 0] Action entry is NoAction - 
[15:05:13.381] [bmv2] [T] [thread 1745] [3.0] [cxt 0] Action NoAction
[15:05:13.381] [bmv2] [D] [thread 1745] [3.0] [cxt 0] Pipeline 'ingress': end
[15:05:13.381] [bmv2] [D] [thread 1745] [3.0] [cxt 0] Egress port is 0
[15:05:13.381] [bmv2] [D] [thread 1746] [3.0] [cxt 0] Pipeline 'egress': start
[15:05:13.381] [bmv2] [D] [thread 1746] [3.0] [cxt 0] Pipeline 'egress': end
[15:05:13.381] [bmv2] [D] [thread 1746] [3.0] [cxt 0] Deparser 'deparser': start
[15:05:13.381] [bmv2] [T] [thread 1746] [3.0] [cxt 0] Skipping checksum 'cksum' update because condition not met
[15:05:13.381] [bmv2] [D] [thread 1746] [3.0] [cxt 0] Deparser 'deparser': end
[15:05:13.381] [bmv2] [D] [thread 1750] [3.0] [cxt 0] Transmitting packet of size 90 out of port 0
[15:05:13.605] [bmv2] [D] [thread 1745] [4.0] [cxt 0] Processing packet received on port 2
[15:05:13.605] [bmv2] [D] [thread 1745] [4.0] [cxt 0] Parser 'parser': start
[15:05:13.605] [bmv2] [D] [thread 1745] [4.0] [cxt 0] Parser 'parser' entering state 'start'
[15:05:13.605] [bmv2] [D] [thread 1745] [4.0] [cxt 0] Parser state 'start' has no switch, going to default next state
[15:05:13.605] [bmv2] [T] [thread 1745] [4.0] [cxt 0] Bytes parsed: 0
[15:05:13.605] [bmv2] [D] [thread 1745] [4.0] [cxt 0] Parser 'parser': end
[15:05:13.605] [bmv2] [D] [thread 1745] [4.0] [cxt 0] Pipeline 'ingress': start
[15:05:13.605] [bmv2] [T] [thread 1745] [4.0] [cxt 0] Applying table 'MyIngress.ipv4_lpm'
[15:05:13.605] [bmv2] [D] [thread 1745] [4.0] [cxt 0] Looking up key:
* hdr.ipv4.dstAddr    : 00000000

[15:05:13.605] [bmv2] [D] [thread 1745] [4.0] [cxt 0] Table 'MyIngress.ipv4_lpm': miss
[15:05:13.605] [bmv2] [D] [thread 1745] [4.0] [cxt 0] Action entry is NoAction - 
[15:05:13.605] [bmv2] [T] [thread 1745] [4.0] [cxt 0] Action NoAction
[15:05:13.605] [bmv2] [D] [thread 1745] [4.0] [cxt 0] Pipeline 'ingress': end
[15:05:13.605] [bmv2] [D] [thread 1745] [4.0] [cxt 0] Egress port is 0
[15:05:13.605] [bmv2] [D] [thread 1746] [4.0] [cxt 0] Pipeline 'egress': start
[15:05:13.605] [bmv2] [D] [thread 1746] [4.0] [cxt 0] Pipeline 'egress': end
[15:05:13.605] [bmv2] [D] [thread 1746] [4.0] [cxt 0] Deparser 'deparser': start
[15:05:13.605] [bmv2] [T] [thread 1746] [4.0] [cxt 0] Skipping checksum 'cksum' update because condition not met
[15:05:13.605] [bmv2] [D] [thread 1746] [4.0] [cxt 0] Deparser 'deparser': end
[15:05:13.605] [bmv2] [D] [thread 1750] [4.0] [cxt 0] Transmitting packet of size 90 out of port 0
[15:05:13.639] [bmv2] [D] [thread 1745] [5.0] [cxt 0] Processing packet received on port 2
[15:05:13.639] [bmv2] [D] [thread 1745] [5.0] [cxt 0] Parser 'parser': start
[15:05:13.639] [bmv2] [D] [thread 1745] [5.0] [cxt 0] Parser 'parser' entering state 'start'
[15:05:13.639] [bmv2] [D] [thread 1745] [5.0] [cxt 0] Parser state 'start' has no switch, going to default next state
[15:05:13.639] [bmv2] [T] [thread 1745] [5.0] [cxt 0] Bytes parsed: 0
[15:05:13.639] [bmv2] [D] [thread 1745] [5.0] [cxt 0] Parser 'parser': end
[15:05:13.639] [bmv2] [D] [thread 1745] [5.0] [cxt 0] Pipeline 'ingress': start
[15:05:13.639] [bmv2] [T] [thread 1745] [5.0] [cxt 0] Applying table 'MyIngress.ipv4_lpm'
[15:05:13.639] [bmv2] [D] [thread 1745] [5.0] [cxt 0] Looking up key:
* hdr.ipv4.dstAddr    : 00000000

[15:05:13.639] [bmv2] [D] [thread 1745] [5.0] [cxt 0] Table 'MyIngress.ipv4_lpm': miss
[15:05:13.639] [bmv2] [D] [thread 1745] [5.0] [cxt 0] Action entry is NoAction - 
[15:05:13.639] [bmv2] [T] [thread 1745] [5.0] [cxt 0] Action NoAction
[15:05:13.639] [bmv2] [D] [thread 1745] [5.0] [cxt 0] Pipeline 'ingress': end
[15:05:13.639] [bmv2] [D] [thread 1745] [5.0] [cxt 0] Egress port is 0
[15:05:13.639] [bmv2] [D] [thread 1745] [6.0] [cxt 0] Processing packet received on port 2
[15:05:13.639] [bmv2] [D] [thread 1745] [6.0] [cxt 0] Parser 'parser': start
[15:05:13.639] [bmv2] [D] [thread 1745] [6.0] [cxt 0] Parser 'parser' entering state 'start'
[15:05:13.639] [bmv2] [D] [thread 1745] [6.0] [cxt 0] Parser state 'start' has no switch, going to default next state
[15:05:13.639] [bmv2] [T] [thread 1745] [6.0] [cxt 0] Bytes parsed: 0
[15:05:13.639] [bmv2] [D] [thread 1745] [6.0] [cxt 0] Parser 'parser': end
[15:05:13.639] [bmv2] [D] [thread 1745] [6.0] [cxt 0] Pipeline 'ingress': start
[15:05:13.639] [bmv2] [T] [thread 1745] [6.0] [cxt 0] Applying table 'MyIngress.ipv4_lpm'
[15:05:13.639] [bmv2] [D] [thread 1745] [6.0] [cxt 0] Looking up key:
* hdr.ipv4.dstAddr    : 00000000

[15:05:13.639] [bmv2] [D] [thread 1745] [6.0] [cxt 0] Table 'MyIngress.ipv4_lpm': miss
[15:05:13.639] [bmv2] [D] [thread 1745] [6.0] [cxt 0] Action entry is NoAction - 
[15:05:13.639] [bmv2] [T] [thread 1745] [6.0] [cxt 0] Action NoAction
[15:05:13.639] [bmv2] [D] [thread 1745] [6.0] [cxt 0] Pipeline 'ingress': end
[15:05:13.639] [bmv2] [D] [thread 1745] [6.0] [cxt 0] Egress port is 0
[15:05:13.639] [bmv2] [D] [thread 1746] [5.0] [cxt 0] Pipeline 'egress': start
[15:05:13.639] [bmv2] [D] [thread 1746] [5.0] [cxt 0] Pipeline 'egress': end
[15:05:13.639] [bmv2] [D] [thread 1746] [5.0] [cxt 0] Deparser 'deparser': start
[15:05:13.639] [bmv2] [T] [thread 1746] [5.0] [cxt 0] Skipping checksum 'cksum' update because condition not met
[15:05:13.639] [bmv2] [D] [thread 1746] [5.0] [cxt 0] Deparser 'deparser': end
[15:05:13.639] [bmv2] [D] [thread 1746] [6.0] [cxt 0] Pipeline 'egress': start
[15:05:13.639] [bmv2] [D] [thread 1746] [6.0] [cxt 0] Pipeline 'egress': end
[15:05:13.639] [bmv2] [D] [thread 1746] [6.0] [cxt 0] Deparser 'deparser': start
[15:05:13.639] [bmv2] [T] [thread 1746] [6.0] [cxt 0] Skipping checksum 'cksum' update because condition not met
[15:05:13.639] [bmv2] [D] [thread 1746] [6.0] [cxt 0] Deparser 'deparser': end
[15:05:13.639] [bmv2] [D] [thread 1750] [5.0] [cxt 0] Transmitting packet of size 90 out of port 0
[15:05:13.639] [bmv2] [D] [thread 1750] [6.0] [cxt 0] Transmitting packet of size 70 out of port 0
[15:05:13.669] [bmv2] [D] [thread 1745] [7.0] [cxt 0] Processing packet received on port 3
[15:05:13.669] [bmv2] [D] [thread 1745] [7.0] [cxt 0] Parser 'parser': start
[15:05:13.669] [bmv2] [D] [thread 1745] [7.0] [cxt 0] Parser 'parser' entering state 'start'
[15:05:13.669] [bmv2] [D] [thread 1745] [7.0] [cxt 0] Parser state 'start' has no switch, going to default next state
[15:05:13.669] [bmv2] [T] [thread 1745] [7.0] [cxt 0] Bytes parsed: 0
[15:05:13.669] [bmv2] [D] [thread 1745] [7.0] [cxt 0] Parser 'parser': end
[15:05:13.669] [bmv2] [D] [thread 1745] [7.0] [cxt 0] Pipeline 'ingress': start
[15:05:13.669] [bmv2] [T] [thread 1745] [7.0] [cxt 0] Applying table 'MyIngress.ipv4_lpm'
[15:05:13.669] [bmv2] [D] [thread 1745] [7.0] [cxt 0] Looking up key:
* hdr.ipv4.dstAddr    : 00000000

[15:05:13.669] [bmv2] [D] [thread 1745] [7.0] [cxt 0] Table 'MyIngress.ipv4_lpm': miss
[15:05:13.669] [bmv2] [D] [thread 1745] [7.0] [cxt 0] Action entry is NoAction - 
[15:05:13.669] [bmv2] [T] [thread 1745] [7.0] [cxt 0] Action NoAction
[15:05:13.669] [bmv2] [D] [thread 1745] [7.0] [cxt 0] Pipeline 'ingress': end
[15:05:13.669] [bmv2] [D] [thread 1745] [7.0] [cxt 0] Egress port is 0
[15:05:13.669] [bmv2] [D] [thread 1745] [8.0] [cxt 0] Processing packet received on port 3
[15:05:13.669] [bmv2] [D] [thread 1745] [8.0] [cxt 0] Parser 'parser': start
[15:05:13.669] [bmv2] [D] [thread 1745] [8.0] [cxt 0] Parser 'parser' entering state 'start'
[15:05:13.669] [bmv2] [D] [thread 1745] [8.0] [cxt 0] Parser state 'start' has no switch, going to default next state
[15:05:13.669] [bmv2] [T] [thread 1745] [8.0] [cxt 0] Bytes parsed: 0
[15:05:13.669] [bmv2] [D] [thread 1745] [8.0] [cxt 0] Parser 'parser': end
[15:05:13.669] [bmv2] [D] [thread 1745] [8.0] [cxt 0] Pipeline 'ingress': start
[15:05:13.670] [bmv2] [T] [thread 1745] [8.0] [cxt 0] Applying table 'MyIngress.ipv4_lpm'
[15:05:13.670] [bmv2] [D] [thread 1745] [8.0] [cxt 0] Looking up key:
* hdr.ipv4.dstAddr    : 00000000

[15:05:13.670] [bmv2] [D] [thread 1745] [8.0] [cxt 0] Table 'MyIngress.ipv4_lpm': miss
[15:05:13.670] [bmv2] [D] [thread 1745] [8.0] [cxt 0] Action entry is NoAction - 
[15:05:13.670] [bmv2] [T] [thread 1745] [8.0] [cxt 0] Action NoAction
[15:05:13.670] [bmv2] [D] [thread 1745] [8.0] [cxt 0] Pipeline 'ingress': end
[15:05:13.670] [bmv2] [D] [thread 1745] [8.0] [cxt 0] Egress port is 0
[15:05:13.670] [bmv2] [D] [thread 1746] [7.0] [cxt 0] Pipeline 'egress': start
[15:05:13.670] [bmv2] [D] [thread 1746] [7.0] [cxt 0] Pipeline 'egress': end
[15:05:13.670] [bmv2] [D] [thread 1746] [7.0] [cxt 0] Deparser 'deparser': start
[15:05:13.670] [bmv2] [T] [thread 1746] [7.0] [cxt 0] Skipping checksum 'cksum' update because condition not met
[15:05:13.670] [bmv2] [D] [thread 1746] [7.0] [cxt 0] Deparser 'deparser': end
[15:05:13.670] [bmv2] [D] [thread 1746] [8.0] [cxt 0] Pipeline 'egress': start
[15:05:13.670] [bmv2] [D] [thread 1746] [8.0] [cxt 0] Pipeline 'egress': end
[15:05:13.670] [bmv2] [D] [thread 1746] [8.0] [cxt 0] Deparser 'deparser': start
[15:05:13.670] [bmv2] [T] [thread 1746] [8.0] [cxt 0] Skipping checksum 'cksum' update because condition not met
[15:05:13.670] [bmv2] [D] [thread 1746] [8.0] [cxt 0] Deparser 'deparser': end
[15:05:13.670] [bmv2] [D] [thread 1750] [7.0] [cxt 0] Transmitting packet of size 90 out of port 0
[15:05:13.670] [bmv2] [D] [thread 1750] [8.0] [cxt 0] Transmitting packet of size 70 out of port 0
[15:05:13.737] [bmv2] [D] [thread 1745] [9.0] [cxt 0] Processing packet received on port 4
[15:05:13.737] [bmv2] [D] [thread 1745] [9.0] [cxt 0] Parser 'parser': start
[15:05:13.737] [bmv2] [D] [thread 1745] [9.0] [cxt 0] Parser 'parser' entering state 'start'
[15:05:13.737] [bmv2] [D] [thread 1745] [9.0] [cxt 0] Parser state 'start' has no switch, going to default next state
[15:05:13.737] [bmv2] [T] [thread 1745] [9.0] [cxt 0] Bytes parsed: 0
[15:05:13.737] [bmv2] [D] [thread 1745] [9.0] [cxt 0] Parser 'parser': end
[15:05:13.737] [bmv2] [D] [thread 1745] [9.0] [cxt 0] Pipeline 'ingress': start
[15:05:13.737] [bmv2] [T] [thread 1745] [9.0] [cxt 0] Applying table 'MyIngress.ipv4_lpm'
[15:05:13.737] [bmv2] [D] [thread 1745] [9.0] [cxt 0] Looking up key:
* hdr.ipv4.dstAddr    : 00000000

[15:05:13.737] [bmv2] [D] [thread 1745] [9.0] [cxt 0] Table 'MyIngress.ipv4_lpm': miss
[15:05:13.737] [bmv2] [D] [thread 1745] [9.0] [cxt 0] Action entry is NoAction - 
[15:05:13.737] [bmv2] [T] [thread 1745] [9.0] [cxt 0] Action NoAction
[15:05:13.737] [bmv2] [D] [thread 1745] [9.0] [cxt 0] Pipeline 'ingress': end
[15:05:13.737] [bmv2] [D] [thread 1745] [9.0] [cxt 0] Egress port is 0
[15:05:13.737] [bmv2] [D] [thread 1745] [10.0] [cxt 0] Processing packet received on port 4
[15:05:13.737] [bmv2] [D] [thread 1745] [10.0] [cxt 0] Parser 'parser': start
[15:05:13.737] [bmv2] [D] [thread 1745] [10.0] [cxt 0] Parser 'parser' entering state 'start'
[15:05:13.737] [bmv2] [D] [thread 1745] [10.0] [cxt 0] Parser state 'start' has no switch, going to default next state
[15:05:13.737] [bmv2] [T] [thread 1745] [10.0] [cxt 0] Bytes parsed: 0
[15:05:13.737] [bmv2] [D] [thread 1745] [10.0] [cxt 0] Parser 'parser': end
[15:05:13.737] [bmv2] [D] [thread 1745] [10.0] [cxt 0] Pipeline 'ingress': start
[15:05:13.737] [bmv2] [T] [thread 1745] [10.0] [cxt 0] Applying table 'MyIngress.ipv4_lpm'
[15:05:13.737] [bmv2] [D] [thread 1745] [10.0] [cxt 0] Looking up key:
* hdr.ipv4.dstAddr    : 00000000

[15:05:13.737] [bmv2] [D] [thread 1745] [10.0] [cxt 0] Table 'MyIngress.ipv4_lpm': miss
[15:05:13.737] [bmv2] [D] [thread 1745] [10.0] [cxt 0] Action entry is NoAction - 
[15:05:13.737] [bmv2] [T] [thread 1745] [10.0] [cxt 0] Action NoAction
[15:05:13.737] [bmv2] [D] [thread 1745] [10.0] [cxt 0] Pipeline 'ingress': end
[15:05:13.737] [bmv2] [D] [thread 1745] [10.0] [cxt 0] Egress port is 0
[15:05:13.737] [bmv2] [D] [thread 1746] [9.0] [cxt 0] Pipeline 'egress': start
[15:05:13.737] [bmv2] [D] [thread 1746] [9.0] [cxt 0] Pipeline 'egress': end
[15:05:13.737] [bmv2] [D] [thread 1746] [9.0] [cxt 0] Deparser 'deparser': start
[15:05:13.737] [bmv2] [T] [thread 1746] [9.0] [cxt 0] Skipping checksum 'cksum' update because condition not met
[15:05:13.737] [bmv2] [D] [thread 1746] [9.0] [cxt 0] Deparser 'deparser': end
[15:05:13.737] [bmv2] [D] [thread 1746] [10.0] [cxt 0] Pipeline 'egress': start
[15:05:13.737] [bmv2] [D] [thread 1746] [10.0] [cxt 0] Pipeline 'egress': end
[15:05:13.737] [bmv2] [D] [thread 1746] [10.0] [cxt 0] Deparser 'deparser': start
[15:05:13.737] [bmv2] [T] [thread 1746] [10.0] [cxt 0] Skipping checksum 'cksum' update because condition not met
[15:05:13.737] [bmv2] [D] [thread 1746] [10.0] [cxt 0] Deparser 'deparser': end
[15:05:13.737] [bmv2] [D] [thread 1750] [9.0] [cxt 0] Transmitting packet of size 90 out of port 0
[15:05:13.737] [bmv2] [D] [thread 1750] [10.0] [cxt 0] Transmitting packet of size 70 out of port 0
[15:05:13.817] [bmv2] [D] [thread 1745] [11.0] [cxt 0] Processing packet received on port 2
[15:05:13.817] [bmv2] [D] [thread 1745] [11.0] [cxt 0] Parser 'parser': start
[15:05:13.817] [bmv2] [D] [thread 1745] [11.0] [cxt 0] Parser 'parser' entering state 'start'
[15:05:13.817] [bmv2] [D] [thread 1745] [11.0] [cxt 0] Parser state 'start' has no switch, going to default next state
[15:05:13.817] [bmv2] [T] [thread 1745] [11.0] [cxt 0] Bytes parsed: 0
[15:05:13.817] [bmv2] [D] [thread 1745] [11.0] [cxt 0] Parser 'parser': end
[15:05:13.817] [bmv2] [D] [thread 1745] [11.0] [cxt 0] Pipeline 'ingress': start
[15:05:13.817] [bmv2] [T] [thread 1745] [11.0] [cxt 0] Applying table 'MyIngress.ipv4_lpm'
[15:05:13.817] [bmv2] [D] [thread 1745] [11.0] [cxt 0] Looking up key:
* hdr.ipv4.dstAddr    : 00000000

[15:05:13.817] [bmv2] [D] [thread 1745] [11.0] [cxt 0] Table 'MyIngress.ipv4_lpm': miss
[15:05:13.817] [bmv2] [D] [thread 1745] [11.0] [cxt 0] Action entry is NoAction - 
[15:05:13.817] [bmv2] [T] [thread 1745] [11.0] [cxt 0] Action NoAction
[15:05:13.817] [bmv2] [D] [thread 1745] [11.0] [cxt 0] Pipeline 'ingress': end
[15:05:13.817] [bmv2] [D] [thread 1745] [11.0] [cxt 0] Egress port is 0
[15:05:13.817] [bmv2] [D] [thread 1746] [11.0] [cxt 0] Pipeline 'egress': start
[15:05:13.817] [bmv2] [D] [thread 1746] [11.0] [cxt 0] Pipeline 'egress': end
[15:05:13.817] [bmv2] [D] [thread 1746] [11.0] [cxt 0] Deparser 'deparser': start
[15:05:13.817] [bmv2] [T] [thread 1746] [11.0] [cxt 0] Skipping checksum 'cksum' update because condition not met
[15:05:13.817] [bmv2] [D] [thread 1746] [11.0] [cxt 0] Deparser 'deparser': end
[15:05:13.817] [bmv2] [D] [thread 1750] [11.0] [cxt 0] Transmitting packet of size 90 out of port 0
[15:05:13.864] [bmv2] [D] [thread 1745] [12.0] [cxt 0] Processing packet received on port 1
[15:05:13.864] [bmv2] [D] [thread 1745] [12.0] [cxt 0] Parser 'parser': start
[15:05:13.864] [bmv2] [D] [thread 1745] [12.0] [cxt 0] Parser 'parser' entering state 'start'
[15:05:13.864] [bmv2] [D] [thread 1745] [12.0] [cxt 0] Parser state 'start' has no switch, going to default next state
[15:05:13.864] [bmv2] [T] [thread 1745] [12.0] [cxt 0] Bytes parsed: 0
[15:05:13.864] [bmv2] [D] [thread 1745] [12.0] [cxt 0] Parser 'parser': end
[15:05:13.864] [bmv2] [D] [thread 1745] [12.0] [cxt 0] Pipeline 'ingress': start
[15:05:13.864] [bmv2] [T] [thread 1745] [12.0] [cxt 0] Applying table 'MyIngress.ipv4_lpm'
[15:05:13.864] [bmv2] [D] [thread 1745] [12.0] [cxt 0] Looking up key:
* hdr.ipv4.dstAddr    : 00000000

[15:05:13.864] [bmv2] [D] [thread 1745] [12.0] [cxt 0] Table 'MyIngress.ipv4_lpm': miss
[15:05:13.864] [bmv2] [D] [thread 1745] [12.0] [cxt 0] Action entry is NoAction - 
[15:05:13.864] [bmv2] [T] [thread 1745] [12.0] [cxt 0] Action NoAction
[15:05:13.864] [bmv2] [D] [thread 1745] [12.0] [cxt 0] Pipeline 'ingress': end
[15:05:13.864] [bmv2] [D] [thread 1745] [12.0] [cxt 0] Egress port is 0
[15:05:13.864] [bmv2] [D] [thread 1745] [13.0] [cxt 0] Processing packet received on port 1
[15:05:13.864] [bmv2] [D] [thread 1745] [13.0] [cxt 0] Parser 'parser': start
[15:05:13.864] [bmv2] [D] [thread 1745] [13.0] [cxt 0] Parser 'parser' entering state 'start'
[15:05:13.864] [bmv2] [D] [thread 1745] [13.0] [cxt 0] Parser state 'start' has no switch, going to default next state
[15:05:13.864] [bmv2] [T] [thread 1745] [13.0] [cxt 0] Bytes parsed: 0
[15:05:13.864] [bmv2] [D] [thread 1745] [13.0] [cxt 0] Parser 'parser': end
[15:05:13.864] [bmv2] [D] [thread 1745] [13.0] [cxt 0] Pipeline 'ingress': start
[15:05:13.864] [bmv2] [T] [thread 1745] [13.0] [cxt 0] Applying table 'MyIngress.ipv4_lpm'
[15:05:13.864] [bmv2] [D] [thread 1745] [13.0] [cxt 0] Looking up key:
* hdr.ipv4.dstAddr    : 00000000

[15:05:13.864] [bmv2] [D] [thread 1745] [13.0] [cxt 0] Table 'MyIngress.ipv4_lpm': miss
[15:05:13.864] [bmv2] [D] [thread 1745] [13.0] [cxt 0] Action entry is NoAction - 
[15:05:13.864] [bmv2] [T] [thread 1745] [13.0] [cxt 0] Action NoAction
[15:05:13.864] [bmv2] [D] [thread 1745] [13.0] [cxt 0] Pipeline 'ingress': end
[15:05:13.864] [bmv2] [D] [thread 1745] [13.0] [cxt 0] Egress port is 0
[15:05:13.864] [bmv2] [D] [thread 1746] [12.0] [cxt 0] Pipeline 'egress': start
[15:05:13.864] [bmv2] [D] [thread 1746] [12.0] [cxt 0] Pipeline 'egress': end
[15:05:13.864] [bmv2] [D] [thread 1746] [12.0] [cxt 0] Deparser 'deparser': start
[15:05:13.864] [bmv2] [T] [thread 1746] [12.0] [cxt 0] Skipping checksum 'cksum' update because condition not met
[15:05:13.864] [bmv2] [D] [thread 1746] [12.0] [cxt 0] Deparser 'deparser': end
[15:05:13.864] [bmv2] [D] [thread 1746] [13.0] [cxt 0] Pipeline 'egress': start
[15:05:13.864] [bmv2] [D] [thread 1746] [13.0] [cxt 0] Pipeline 'egress': end
[15:05:13.864] [bmv2] [D] [thread 1746] [13.0] [cxt 0] Deparser 'deparser': start
[15:05:13.864] [bmv2] [T] [thread 1746] [13.0] [cxt 0] Skipping checksum 'cksum' update because condition not met
[15:05:13.864] [bmv2] [D] [thread 1746] [13.0] [cxt 0] Deparser 'deparser': end
[15:05:13.865] [bmv2] [D] [thread 1750] [12.0] [cxt 0] Transmitting packet of size 90 out of port 0
[15:05:13.865] [bmv2] [D] [thread 1750] [13.0] [cxt 0] Transmitting packet of size 70 out of port 0
[15:05:14.102] [bmv2] [D] [thread 1745] [14.0] [cxt 0] Processing packet received on port 1
[15:05:14.102] [bmv2] [D] [thread 1745] [14.0] [cxt 0] Parser 'parser': start
[15:05:14.102] [bmv2] [D] [thread 1745] [14.0] [cxt 0] Parser 'parser' entering state 'start'
[15:05:14.102] [bmv2] [D] [thread 1745] [14.0] [cxt 0] Parser state 'start' has no switch, going to default next state
[15:05:14.102] [bmv2] [T] [thread 1745] [14.0] [cxt 0] Bytes parsed: 0
[15:05:14.102] [bmv2] [D] [thread 1745] [14.0] [cxt 0] Parser 'parser': end
[15:05:14.102] [bmv2] [D] [thread 1745] [14.0] [cxt 0] Pipeline 'ingress': start
[15:05:14.102] [bmv2] [T] [thread 1745] [14.0] [cxt 0] Applying table 'MyIngress.ipv4_lpm'
[15:05:14.102] [bmv2] [D] [thread 1745] [14.0] [cxt 0] Looking up key:
* hdr.ipv4.dstAddr    : 00000000

[15:05:14.102] [bmv2] [D] [thread 1745] [14.0] [cxt 0] Table 'MyIngress.ipv4_lpm': miss
[15:05:14.102] [bmv2] [D] [thread 1745] [14.0] [cxt 0] Action entry is NoAction - 
[15:05:14.102] [bmv2] [T] [thread 1745] [14.0] [cxt 0] Action NoAction
[15:05:14.102] [bmv2] [D] [thread 1745] [14.0] [cxt 0] Pipeline 'ingress': end
[15:05:14.102] [bmv2] [D] [thread 1745] [14.0] [cxt 0] Egress port is 0
[15:05:14.102] [bmv2] [D] [thread 1746] [14.0] [cxt 0] Pipeline 'egress': start
[15:05:14.102] [bmv2] [D] [thread 1746] [14.0] [cxt 0] Pipeline 'egress': end
[15:05:14.102] [bmv2] [D] [thread 1746] [14.0] [cxt 0] Deparser 'deparser': start
[15:05:14.102] [bmv2] [T] [thread 1746] [14.0] [cxt 0] Skipping checksum 'cksum' update because condition not met
[15:05:14.102] [bmv2] [D] [thread 1746] [14.0] [cxt 0] Deparser 'deparser': end
[15:05:14.102] [bmv2] [D] [thread 1750] [14.0] [cxt 0] Transmitting packet of size 90 out of port 0
[15:05:14.119] [bmv2] [D] [thread 1745] [15.0] [cxt 0] Processing packet received on port 3
[15:05:14.121] [bmv2] [D] [thread 1745] [15.0] [cxt 0] Parser 'parser': start
[15:05:14.121] [bmv2] [D] [thread 1745] [15.0] [cxt 0] Parser 'parser' entering state 'start'
[15:05:14.121] [bmv2] [D] [thread 1745] [15.0] [cxt 0] Parser state 'start' has no switch, going to default next state
[15:05:14.121] [bmv2] [T] [thread 1745] [15.0] [cxt 0] Bytes parsed: 0
[15:05:14.121] [bmv2] [D] [thread 1745] [15.0] [cxt 0] Parser 'parser': end
[15:05:14.121] [bmv2] [D] [thread 1745] [15.0] [cxt 0] Pipeline 'ingress': start
[15:05:14.121] [bmv2] [T] [thread 1745] [15.0] [cxt 0] Applying table 'MyIngress.ipv4_lpm'
[15:05:14.121] [bmv2] [D] [thread 1745] [15.0] [cxt 0] Looking up key:
* hdr.ipv4.dstAddr    : 00000000

[15:05:14.121] [bmv2] [D] [thread 1745] [15.0] [cxt 0] Table 'MyIngress.ipv4_lpm': miss
[15:05:14.121] [bmv2] [D] [thread 1745] [15.0] [cxt 0] Action entry is NoAction - 
[15:05:14.121] [bmv2] [T] [thread 1745] [15.0] [cxt 0] Action NoAction
[15:05:14.121] [bmv2] [D] [thread 1745] [15.0] [cxt 0] Pipeline 'ingress': end
[15:05:14.121] [bmv2] [D] [thread 1745] [15.0] [cxt 0] Egress port is 0
[15:05:14.121] [bmv2] [D] [thread 1745] [16.0] [cxt 0] Processing packet received on port 3
[15:05:14.121] [bmv2] [D] [thread 1745] [16.0] [cxt 0] Parser 'parser': start
[15:05:14.121] [bmv2] [D] [thread 1745] [16.0] [cxt 0] Parser 'parser' entering state 'start'
[15:05:14.121] [bmv2] [D] [thread 1745] [16.0] [cxt 0] Parser state 'start' has no switch, going to default next state
[15:05:14.121] [bmv2] [T] [thread 1745] [16.0] [cxt 0] Bytes parsed: 0
[15:05:14.121] [bmv2] [D] [thread 1745] [16.0] [cxt 0] Parser 'parser': end
[15:05:14.121] [bmv2] [D] [thread 1745] [16.0] [cxt 0] Pipeline 'ingress': start
[15:05:14.121] [bmv2] [T] [thread 1745] [16.0] [cxt 0] Applying table 'MyIngress.ipv4_lpm'
[15:05:14.121] [bmv2] [D] [thread 1745] [16.0] [cxt 0] Looking up key:
* hdr.ipv4.dstAddr    : 00000000

[15:05:14.121] [bmv2] [D] [thread 1745] [16.0] [cxt 0] Table 'MyIngress.ipv4_lpm': miss
[15:05:14.121] [bmv2] [D] [thread 1745] [16.0] [cxt 0] Action entry is NoAction - 
[15:05:14.121] [bmv2] [T] [thread 1745] [16.0] [cxt 0] Action NoAction
[15:05:14.121] [bmv2] [D] [thread 1745] [16.0] [cxt 0] Pipeline 'ingress': end
[15:05:14.121] [bmv2] [D] [thread 1745] [16.0] [cxt 0] Egress port is 0
[15:05:14.121] [bmv2] [D] [thread 1746] [15.0] [cxt 0] Pipeline 'egress': start
[15:05:14.121] [bmv2] [D] [thread 1746] [15.0] [cxt 0] Pipeline 'egress': end
[15:05:14.121] [bmv2] [D] [thread 1746] [15.0] [cxt 0] Deparser 'deparser': start
[15:05:14.121] [bmv2] [T] [thread 1746] [15.0] [cxt 0] Skipping checksum 'cksum' update because condition not met
[15:05:14.121] [bmv2] [D] [thread 1746] [15.0] [cxt 0] Deparser 'deparser': end
[15:05:14.121] [bmv2] [D] [thread 1746] [16.0] [cxt 0] Pipeline 'egress': start
[15:05:14.121] [bmv2] [D] [thread 1746] [16.0] [cxt 0] Pipeline 'egress': end
[15:05:14.121] [bmv2] [D] [thread 1746] [16.0] [cxt 0] Deparser 'deparser': start
[15:05:14.121] [bmv2] [T] [thread 1746] [16.0] [cxt 0] Skipping checksum 'cksum' update because condition not met
[15:05:14.121] [bmv2] [D] [thread 1746] [16.0] [cxt 0] Deparser 'deparser': end
[15:05:14.122] [bmv2] [D] [thread 1750] [15.0] [cxt 0] Transmitting packet of size 90 out of port 0
[15:05:14.122] [bmv2] [D] [thread 1750] [16.0] [cxt 0] Transmitting packet of size 70 out of port 0
[15:05:14.148] [bmv2] [D] [thread 1745] [17.0] [cxt 0] Processing packet received on port 4
[15:05:14.148] [bmv2] [D] [thread 1745] [17.0] [cxt 0] Parser 'parser': start
[15:05:14.148] [bmv2] [D] [thread 1745] [17.0] [cxt 0] Parser 'parser' entering state 'start'
[15:05:14.148] [bmv2] [D] [thread 1745] [17.0] [cxt 0] Parser state 'start' has no switch, going to default next state
[15:05:14.148] [bmv2] [T] [thread 1745] [17.0] [cxt 0] Bytes parsed: 0
[15:05:14.148] [bmv2] [D] [thread 1745] [17.0] [cxt 0] Parser 'parser': end
[15:05:14.148] [bmv2] [D] [thread 1745] [17.0] [cxt 0] Pipeline 'ingress': start
[15:05:14.148] [bmv2] [T] [thread 1745] [17.0] [cxt 0] Applying table 'MyIngress.ipv4_lpm'
[15:05:14.148] [bmv2] [D] [thread 1745] [17.0] [cxt 0] Looking up key:
* hdr.ipv4.dstAddr    : 00000000

[15:05:14.148] [bmv2] [D] [thread 1745] [17.0] [cxt 0] Table 'MyIngress.ipv4_lpm': miss
[15:05:14.148] [bmv2] [D] [thread 1745] [17.0] [cxt 0] Action entry is NoAction - 
[15:05:14.148] [bmv2] [T] [thread 1745] [17.0] [cxt 0] Action NoAction
[15:05:14.148] [bmv2] [D] [thread 1745] [17.0] [cxt 0] Pipeline 'ingress': end
[15:05:14.148] [bmv2] [D] [thread 1745] [17.0] [cxt 0] Egress port is 0
[15:05:14.149] [bmv2] [D] [thread 1746] [17.0] [cxt 0] Pipeline 'egress': start
[15:05:14.149] [bmv2] [D] [thread 1746] [17.0] [cxt 0] Pipeline 'egress': end
[15:05:14.149] [bmv2] [D] [thread 1746] [17.0] [cxt 0] Deparser 'deparser': start
[15:05:14.149] [bmv2] [T] [thread 1746] [17.0] [cxt 0] Skipping checksum 'cksum' update because condition not met
[15:05:14.149] [bmv2] [D] [thread 1746] [17.0] [cxt 0] Deparser 'deparser': end
[15:05:14.149] [bmv2] [D] [thread 1750] [17.0] [cxt 0] Transmitting packet of size 90 out of port 0
[15:05:14.315] [bmv2] [D] [thread 1745] [18.0] [cxt 0] Processing packet received on port 4
[15:05:14.315] [bmv2] [D] [thread 1745] [18.0] [cxt 0] Parser 'parser': start
[15:05:14.315] [bmv2] [D] [thread 1745] [18.0] [cxt 0] Parser 'parser' entering state 'start'
[15:05:14.315] [bmv2] [D] [thread 1745] [18.0] [cxt 0] Parser state 'start' has no switch, going to default next state
[15:05:14.315] [bmv2] [T] [thread 1745] [18.0] [cxt 0] Bytes parsed: 0
[15:05:14.315] [bmv2] [D] [thread 1745] [18.0] [cxt 0] Parser 'parser': end
[15:05:14.315] [bmv2] [D] [thread 1745] [18.0] [cxt 0] Pipeline 'ingress': start
[15:05:14.315] [bmv2] [T] [thread 1745] [18.0] [cxt 0] Applying table 'MyIngress.ipv4_lpm'
[15:05:14.315] [bmv2] [D] [thread 1745] [18.0] [cxt 0] Looking up key:
* hdr.ipv4.dstAddr    : 00000000

[15:05:14.315] [bmv2] [D] [thread 1745] [18.0] [cxt 0] Table 'MyIngress.ipv4_lpm': miss
[15:05:14.315] [bmv2] [D] [thread 1745] [18.0] [cxt 0] Action entry is NoAction - 
[15:05:14.315] [bmv2] [T] [thread 1745] [18.0] [cxt 0] Action NoAction
[15:05:14.315] [bmv2] [D] [thread 1745] [18.0] [cxt 0] Pipeline 'ingress': end
[15:05:14.315] [bmv2] [D] [thread 1745] [18.0] [cxt 0] Egress port is 0
[15:05:14.315] [bmv2] [D] [thread 1745] [19.0] [cxt 0] Processing packet received on port 4
[15:05:14.315] [bmv2] [D] [thread 1745] [19.0] [cxt 0] Parser 'parser': start
[15:05:14.315] [bmv2] [D] [thread 1745] [19.0] [cxt 0] Parser 'parser' entering state 'start'
[15:05:14.316] [bmv2] [D] [thread 1745] [19.0] [cxt 0] Parser state 'start' has no switch, going to default next state
[15:05:14.316] [bmv2] [T] [thread 1745] [19.0] [cxt 0] Bytes parsed: 0
[15:05:14.316] [bmv2] [D] [thread 1745] [19.0] [cxt 0] Parser 'parser': end
[15:05:14.316] [bmv2] [D] [thread 1745] [19.0] [cxt 0] Pipeline 'ingress': start
[15:05:14.316] [bmv2] [T] [thread 1745] [19.0] [cxt 0] Applying table 'MyIngress.ipv4_lpm'
[15:05:14.316] [bmv2] [D] [thread 1745] [19.0] [cxt 0] Looking up key:
* hdr.ipv4.dstAddr    : 00000000

[15:05:14.316] [bmv2] [D] [thread 1745] [19.0] [cxt 0] Table 'MyIngress.ipv4_lpm': miss
[15:05:14.316] [bmv2] [D] [thread 1745] [19.0] [cxt 0] Action entry is NoAction - 
[15:05:14.316] [bmv2] [T] [thread 1745] [19.0] [cxt 0] Action NoAction
[15:05:14.316] [bmv2] [D] [thread 1745] [19.0] [cxt 0] Pipeline 'ingress': end
[15:05:14.316] [bmv2] [D] [thread 1745] [19.0] [cxt 0] Egress port is 0
[15:05:14.316] [bmv2] [D] [thread 1746] [18.0] [cxt 0] Pipeline 'egress': start
[15:05:14.316] [bmv2] [D] [thread 1746] [18.0] [cxt 0] Pipeline 'egress': end
[15:05:14.316] [bmv2] [D] [thread 1746] [18.0] [cxt 0] Deparser 'deparser': start
[15:05:14.316] [bmv2] [T] [thread 1746] [18.0] [cxt 0] Skipping checksum 'cksum' update because condition not met
[15:05:14.316] [bmv2] [D] [thread 1746] [18.0] [cxt 0] Deparser 'deparser': end
[15:05:14.316] [bmv2] [D] [thread 1746] [19.0] [cxt 0] Pipeline 'egress': start
[15:05:14.316] [bmv2] [D] [thread 1746] [19.0] [cxt 0] Pipeline 'egress': end
[15:05:14.317] [bmv2] [D] [thread 1746] [19.0] [cxt 0] Deparser 'deparser': start
[15:05:14.317] [bmv2] [T] [thread 1746] [19.0] [cxt 0] Skipping checksum 'cksum' update because condition not met
[15:05:14.317] [bmv2] [D] [thread 1746] [19.0] [cxt 0] Deparser 'deparser': end
[15:05:14.317] [bmv2] [D] [thread 1750] [18.0] [cxt 0] Transmitting packet of size 90 out of port 0
[15:05:14.317] [bmv2] [D] [thread 1750] [19.0] [cxt 0] Transmitting packet of size 70 out of port 0
[15:05:14.377] [bmv2] [D] [thread 1745] [20.0] [cxt 0] Processing packet received on port 3
[15:05:14.377] [bmv2] [D] [thread 1745] [20.0] [cxt 0] Parser 'parser': start
[15:05:14.377] [bmv2] [D] [thread 1745] [20.0] [cxt 0] Parser 'parser' entering state 'start'
[15:05:14.377] [bmv2] [D] [thread 1745] [20.0] [cxt 0] Parser state 'start' has no switch, going to default next state
[15:05:14.377] [bmv2] [T] [thread 1745] [20.0] [cxt 0] Bytes parsed: 0
[15:05:14.377] [bmv2] [D] [thread 1745] [20.0] [cxt 0] Parser 'parser': end
[15:05:14.377] [bmv2] [D] [thread 1745] [20.0] [cxt 0] Pipeline 'ingress': start
[15:05:14.377] [bmv2] [T] [thread 1745] [20.0] [cxt 0] Applying table 'MyIngress.ipv4_lpm'
[15:05:14.377] [bmv2] [D] [thread 1745] [20.0] [cxt 0] Looking up key:
* hdr.ipv4.dstAddr    : 00000000

[15:05:14.377] [bmv2] [D] [thread 1745] [20.0] [cxt 0] Table 'MyIngress.ipv4_lpm': miss
[15:05:14.377] [bmv2] [D] [thread 1745] [20.0] [cxt 0] Action entry is NoAction - 
[15:05:14.377] [bmv2] [T] [thread 1745] [20.0] [cxt 0] Action NoAction
[15:05:14.377] [bmv2] [D] [thread 1745] [20.0] [cxt 0] Pipeline 'ingress': end
[15:05:14.377] [bmv2] [D] [thread 1745] [20.0] [cxt 0] Egress port is 0
[15:05:14.377] [bmv2] [D] [thread 1746] [20.0] [cxt 0] Pipeline 'egress': start
[15:05:14.377] [bmv2] [D] [thread 1746] [20.0] [cxt 0] Pipeline 'egress': end
[15:05:14.377] [bmv2] [D] [thread 1746] [20.0] [cxt 0] Deparser 'deparser': start
[15:05:14.377] [bmv2] [T] [thread 1746] [20.0] [cxt 0] Skipping checksum 'cksum' update because condition not met
[15:05:14.377] [bmv2] [D] [thread 1746] [20.0] [cxt 0] Deparser 'deparser': end
[15:05:14.377] [bmv2] [D] [thread 1750] [20.0] [cxt 0] Transmitting packet of size 90 out of port 0
[15:05:14.631] [bmv2] [D] [thread 1745] [21.0] [cxt 0] Processing packet received on port 3
[15:05:14.631] [bmv2] [D] [thread 1745] [21.0] [cxt 0] Parser 'parser': start
[15:05:14.631] [bmv2] [D] [thread 1745] [21.0] [cxt 0] Parser 'parser' entering state 'start'
[15:05:14.631] [bmv2] [D] [thread 1745] [21.0] [cxt 0] Parser state 'start' has no switch, going to default next state
[15:05:14.631] [bmv2] [T] [thread 1745] [21.0] [cxt 0] Bytes parsed: 0
[15:05:14.631] [bmv2] [D] [thread 1745] [21.0] [cxt 0] Parser 'parser': end
[15:05:14.631] [bmv2] [D] [thread 1745] [21.0] [cxt 0] Pipeline 'ingress': start
[15:05:14.631] [bmv2] [T] [thread 1745] [21.0] [cxt 0] Applying table 'MyIngress.ipv4_lpm'
[15:05:14.631] [bmv2] [D] [thread 1745] [21.0] [cxt 0] Looking up key:
* hdr.ipv4.dstAddr    : 00000000

[15:05:14.631] [bmv2] [D] [thread 1745] [21.0] [cxt 0] Table 'MyIngress.ipv4_lpm': miss
[15:05:14.631] [bmv2] [D] [thread 1745] [21.0] [cxt 0] Action entry is NoAction - 
[15:05:14.631] [bmv2] [T] [thread 1745] [21.0] [cxt 0] Action NoAction
[15:05:14.631] [bmv2] [D] [thread 1745] [21.0] [cxt 0] Pipeline 'ingress': end
[15:05:14.631] [bmv2] [D] [thread 1745] [21.0] [cxt 0] Egress port is 0
[15:05:14.631] [bmv2] [D] [thread 1746] [21.0] [cxt 0] Pipeline 'egress': start
[15:05:14.631] [bmv2] [D] [thread 1746] [21.0] [cxt 0] Pipeline 'egress': end
[15:05:14.631] [bmv2] [D] [thread 1746] [21.0] [cxt 0] Deparser 'deparser': start
[15:05:14.631] [bmv2] [T] [thread 1746] [21.0] [cxt 0] Skipping checksum 'cksum' update because condition not met
[15:05:14.631] [bmv2] [D] [thread 1746] [21.0] [cxt 0] Deparser 'deparser': end
[15:05:14.632] [bmv2] [D] [thread 1750] [21.0] [cxt 0] Transmitting packet of size 90 out of port 0
[15:05:15.274] [bmv2] [D] [thread 1745] [22.0] [cxt 0] Processing packet received on port 4
[15:05:15.274] [bmv2] [D] [thread 1745] [22.0] [cxt 0] Parser 'parser': start
[15:05:15.274] [bmv2] [D] [thread 1745] [22.0] [cxt 0] Parser 'parser' entering state 'start'
[15:05:15.274] [bmv2] [D] [thread 1745] [22.0] [cxt 0] Parser state 'start' has no switch, going to default next state
[15:05:15.274] [bmv2] [T] [thread 1745] [22.0] [cxt 0] Bytes parsed: 0
[15:05:15.274] [bmv2] [D] [thread 1745] [22.0] [cxt 0] Parser 'parser': end
[15:05:15.274] [bmv2] [D] [thread 1745] [22.0] [cxt 0] Pipeline 'ingress': start
[15:05:15.274] [bmv2] [T] [thread 1745] [22.0] [cxt 0] Applying table 'MyIngress.ipv4_lpm'
[15:05:15.274] [bmv2] [D] [thread 1745] [22.0] [cxt 0] Looking up key:
* hdr.ipv4.dstAddr    : 00000000

[15:05:15.274] [bmv2] [D] [thread 1745] [22.0] [cxt 0] Table 'MyIngress.ipv4_lpm': miss
[15:05:15.274] [bmv2] [D] [thread 1745] [22.0] [cxt 0] Action entry is NoAction - 
[15:05:15.274] [bmv2] [T] [thread 1745] [22.0] [cxt 0] Action NoAction
[15:05:15.274] [bmv2] [D] [thread 1745] [22.0] [cxt 0] Pipeline 'ingress': end
[15:05:15.274] [bmv2] [D] [thread 1745] [22.0] [cxt 0] Egress port is 0
[15:05:15.274] [bmv2] [D] [thread 1746] [22.0] [cxt 0] Pipeline 'egress': start
[15:05:15.274] [bmv2] [D] [thread 1746] [22.0] [cxt 0] Pipeline 'egress': end
[15:05:15.274] [bmv2] [D] [thread 1746] [22.0] [cxt 0] Deparser 'deparser': start
[15:05:15.274] [bmv2] [T] [thread 1746] [22.0] [cxt 0] Skipping checksum 'cksum' update because condition not met
[15:05:15.274] [bmv2] [D] [thread 1746] [22.0] [cxt 0] Deparser 'deparser': end
[15:05:15.274] [bmv2] [D] [thread 1750] [22.0] [cxt 0] Transmitting packet of size 90 out of port 0
[15:05:16.113] [bmv2] [W] [thread 1819] [P4Runtime] p4::tmp::P4DeviceConfig is deprecated
[15:05:16.114] [bmv2] [D] [thread 1819] Set default default entry for table 'MyIngress.ipv4_lpm': NoAction - 
[15:05:16.117] [bmv2] [D] [thread 1819] simple_switch target has been notified of a config swap
[15:05:16.119] [bmv2] [D] [thread 1820] Set default entry for table 'MyIngress.ipv4_lpm': MyIngress.drop - 
[15:05:16.119] [bmv2] [D] [thread 1819] Entry 0 added to table 'MyIngress.ipv4_lpm'
[15:05:16.119] [bmv2] [D] [thread 1819] Dumping entry 0
Match key:
* hdr.ipv4.dstAddr    : LPM       0a000101/32
Action entry: MyIngress.ipv4_forward - 80000000111,1,

[15:05:16.120] [bmv2] [D] [thread 1820] Entry 1 added to table 'MyIngress.ipv4_lpm'
[15:05:16.120] [bmv2] [D] [thread 1820] Dumping entry 1
Match key:
* hdr.ipv4.dstAddr    : LPM       0a000202/32
Action entry: MyIngress.ipv4_forward - 80000000222,2,

[15:05:16.121] [bmv2] [D] [thread 1819] Entry 2 added to table 'MyIngress.ipv4_lpm'
[15:05:16.121] [bmv2] [D] [thread 1819] Dumping entry 2
Match key:
* hdr.ipv4.dstAddr    : LPM       0a000303/32
Action entry: MyIngress.ipv4_forward - 80000000300,3,

[15:05:16.122] [bmv2] [D] [thread 1820] Entry 3 added to table 'MyIngress.ipv4_lpm'
[15:05:16.122] [bmv2] [D] [thread 1820] Dumping entry 3
Match key:
* hdr.ipv4.dstAddr    : LPM       0a000404/32
Action entry: MyIngress.ipv4_forward - 80000000400,4,

[15:05:17.413] [bmv2] [D] [thread 1745] [23.0] [cxt 0] Processing packet received on port 3
[15:05:17.413] [bmv2] [D] [thread 1745] [23.0] [cxt 0] Parser 'parser': start
[15:05:17.413] [bmv2] [D] [thread 1745] [23.0] [cxt 0] Parser 'parser' entering state 'start'
[15:05:17.413] [bmv2] [D] [thread 1745] [23.0] [cxt 0] Parser state 'start' has no switch, going to default next state
[15:05:17.413] [bmv2] [T] [thread 1745] [23.0] [cxt 0] Bytes parsed: 0
[15:05:17.413] [bmv2] [D] [thread 1745] [23.0] [cxt 0] Parser 'parser': end
[15:05:17.413] [bmv2] [D] [thread 1745] [23.0] [cxt 0] Pipeline 'ingress': start
[15:05:17.413] [bmv2] [T] [thread 1745] [23.0] [cxt 0] Applying table 'MyIngress.ipv4_lpm'
[15:05:17.413] [bmv2] [D] [thread 1745] [23.0] [cxt 0] Looking up key:
* hdr.ipv4.dstAddr    : 00000000

[15:05:17.413] [bmv2] [D] [thread 1745] [23.0] [cxt 0] Table 'MyIngress.ipv4_lpm': miss
[15:05:17.413] [bmv2] [D] [thread 1745] [23.0] [cxt 0] Action entry is MyIngress.drop - 
[15:05:17.413] [bmv2] [T] [thread 1745] [23.0] [cxt 0] Action MyIngress.drop
[15:05:17.413] [bmv2] [T] [thread 1745] [23.0] [cxt 0] basic.p4(78) Primitive mark_to_drop(standard_metadata)
[15:05:17.413] [bmv2] [D] [thread 1745] [23.0] [cxt 0] Pipeline 'ingress': end
[15:05:17.413] [bmv2] [D] [thread 1745] [23.0] [cxt 0] Egress port is 511
[15:05:17.413] [bmv2] [D] [thread 1745] [23.0] [cxt 0] Dropping packet at the end of ingress
[15:05:17.670] [bmv2] [D] [thread 1745] [24.0] [cxt 0] Processing packet received on port 1
[15:05:17.670] [bmv2] [D] [thread 1745] [24.0] [cxt 0] Parser 'parser': start
[15:05:17.670] [bmv2] [D] [thread 1745] [24.0] [cxt 0] Parser 'parser' entering state 'start'
[15:05:17.670] [bmv2] [D] [thread 1745] [24.0] [cxt 0] Parser state 'start' has no switch, going to default next state
[15:05:17.670] [bmv2] [T] [thread 1745] [24.0] [cxt 0] Bytes parsed: 0
[15:05:17.670] [bmv2] [D] [thread 1745] [24.0] [cxt 0] Parser 'parser': end
[15:05:17.670] [bmv2] [D] [thread 1745] [24.0] [cxt 0] Pipeline 'ingress': start
[15:05:17.670] [bmv2] [T] [thread 1745] [24.0] [cxt 0] Applying table 'MyIngress.ipv4_lpm'
[15:05:17.670] [bmv2] [D] [thread 1745] [24.0] [cxt 0] Looking up key:
* hdr.ipv4.dstAddr    : 00000000

[15:05:17.670] [bmv2] [D] [thread 1745] [24.0] [cxt 0] Table 'MyIngress.ipv4_lpm': miss
[15:05:17.670] [bmv2] [D] [thread 1745] [24.0] [cxt 0] Action entry is MyIngress.drop - 
[15:05:17.670] [bmv2] [T] [thread 1745] [24.0] [cxt 0] Action MyIngress.drop
[15:05:17.670] [bmv2] [T] [thread 1745] [24.0] [cxt 0] basic.p4(78) Primitive mark_to_drop(standard_metadata)
[15:05:17.670] [bmv2] [D] [thread 1745] [24.0] [cxt 0] Pipeline 'ingress': end
[15:05:17.670] [bmv2] [D] [thread 1745] [24.0] [cxt 0] Egress port is 511
[15:05:17.670] [bmv2] [D] [thread 1745] [24.0] [cxt 0] Dropping packet at the end of ingress
[15:05:17.928] [bmv2] [D] [thread 1745] [25.0] [cxt 0] Processing packet received on port 3
[15:05:17.928] [bmv2] [D] [thread 1745] [25.0] [cxt 0] Parser 'parser': start
[15:05:17.928] [bmv2] [D] [thread 1745] [25.0] [cxt 0] Parser 'parser' entering state 'start'
[15:05:17.928] [bmv2] [D] [thread 1745] [25.0] [cxt 0] Parser state 'start' has no switch, going to default next state
[15:05:17.928] [bmv2] [T] [thread 1745] [25.0] [cxt 0] Bytes parsed: 0
[15:05:17.928] [bmv2] [D] [thread 1745] [25.0] [cxt 0] Parser 'parser': end
[15:05:17.928] [bmv2] [D] [thread 1745] [25.0] [cxt 0] Pipeline 'ingress': start
[15:05:17.928] [bmv2] [T] [thread 1745] [25.0] [cxt 0] Applying table 'MyIngress.ipv4_lpm'
[15:05:17.929] [bmv2] [D] [thread 1745] [25.0] [cxt 0] Looking up key:
* hdr.ipv4.dstAddr    : 00000000

[15:05:17.929] [bmv2] [D] [thread 1745] [25.0] [cxt 0] Table 'MyIngress.ipv4_lpm': miss
[15:05:17.929] [bmv2] [D] [thread 1745] [25.0] [cxt 0] Action entry is MyIngress.drop - 
[15:05:17.929] [bmv2] [T] [thread 1745] [25.0] [cxt 0] Action MyIngress.drop
[15:05:17.929] [bmv2] [T] [thread 1745] [25.0] [cxt 0] basic.p4(78) Primitive mark_to_drop(standard_metadata)
[15:05:17.929] [bmv2] [D] [thread 1745] [25.0] [cxt 0] Pipeline 'ingress': end
[15:05:17.929] [bmv2] [D] [thread 1745] [25.0] [cxt 0] Egress port is 511
[15:05:17.929] [bmv2] [D] [thread 1745] [25.0] [cxt 0] Dropping packet at the end of ingress
[15:05:18.181] [bmv2] [D] [thread 1745] [26.0] [cxt 0] Processing packet received on port 2
[15:05:18.181] [bmv2] [D] [thread 1745] [26.0] [cxt 0] Parser 'parser': start
[15:05:18.181] [bmv2] [D] [thread 1745] [26.0] [cxt 0] Parser 'parser' entering state 'start'
[15:05:18.181] [bmv2] [D] [thread 1745] [26.0] [cxt 0] Parser state 'start' has no switch, going to default next state
[15:05:18.181] [bmv2] [T] [thread 1745] [26.0] [cxt 0] Bytes parsed: 0
[15:05:18.181] [bmv2] [D] [thread 1745] [26.0] [cxt 0] Parser 'parser': end
[15:05:18.181] [bmv2] [D] [thread 1745] [26.0] [cxt 0] Pipeline 'ingress': start
[15:05:18.181] [bmv2] [T] [thread 1745] [26.0] [cxt 0] Applying table 'MyIngress.ipv4_lpm'
[15:05:18.181] [bmv2] [D] [thread 1745] [26.0] [cxt 0] Looking up key:
* hdr.ipv4.dstAddr    : 00000000

[15:05:18.181] [bmv2] [D] [thread 1745] [26.0] [cxt 0] Table 'MyIngress.ipv4_lpm': miss
[15:05:18.181] [bmv2] [D] [thread 1745] [26.0] [cxt 0] Action entry is MyIngress.drop - 
[15:05:18.181] [bmv2] [T] [thread 1745] [26.0] [cxt 0] Action MyIngress.drop
[15:05:18.181] [bmv2] [T] [thread 1745] [26.0] [cxt 0] basic.p4(78) Primitive mark_to_drop(standard_metadata)
[15:05:18.181] [bmv2] [D] [thread 1745] [26.0] [cxt 0] Pipeline 'ingress': end
[15:05:18.181] [bmv2] [D] [thread 1745] [26.0] [cxt 0] Egress port is 511
[15:05:18.181] [bmv2] [D] [thread 1745] [26.0] [cxt 0] Dropping packet at the end of ingress
[15:05:18.185] [bmv2] [D] [thread 1745] [27.0] [cxt 0] Processing packet received on port 4
[15:05:18.185] [bmv2] [D] [thread 1745] [27.0] [cxt 0] Parser 'parser': start
[15:05:18.185] [bmv2] [D] [thread 1745] [27.0] [cxt 0] Parser 'parser' entering state 'start'
[15:05:18.185] [bmv2] [D] [thread 1745] [27.0] [cxt 0] Parser state 'start' has no switch, going to default next state
[15:05:18.185] [bmv2] [T] [thread 1745] [27.0] [cxt 0] Bytes parsed: 0
[15:05:18.185] [bmv2] [D] [thread 1745] [27.0] [cxt 0] Parser 'parser': end
[15:05:18.185] [bmv2] [D] [thread 1745] [27.0] [cxt 0] Pipeline 'ingress': start
[15:05:18.185] [bmv2] [T] [thread 1745] [27.0] [cxt 0] Applying table 'MyIngress.ipv4_lpm'
[15:05:18.185] [bmv2] [D] [thread 1745] [27.0] [cxt 0] Looking up key:
* hdr.ipv4.dstAddr    : 00000000

[15:05:18.185] [bmv2] [D] [thread 1745] [27.0] [cxt 0] Table 'MyIngress.ipv4_lpm': miss
[15:05:18.185] [bmv2] [D] [thread 1745] [27.0] [cxt 0] Action entry is MyIngress.drop - 
[15:05:18.185] [bmv2] [T] [thread 1745] [27.0] [cxt 0] Action MyIngress.drop
[15:05:18.185] [bmv2] [T] [thread 1745] [27.0] [cxt 0] basic.p4(78) Primitive mark_to_drop(standard_metadata)
[15:05:18.185] [bmv2] [D] [thread 1745] [27.0] [cxt 0] Pipeline 'ingress': end
[15:05:18.185] [bmv2] [D] [thread 1745] [27.0] [cxt 0] Egress port is 511
[15:05:18.185] [bmv2] [D] [thread 1745] [27.0] [cxt 0] Dropping packet at the end of ingress
[15:05:18.698] [bmv2] [D] [thread 1745] [28.0] [cxt 0] Processing packet received on port 4
[15:05:18.698] [bmv2] [D] [thread 1745] [28.0] [cxt 0] Parser 'parser': start
[15:05:18.698] [bmv2] [D] [thread 1745] [28.0] [cxt 0] Parser 'parser' entering state 'start'
[15:05:18.698] [bmv2] [D] [thread 1745] [28.0] [cxt 0] Parser state 'start' has no switch, going to default next state
[15:05:18.698] [bmv2] [T] [thread 1745] [28.0] [cxt 0] Bytes parsed: 0
[15:05:18.698] [bmv2] [D] [thread 1745] [28.0] [cxt 0] Parser 'parser': end
[15:05:18.698] [bmv2] [D] [thread 1745] [28.0] [cxt 0] Pipeline 'ingress': start
[15:05:18.698] [bmv2] [T] [thread 1745] [28.0] [cxt 0] Applying table 'MyIngress.ipv4_lpm'
[15:05:18.698] [bmv2] [D] [thread 1745] [28.0] [cxt 0] Looking up key:
* hdr.ipv4.dstAddr    : 00000000

[15:05:18.698] [bmv2] [D] [thread 1745] [28.0] [cxt 0] Table 'MyIngress.ipv4_lpm': miss
[15:05:18.698] [bmv2] [D] [thread 1745] [28.0] [cxt 0] Action entry is MyIngress.drop - 
[15:05:18.698] [bmv2] [T] [thread 1745] [28.0] [cxt 0] Action MyIngress.drop
[15:05:18.698] [bmv2] [T] [thread 1745] [28.0] [cxt 0] basic.p4(78) Primitive mark_to_drop(standard_metadata)
[15:05:18.698] [bmv2] [D] [thread 1745] [28.0] [cxt 0] Pipeline 'ingress': end
[15:05:18.698] [bmv2] [D] [thread 1745] [28.0] [cxt 0] Egress port is 511
[15:05:18.698] [bmv2] [D] [thread 1745] [28.0] [cxt 0] Dropping packet at the end of ingress
[15:05:24.838] [bmv2] [D] [thread 1745] [29.0] [cxt 0] Processing packet received on port 3
[15:05:24.838] [bmv2] [D] [thread 1745] [29.0] [cxt 0] Parser 'parser': start
[15:05:24.838] [bmv2] [D] [thread 1745] [29.0] [cxt 0] Parser 'parser' entering state 'start'
[15:05:24.838] [bmv2] [D] [thread 1745] [29.0] [cxt 0] Parser state 'start' has no switch, going to default next state
[15:05:24.838] [bmv2] [T] [thread 1745] [29.0] [cxt 0] Bytes parsed: 0
[15:05:24.838] [bmv2] [D] [thread 1745] [29.0] [cxt 0] Parser 'parser': end
[15:05:24.838] [bmv2] [D] [thread 1745] [29.0] [cxt 0] Pipeline 'ingress': start
[15:05:24.838] [bmv2] [T] [thread 1745] [29.0] [cxt 0] Applying table 'MyIngress.ipv4_lpm'
[15:05:24.838] [bmv2] [D] [thread 1745] [29.0] [cxt 0] Looking up key:
* hdr.ipv4.dstAddr    : 00000000

[15:05:24.838] [bmv2] [D] [thread 1745] [29.0] [cxt 0] Table 'MyIngress.ipv4_lpm': miss
[15:05:24.838] [bmv2] [D] [thread 1745] [29.0] [cxt 0] Action entry is MyIngress.drop - 
[15:05:24.838] [bmv2] [T] [thread 1745] [29.0] [cxt 0] Action MyIngress.drop
[15:05:24.838] [bmv2] [T] [thread 1745] [29.0] [cxt 0] basic.p4(78) Primitive mark_to_drop(standard_metadata)
[15:05:24.838] [bmv2] [D] [thread 1745] [29.0] [cxt 0] Pipeline 'ingress': end
[15:05:24.838] [bmv2] [D] [thread 1745] [29.0] [cxt 0] Egress port is 511
[15:05:24.838] [bmv2] [D] [thread 1745] [29.0] [cxt 0] Dropping packet at the end of ingress
[15:05:25.094] [bmv2] [D] [thread 1745] [30.0] [cxt 0] Processing packet received on port 1
[15:05:25.094] [bmv2] [D] [thread 1745] [30.0] [cxt 0] Parser 'parser': start
[15:05:25.094] [bmv2] [D] [thread 1745] [30.0] [cxt 0] Parser 'parser' entering state 'start'
[15:05:25.094] [bmv2] [D] [thread 1745] [30.0] [cxt 0] Parser state 'start' has no switch, going to default next state
[15:05:25.094] [bmv2] [T] [thread 1745] [30.0] [cxt 0] Bytes parsed: 0
[15:05:25.094] [bmv2] [D] [thread 1745] [30.0] [cxt 0] Parser 'parser': end
[15:05:25.094] [bmv2] [D] [thread 1745] [30.0] [cxt 0] Pipeline 'ingress': start
[15:05:25.094] [bmv2] [T] [thread 1745] [30.0] [cxt 0] Applying table 'MyIngress.ipv4_lpm'
[15:05:25.094] [bmv2] [D] [thread 1745] [30.0] [cxt 0] Looking up key:
* hdr.ipv4.dstAddr    : 00000000

[15:05:25.094] [bmv2] [D] [thread 1745] [30.0] [cxt 0] Table 'MyIngress.ipv4_lpm': miss
[15:05:25.094] [bmv2] [D] [thread 1745] [30.0] [cxt 0] Action entry is MyIngress.drop - 
[15:05:25.094] [bmv2] [T] [thread 1745] [30.0] [cxt 0] Action MyIngress.drop
[15:05:25.094] [bmv2] [T] [thread 1745] [30.0] [cxt 0] basic.p4(78) Primitive mark_to_drop(standard_metadata)
[15:05:25.094] [bmv2] [D] [thread 1745] [30.0] [cxt 0] Pipeline 'ingress': end
[15:05:25.094] [bmv2] [D] [thread 1745] [30.0] [cxt 0] Egress port is 511
[15:05:25.094] [bmv2] [D] [thread 1745] [30.0] [cxt 0] Dropping packet at the end of ingress
[15:05:25.861] [bmv2] [D] [thread 1745] [31.0] [cxt 0] Processing packet received on port 3
[15:05:25.861] [bmv2] [D] [thread 1745] [31.0] [cxt 0] Parser 'parser': start
[15:05:25.861] [bmv2] [D] [thread 1745] [31.0] [cxt 0] Parser 'parser' entering state 'start'
[15:05:25.861] [bmv2] [D] [thread 1745] [31.0] [cxt 0] Parser state 'start' has no switch, going to default next state
[15:05:25.861] [bmv2] [T] [thread 1745] [31.0] [cxt 0] Bytes parsed: 0
[15:05:25.861] [bmv2] [D] [thread 1745] [31.0] [cxt 0] Parser 'parser': end
[15:05:25.861] [bmv2] [D] [thread 1745] [31.0] [cxt 0] Pipeline 'ingress': start
[15:05:25.861] [bmv2] [T] [thread 1745] [31.0] [cxt 0] Applying table 'MyIngress.ipv4_lpm'
[15:05:25.861] [bmv2] [D] [thread 1745] [31.0] [cxt 0] Looking up key:
* hdr.ipv4.dstAddr    : 00000000

[15:05:25.861] [bmv2] [D] [thread 1745] [31.0] [cxt 0] Table 'MyIngress.ipv4_lpm': miss
[15:05:25.861] [bmv2] [D] [thread 1745] [31.0] [cxt 0] Action entry is MyIngress.drop - 
[15:05:25.861] [bmv2] [T] [thread 1745] [31.0] [cxt 0] Action MyIngress.drop
[15:05:25.861] [bmv2] [T] [thread 1745] [31.0] [cxt 0] basic.p4(78) Primitive mark_to_drop(standard_metadata)
[15:05:25.861] [bmv2] [D] [thread 1745] [31.0] [cxt 0] Pipeline 'ingress': end
[15:05:25.861] [bmv2] [D] [thread 1745] [31.0] [cxt 0] Egress port is 511
[15:05:25.861] [bmv2] [D] [thread 1745] [31.0] [cxt 0] Dropping packet at the end of ingress
[15:05:26.886] [bmv2] [D] [thread 1745] [32.0] [cxt 0] Processing packet received on port 4
[15:05:26.886] [bmv2] [D] [thread 1745] [32.0] [cxt 0] Parser 'parser': start
[15:05:26.886] [bmv2] [D] [thread 1745] [32.0] [cxt 0] Parser 'parser' entering state 'start'
[15:05:26.886] [bmv2] [D] [thread 1745] [32.0] [cxt 0] Parser state 'start' has no switch, going to default next state
[15:05:26.886] [bmv2] [T] [thread 1745] [32.0] [cxt 0] Bytes parsed: 0
[15:05:26.886] [bmv2] [D] [thread 1745] [32.0] [cxt 0] Parser 'parser': end
[15:05:26.886] [bmv2] [D] [thread 1745] [32.0] [cxt 0] Pipeline 'ingress': start
[15:05:26.886] [bmv2] [T] [thread 1745] [32.0] [cxt 0] Applying table 'MyIngress.ipv4_lpm'
[15:05:26.886] [bmv2] [D] [thread 1745] [32.0] [cxt 0] Looking up key:
* hdr.ipv4.dstAddr    : 00000000

[15:05:26.886] [bmv2] [D] [thread 1745] [32.0] [cxt 0] Table 'MyIngress.ipv4_lpm': miss
[15:05:26.886] [bmv2] [D] [thread 1745] [32.0] [cxt 0] Action entry is MyIngress.drop - 
[15:05:26.886] [bmv2] [T] [thread 1745] [32.0] [cxt 0] Action MyIngress.drop
[15:05:26.886] [bmv2] [T] [thread 1745] [32.0] [cxt 0] basic.p4(78) Primitive mark_to_drop(standard_metadata)
[15:05:26.886] [bmv2] [D] [thread 1745] [32.0] [cxt 0] Pipeline 'ingress': end
[15:05:26.886] [bmv2] [D] [thread 1745] [32.0] [cxt 0] Egress port is 511
[15:05:26.886] [bmv2] [D] [thread 1745] [32.0] [cxt 0] Dropping packet at the end of ingress
[15:05:26.886] [bmv2] [D] [thread 1745] [33.0] [cxt 0] Processing packet received on port 4
[15:05:26.886] [bmv2] [D] [thread 1745] [33.0] [cxt 0] Parser 'parser': start
[15:05:26.886] [bmv2] [D] [thread 1745] [33.0] [cxt 0] Parser 'parser' entering state 'start'
[15:05:26.886] [bmv2] [D] [thread 1745] [33.0] [cxt 0] Parser state 'start' has no switch, going to default next state
[15:05:26.886] [bmv2] [T] [thread 1745] [33.0] [cxt 0] Bytes parsed: 0
[15:05:26.886] [bmv2] [D] [thread 1745] [33.0] [cxt 0] Parser 'parser': end
[15:05:26.886] [bmv2] [D] [thread 1745] [33.0] [cxt 0] Pipeline 'ingress': start
[15:05:26.886] [bmv2] [T] [thread 1745] [33.0] [cxt 0] Applying table 'MyIngress.ipv4_lpm'
[15:05:26.886] [bmv2] [D] [thread 1745] [33.0] [cxt 0] Looking up key:
* hdr.ipv4.dstAddr    : 00000000

[15:05:26.886] [bmv2] [D] [thread 1745] [33.0] [cxt 0] Table 'MyIngress.ipv4_lpm': miss
[15:05:26.886] [bmv2] [D] [thread 1745] [33.0] [cxt 0] Action entry is MyIngress.drop - 
[15:05:26.886] [bmv2] [T] [thread 1745] [33.0] [cxt 0] Action MyIngress.drop
[15:05:26.886] [bmv2] [T] [thread 1745] [33.0] [cxt 0] basic.p4(78) Primitive mark_to_drop(standard_metadata)
[15:05:26.886] [bmv2] [D] [thread 1745] [33.0] [cxt 0] Pipeline 'ingress': end
[15:05:26.886] [bmv2] [D] [thread 1745] [33.0] [cxt 0] Egress port is 511
[15:05:26.886] [bmv2] [D] [thread 1745] [33.0] [cxt 0] Dropping packet at the end of ingress
[15:05:27.142] [bmv2] [D] [thread 1745] [34.0] [cxt 0] Processing packet received on port 2
[15:05:27.142] [bmv2] [D] [thread 1745] [34.0] [cxt 0] Parser 'parser': start
[15:05:27.142] [bmv2] [D] [thread 1745] [34.0] [cxt 0] Parser 'parser' entering state 'start'
[15:05:27.142] [bmv2] [D] [thread 1745] [34.0] [cxt 0] Parser state 'start' has no switch, going to default next state
[15:05:27.142] [bmv2] [T] [thread 1745] [34.0] [cxt 0] Bytes parsed: 0
[15:05:27.142] [bmv2] [D] [thread 1745] [34.0] [cxt 0] Parser 'parser': end
[15:05:27.142] [bmv2] [D] [thread 1745] [34.0] [cxt 0] Pipeline 'ingress': start
[15:05:27.142] [bmv2] [T] [thread 1745] [34.0] [cxt 0] Applying table 'MyIngress.ipv4_lpm'
[15:05:27.142] [bmv2] [D] [thread 1745] [34.0] [cxt 0] Looking up key:
* hdr.ipv4.dstAddr    : 00000000

[15:05:27.142] [bmv2] [D] [thread 1745] [34.0] [cxt 0] Table 'MyIngress.ipv4_lpm': miss
[15:05:27.142] [bmv2] [D] [thread 1745] [34.0] [cxt 0] Action entry is MyIngress.drop - 
[15:05:27.142] [bmv2] [T] [thread 1745] [34.0] [cxt 0] Action MyIngress.drop
[15:05:27.142] [bmv2] [T] [thread 1745] [34.0] [cxt 0] basic.p4(78) Primitive mark_to_drop(standard_metadata)
[15:05:27.142] [bmv2] [D] [thread 1745] [34.0] [cxt 0] Pipeline 'ingress': end
[15:05:27.142] [bmv2] [D] [thread 1745] [34.0] [cxt 0] Egress port is 511
[15:05:27.142] [bmv2] [D] [thread 1745] [34.0] [cxt 0] Dropping packet at the end of ingress
[15:05:28.390] [bmv2] [D] [thread 1745] [35.0] [cxt 0] Processing packet received on port 1
[15:05:28.390] [bmv2] [D] [thread 1745] [35.0] [cxt 0] Parser 'parser': start
[15:05:28.390] [bmv2] [D] [thread 1745] [35.0] [cxt 0] Parser 'parser' entering state 'start'
[15:05:28.390] [bmv2] [D] [thread 1745] [35.0] [cxt 0] Parser state 'start' has no switch, going to default next state
[15:05:28.390] [bmv2] [T] [thread 1745] [35.0] [cxt 0] Bytes parsed: 0
[15:05:28.390] [bmv2] [D] [thread 1745] [35.0] [cxt 0] Parser 'parser': end
[15:05:28.390] [bmv2] [D] [thread 1745] [35.0] [cxt 0] Pipeline 'ingress': start
[15:05:28.390] [bmv2] [T] [thread 1745] [35.0] [cxt 0] Applying table 'MyIngress.ipv4_lpm'
[15:05:28.390] [bmv2] [D] [thread 1745] [35.0] [cxt 0] Looking up key:
* hdr.ipv4.dstAddr    : 00000000

[15:05:28.390] [bmv2] [D] [thread 1745] [35.0] [cxt 0] Table 'MyIngress.ipv4_lpm': miss
[15:05:28.390] [bmv2] [D] [thread 1745] [35.0] [cxt 0] Action entry is MyIngress.drop - 
[15:05:28.390] [bmv2] [T] [thread 1745] [35.0] [cxt 0] Action MyIngress.drop
[15:05:28.390] [bmv2] [T] [thread 1745] [35.0] [cxt 0] basic.p4(78) Primitive mark_to_drop(standard_metadata)
[15:05:28.390] [bmv2] [D] [thread 1745] [35.0] [cxt 0] Pipeline 'ingress': end
[15:05:28.390] [bmv2] [D] [thread 1745] [35.0] [cxt 0] Egress port is 511
[15:05:28.390] [bmv2] [D] [thread 1745] [35.0] [cxt 0] Dropping packet at the end of ingress
[15:05:29.424] [bmv2] [D] [thread 1745] [36.0] [cxt 0] Processing packet received on port 1
[15:05:29.424] [bmv2] [D] [thread 1745] [36.0] [cxt 0] Parser 'parser': start
[15:05:29.424] [bmv2] [D] [thread 1745] [36.0] [cxt 0] Parser 'parser' entering state 'start'
[15:05:29.424] [bmv2] [D] [thread 1745] [36.0] [cxt 0] Parser state 'start' has no switch, going to default next state
[15:05:29.424] [bmv2] [T] [thread 1745] [36.0] [cxt 0] Bytes parsed: 0
[15:05:29.424] [bmv2] [D] [thread 1745] [36.0] [cxt 0] Parser 'parser': end
[15:05:29.424] [bmv2] [D] [thread 1745] [36.0] [cxt 0] Pipeline 'ingress': start
[15:05:29.424] [bmv2] [T] [thread 1745] [36.0] [cxt 0] Applying table 'MyIngress.ipv4_lpm'
[15:05:29.424] [bmv2] [D] [thread 1745] [36.0] [cxt 0] Looking up key:
* hdr.ipv4.dstAddr    : 00000000

[15:05:29.425] [bmv2] [D] [thread 1745] [36.0] [cxt 0] Table 'MyIngress.ipv4_lpm': miss
[15:05:29.425] [bmv2] [D] [thread 1745] [36.0] [cxt 0] Action entry is MyIngress.drop - 
[15:05:29.425] [bmv2] [T] [thread 1745] [36.0] [cxt 0] Action MyIngress.drop
[15:05:29.425] [bmv2] [T] [thread 1745] [36.0] [cxt 0] basic.p4(78) Primitive mark_to_drop(standard_metadata)
[15:05:29.425] [bmv2] [D] [thread 1745] [36.0] [cxt 0] Pipeline 'ingress': end
[15:05:29.425] [bmv2] [D] [thread 1745] [36.0] [cxt 0] Egress port is 511
[15:05:29.425] [bmv2] [D] [thread 1745] [36.0] [cxt 0] Dropping packet at the end of ingress
[15:05:30.438] [bmv2] [D] [thread 1745] [37.0] [cxt 0] Processing packet received on port 1
[15:05:30.438] [bmv2] [D] [thread 1745] [37.0] [cxt 0] Parser 'parser': start
[15:05:30.438] [bmv2] [D] [thread 1745] [37.0] [cxt 0] Parser 'parser' entering state 'start'
[15:05:30.438] [bmv2] [D] [thread 1745] [37.0] [cxt 0] Parser state 'start' has no switch, going to default next state
[15:05:30.438] [bmv2] [T] [thread 1745] [37.0] [cxt 0] Bytes parsed: 0
[15:05:30.438] [bmv2] [D] [thread 1745] [37.0] [cxt 0] Parser 'parser': end
[15:05:30.438] [bmv2] [D] [thread 1745] [37.0] [cxt 0] Pipeline 'ingress': start
[15:05:30.438] [bmv2] [T] [thread 1745] [37.0] [cxt 0] Applying table 'MyIngress.ipv4_lpm'
[15:05:30.438] [bmv2] [D] [thread 1745] [37.0] [cxt 0] Looking up key:
* hdr.ipv4.dstAddr    : 00000000

[15:05:30.438] [bmv2] [D] [thread 1745] [37.0] [cxt 0] Table 'MyIngress.ipv4_lpm': miss
[15:05:30.438] [bmv2] [D] [thread 1745] [37.0] [cxt 0] Action entry is MyIngress.drop - 
[15:05:30.438] [bmv2] [T] [thread 1745] [37.0] [cxt 0] Action MyIngress.drop
[15:05:30.438] [bmv2] [T] [thread 1745] [37.0] [cxt 0] basic.p4(78) Primitive mark_to_drop(standard_metadata)
[15:05:30.438] [bmv2] [D] [thread 1745] [37.0] [cxt 0] Pipeline 'ingress': end
[15:05:30.438] [bmv2] [D] [thread 1745] [37.0] [cxt 0] Egress port is 511
[15:05:30.438] [bmv2] [D] [thread 1745] [37.0] [cxt 0] Dropping packet at the end of ingress
[15:05:31.463] [bmv2] [D] [thread 1745] [38.0] [cxt 0] Processing packet received on port 1
[15:05:31.463] [bmv2] [D] [thread 1745] [38.0] [cxt 0] Parser 'parser': start
[15:05:31.463] [bmv2] [D] [thread 1745] [38.0] [cxt 0] Parser 'parser' entering state 'start'
[15:05:31.463] [bmv2] [D] [thread 1745] [38.0] [cxt 0] Parser state 'start' has no switch, going to default next state
[15:05:31.463] [bmv2] [T] [thread 1745] [38.0] [cxt 0] Bytes parsed: 0
[15:05:31.463] [bmv2] [D] [thread 1745] [38.0] [cxt 0] Parser 'parser': end
[15:05:31.463] [bmv2] [D] [thread 1745] [38.0] [cxt 0] Pipeline 'ingress': start
[15:05:31.463] [bmv2] [T] [thread 1745] [38.0] [cxt 0] Applying table 'MyIngress.ipv4_lpm'
[15:05:31.463] [bmv2] [D] [thread 1745] [38.0] [cxt 0] Looking up key:
* hdr.ipv4.dstAddr    : 00000000

[15:05:31.463] [bmv2] [D] [thread 1745] [38.0] [cxt 0] Table 'MyIngress.ipv4_lpm': miss
[15:05:31.463] [bmv2] [D] [thread 1745] [38.0] [cxt 0] Action entry is MyIngress.drop - 
[15:05:31.463] [bmv2] [T] [thread 1745] [38.0] [cxt 0] Action MyIngress.drop
[15:05:31.463] [bmv2] [T] [thread 1745] [38.0] [cxt 0] basic.p4(78) Primitive mark_to_drop(standard_metadata)
[15:05:31.463] [bmv2] [D] [thread 1745] [38.0] [cxt 0] Pipeline 'ingress': end
[15:05:31.463] [bmv2] [D] [thread 1745] [38.0] [cxt 0] Egress port is 511
[15:05:31.463] [bmv2] [D] [thread 1745] [38.0] [cxt 0] Dropping packet at the end of ingress
[15:05:32.491] [bmv2] [D] [thread 1745] [39.0] [cxt 0] Processing packet received on port 1
[15:05:32.491] [bmv2] [D] [thread 1745] [39.0] [cxt 0] Parser 'parser': start
[15:05:32.491] [bmv2] [D] [thread 1745] [39.0] [cxt 0] Parser 'parser' entering state 'start'
[15:05:32.491] [bmv2] [D] [thread 1745] [39.0] [cxt 0] Parser state 'start' has no switch, going to default next state
[15:05:32.491] [bmv2] [T] [thread 1745] [39.0] [cxt 0] Bytes parsed: 0
[15:05:32.491] [bmv2] [D] [thread 1745] [39.0] [cxt 0] Parser 'parser': end
[15:05:32.491] [bmv2] [D] [thread 1745] [39.0] [cxt 0] Pipeline 'ingress': start
[15:05:32.491] [bmv2] [T] [thread 1745] [39.0] [cxt 0] Applying table 'MyIngress.ipv4_lpm'
[15:05:32.491] [bmv2] [D] [thread 1745] [39.0] [cxt 0] Looking up key:
* hdr.ipv4.dstAddr    : 00000000

[15:05:32.491] [bmv2] [D] [thread 1745] [39.0] [cxt 0] Table 'MyIngress.ipv4_lpm': miss
[15:05:32.491] [bmv2] [D] [thread 1745] [39.0] [cxt 0] Action entry is MyIngress.drop - 
[15:05:32.491] [bmv2] [T] [thread 1745] [39.0] [cxt 0] Action MyIngress.drop
[15:05:32.491] [bmv2] [T] [thread 1745] [39.0] [cxt 0] basic.p4(78) Primitive mark_to_drop(standard_metadata)
[15:05:32.491] [bmv2] [D] [thread 1745] [39.0] [cxt 0] Pipeline 'ingress': end
[15:05:32.491] [bmv2] [D] [thread 1745] [39.0] [cxt 0] Egress port is 511
[15:05:32.491] [bmv2] [D] [thread 1745] [39.0] [cxt 0] Dropping packet at the end of ingress
[15:05:33.511] [bmv2] [D] [thread 1745] [40.0] [cxt 0] Processing packet received on port 1
[15:05:33.511] [bmv2] [D] [thread 1745] [40.0] [cxt 0] Parser 'parser': start
[15:05:33.511] [bmv2] [D] [thread 1745] [40.0] [cxt 0] Parser 'parser' entering state 'start'
[15:05:33.511] [bmv2] [D] [thread 1745] [40.0] [cxt 0] Parser state 'start' has no switch, going to default next state
[15:05:33.511] [bmv2] [T] [thread 1745] [40.0] [cxt 0] Bytes parsed: 0
[15:05:33.511] [bmv2] [D] [thread 1745] [40.0] [cxt 0] Parser 'parser': end
[15:05:33.511] [bmv2] [D] [thread 1745] [40.0] [cxt 0] Pipeline 'ingress': start
[15:05:33.511] [bmv2] [T] [thread 1745] [40.0] [cxt 0] Applying table 'MyIngress.ipv4_lpm'
[15:05:33.511] [bmv2] [D] [thread 1745] [40.0] [cxt 0] Looking up key:
* hdr.ipv4.dstAddr    : 00000000

[15:05:33.511] [bmv2] [D] [thread 1745] [40.0] [cxt 0] Table 'MyIngress.ipv4_lpm': miss
[15:05:33.511] [bmv2] [D] [thread 1745] [40.0] [cxt 0] Action entry is MyIngress.drop - 
[15:05:33.511] [bmv2] [T] [thread 1745] [40.0] [cxt 0] Action MyIngress.drop
[15:05:33.511] [bmv2] [T] [thread 1745] [40.0] [cxt 0] basic.p4(78) Primitive mark_to_drop(standard_metadata)
[15:05:33.511] [bmv2] [D] [thread 1745] [40.0] [cxt 0] Pipeline 'ingress': end
[15:05:33.511] [bmv2] [D] [thread 1745] [40.0] [cxt 0] Egress port is 511
[15:05:33.511] [bmv2] [D] [thread 1745] [40.0] [cxt 0] Dropping packet at the end of ingress
[15:05:34.537] [bmv2] [D] [thread 1745] [41.0] [cxt 0] Processing packet received on port 1
[15:05:34.537] [bmv2] [D] [thread 1745] [41.0] [cxt 0] Parser 'parser': start
[15:05:34.537] [bmv2] [D] [thread 1745] [41.0] [cxt 0] Parser 'parser' entering state 'start'
[15:05:34.537] [bmv2] [D] [thread 1745] [41.0] [cxt 0] Parser state 'start' has no switch, going to default next state
[15:05:34.537] [bmv2] [T] [thread 1745] [41.0] [cxt 0] Bytes parsed: 0
[15:05:34.537] [bmv2] [D] [thread 1745] [41.0] [cxt 0] Parser 'parser': end
[15:05:34.537] [bmv2] [D] [thread 1745] [41.0] [cxt 0] Pipeline 'ingress': start
[15:05:34.537] [bmv2] [T] [thread 1745] [41.0] [cxt 0] Applying table 'MyIngress.ipv4_lpm'
[15:05:34.537] [bmv2] [D] [thread 1745] [41.0] [cxt 0] Looking up key:
* hdr.ipv4.dstAddr    : 00000000

[15:05:34.537] [bmv2] [D] [thread 1745] [41.0] [cxt 0] Table 'MyIngress.ipv4_lpm': miss
[15:05:34.537] [bmv2] [D] [thread 1745] [41.0] [cxt 0] Action entry is MyIngress.drop - 
[15:05:34.537] [bmv2] [T] [thread 1745] [41.0] [cxt 0] Action MyIngress.drop
[15:05:34.537] [bmv2] [T] [thread 1745] [41.0] [cxt 0] basic.p4(78) Primitive mark_to_drop(standard_metadata)
[15:05:34.537] [bmv2] [D] [thread 1745] [41.0] [cxt 0] Pipeline 'ingress': end
[15:05:34.537] [bmv2] [D] [thread 1745] [41.0] [cxt 0] Egress port is 511
[15:05:34.537] [bmv2] [D] [thread 1745] [41.0] [cxt 0] Dropping packet at the end of ingress
[15:05:35.557] [bmv2] [D] [thread 1745] [42.0] [cxt 0] Processing packet received on port 1
[15:05:35.557] [bmv2] [D] [thread 1745] [42.0] [cxt 0] Parser 'parser': start
[15:05:35.558] [bmv2] [D] [thread 1745] [42.0] [cxt 0] Parser 'parser' entering state 'start'
[15:05:35.558] [bmv2] [D] [thread 1745] [42.0] [cxt 0] Parser state 'start' has no switch, going to default next state
[15:05:35.558] [bmv2] [T] [thread 1745] [42.0] [cxt 0] Bytes parsed: 0
[15:05:35.558] [bmv2] [D] [thread 1745] [42.0] [cxt 0] Parser 'parser': end
[15:05:35.558] [bmv2] [D] [thread 1745] [42.0] [cxt 0] Pipeline 'ingress': start
[15:05:35.558] [bmv2] [T] [thread 1745] [42.0] [cxt 0] Applying table 'MyIngress.ipv4_lpm'
[15:05:35.558] [bmv2] [D] [thread 1745] [42.0] [cxt 0] Looking up key:
* hdr.ipv4.dstAddr    : 00000000

[15:05:35.558] [bmv2] [D] [thread 1745] [42.0] [cxt 0] Table 'MyIngress.ipv4_lpm': miss
[15:05:35.558] [bmv2] [D] [thread 1745] [42.0] [cxt 0] Action entry is MyIngress.drop - 
[15:05:35.558] [bmv2] [T] [thread 1745] [42.0] [cxt 0] Action MyIngress.drop
[15:05:35.558] [bmv2] [T] [thread 1745] [42.0] [cxt 0] basic.p4(78) Primitive mark_to_drop(standard_metadata)
[15:05:35.558] [bmv2] [D] [thread 1745] [42.0] [cxt 0] Pipeline 'ingress': end
[15:05:35.558] [bmv2] [D] [thread 1745] [42.0] [cxt 0] Egress port is 511
[15:05:35.558] [bmv2] [D] [thread 1745] [42.0] [cxt 0] Dropping packet at the end of ingress
[15:05:36.586] [bmv2] [D] [thread 1745] [43.0] [cxt 0] Processing packet received on port 1
[15:05:36.586] [bmv2] [D] [thread 1745] [43.0] [cxt 0] Parser 'parser': start
[15:05:36.586] [bmv2] [D] [thread 1745] [43.0] [cxt 0] Parser 'parser' entering state 'start'
[15:05:36.586] [bmv2] [D] [thread 1745] [43.0] [cxt 0] Parser state 'start' has no switch, going to default next state
[15:05:36.586] [bmv2] [T] [thread 1745] [43.0] [cxt 0] Bytes parsed: 0
[15:05:36.586] [bmv2] [D] [thread 1745] [43.0] [cxt 0] Parser 'parser': end
[15:05:36.586] [bmv2] [D] [thread 1745] [43.0] [cxt 0] Pipeline 'ingress': start
[15:05:36.586] [bmv2] [T] [thread 1745] [43.0] [cxt 0] Applying table 'MyIngress.ipv4_lpm'
[15:05:36.586] [bmv2] [D] [thread 1745] [43.0] [cxt 0] Looking up key:
* hdr.ipv4.dstAddr    : 00000000

[15:05:36.586] [bmv2] [D] [thread 1745] [43.0] [cxt 0] Table 'MyIngress.ipv4_lpm': miss
[15:05:36.586] [bmv2] [D] [thread 1745] [43.0] [cxt 0] Action entry is MyIngress.drop - 
[15:05:36.586] [bmv2] [T] [thread 1745] [43.0] [cxt 0] Action MyIngress.drop
[15:05:36.586] [bmv2] [T] [thread 1745] [43.0] [cxt 0] basic.p4(78) Primitive mark_to_drop(standard_metadata)
[15:05:36.586] [bmv2] [D] [thread 1745] [43.0] [cxt 0] Pipeline 'ingress': end
[15:05:36.586] [bmv2] [D] [thread 1745] [43.0] [cxt 0] Egress port is 511
[15:05:36.586] [bmv2] [D] [thread 1745] [43.0] [cxt 0] Dropping packet at the end of ingress
[15:05:38.921] [bmv2] [D] [thread 1745] [44.0] [cxt 0] Processing packet received on port 3
[15:05:38.921] [bmv2] [D] [thread 1745] [44.0] [cxt 0] Parser 'parser': start
[15:05:38.921] [bmv2] [D] [thread 1745] [44.0] [cxt 0] Parser 'parser' entering state 'start'
[15:05:38.921] [bmv2] [D] [thread 1745] [44.0] [cxt 0] Parser state 'start' has no switch, going to default next state
[15:05:38.921] [bmv2] [T] [thread 1745] [44.0] [cxt 0] Bytes parsed: 0
[15:05:38.921] [bmv2] [D] [thread 1745] [44.0] [cxt 0] Parser 'parser': end
[15:05:38.921] [bmv2] [D] [thread 1745] [44.0] [cxt 0] Pipeline 'ingress': start
[15:05:38.921] [bmv2] [T] [thread 1745] [44.0] [cxt 0] Applying table 'MyIngress.ipv4_lpm'
[15:05:38.921] [bmv2] [D] [thread 1745] [44.0] [cxt 0] Looking up key:
* hdr.ipv4.dstAddr    : 00000000

[15:05:38.921] [bmv2] [D] [thread 1745] [44.0] [cxt 0] Table 'MyIngress.ipv4_lpm': miss
[15:05:38.921] [bmv2] [D] [thread 1745] [44.0] [cxt 0] Action entry is MyIngress.drop - 
[15:05:38.921] [bmv2] [T] [thread 1745] [44.0] [cxt 0] Action MyIngress.drop
[15:05:38.921] [bmv2] [T] [thread 1745] [44.0] [cxt 0] basic.p4(78) Primitive mark_to_drop(standard_metadata)
[15:05:38.921] [bmv2] [D] [thread 1745] [44.0] [cxt 0] Pipeline 'ingress': end
[15:05:38.921] [bmv2] [D] [thread 1745] [44.0] [cxt 0] Egress port is 511
[15:05:38.921] [bmv2] [D] [thread 1745] [44.0] [cxt 0] Dropping packet at the end of ingress
[15:05:40.453] [bmv2] [D] [thread 1745] [45.0] [cxt 0] Processing packet received on port 1
[15:05:40.453] [bmv2] [D] [thread 1745] [45.0] [cxt 0] Parser 'parser': start
[15:05:40.453] [bmv2] [D] [thread 1745] [45.0] [cxt 0] Parser 'parser' entering state 'start'
[15:05:40.453] [bmv2] [D] [thread 1745] [45.0] [cxt 0] Parser state 'start' has no switch, going to default next state
[15:05:40.453] [bmv2] [T] [thread 1745] [45.0] [cxt 0] Bytes parsed: 0
[15:05:40.454] [bmv2] [D] [thread 1745] [45.0] [cxt 0] Parser 'parser': end
[15:05:40.454] [bmv2] [D] [thread 1745] [45.0] [cxt 0] Pipeline 'ingress': start
[15:05:40.454] [bmv2] [T] [thread 1745] [45.0] [cxt 0] Applying table 'MyIngress.ipv4_lpm'
[15:05:40.454] [bmv2] [D] [thread 1745] [45.0] [cxt 0] Looking up key:
* hdr.ipv4.dstAddr    : 00000000

[15:05:40.454] [bmv2] [D] [thread 1745] [45.0] [cxt 0] Table 'MyIngress.ipv4_lpm': miss
[15:05:40.454] [bmv2] [D] [thread 1745] [45.0] [cxt 0] Action entry is MyIngress.drop - 
[15:05:40.454] [bmv2] [T] [thread 1745] [45.0] [cxt 0] Action MyIngress.drop
[15:05:40.454] [bmv2] [T] [thread 1745] [45.0] [cxt 0] basic.p4(78) Primitive mark_to_drop(standard_metadata)
[15:05:40.454] [bmv2] [D] [thread 1745] [45.0] [cxt 0] Pipeline 'ingress': end
[15:05:40.454] [bmv2] [D] [thread 1745] [45.0] [cxt 0] Egress port is 511
[15:05:40.454] [bmv2] [D] [thread 1745] [45.0] [cxt 0] Dropping packet at the end of ingress
[15:05:41.733] [bmv2] [D] [thread 1745] [46.0] [cxt 0] Processing packet received on port 3
[15:05:41.733] [bmv2] [D] [thread 1745] [46.0] [cxt 0] Parser 'parser': start
[15:05:41.733] [bmv2] [D] [thread 1745] [46.0] [cxt 0] Parser 'parser' entering state 'start'
[15:05:41.733] [bmv2] [D] [thread 1745] [46.0] [cxt 0] Parser state 'start' has no switch, going to default next state
[15:05:41.733] [bmv2] [T] [thread 1745] [46.0] [cxt 0] Bytes parsed: 0
[15:05:41.733] [bmv2] [D] [thread 1745] [46.0] [cxt 0] Parser 'parser': end
[15:05:41.733] [bmv2] [D] [thread 1745] [46.0] [cxt 0] Pipeline 'ingress': start
[15:05:41.733] [bmv2] [T] [thread 1745] [46.0] [cxt 0] Applying table 'MyIngress.ipv4_lpm'
[15:05:41.733] [bmv2] [D] [thread 1745] [46.0] [cxt 0] Looking up key:
* hdr.ipv4.dstAddr    : 00000000

[15:05:41.733] [bmv2] [D] [thread 1745] [46.0] [cxt 0] Table 'MyIngress.ipv4_lpm': miss
[15:05:41.733] [bmv2] [D] [thread 1745] [46.0] [cxt 0] Action entry is MyIngress.drop - 
[15:05:41.733] [bmv2] [T] [thread 1745] [46.0] [cxt 0] Action MyIngress.drop
[15:05:41.733] [bmv2] [T] [thread 1745] [46.0] [cxt 0] basic.p4(78) Primitive mark_to_drop(standard_metadata)
[15:05:41.733] [bmv2] [D] [thread 1745] [46.0] [cxt 0] Pipeline 'ingress': end
[15:05:41.733] [bmv2] [D] [thread 1745] [46.0] [cxt 0] Egress port is 511
[15:05:41.733] [bmv2] [D] [thread 1745] [46.0] [cxt 0] Dropping packet at the end of ingress
[15:05:42.501] [bmv2] [D] [thread 1745] [47.0] [cxt 0] Processing packet received on port 4
[15:05:42.501] [bmv2] [D] [thread 1745] [47.0] [cxt 0] Parser 'parser': start
[15:05:42.501] [bmv2] [D] [thread 1745] [47.0] [cxt 0] Parser 'parser' entering state 'start'
[15:05:42.501] [bmv2] [D] [thread 1745] [47.0] [cxt 0] Parser state 'start' has no switch, going to default next state
[15:05:42.501] [bmv2] [T] [thread 1745] [47.0] [cxt 0] Bytes parsed: 0
[15:05:42.501] [bmv2] [D] [thread 1745] [47.0] [cxt 0] Parser 'parser': end
[15:05:42.501] [bmv2] [D] [thread 1745] [47.0] [cxt 0] Pipeline 'ingress': start
[15:05:42.501] [bmv2] [T] [thread 1745] [47.0] [cxt 0] Applying table 'MyIngress.ipv4_lpm'
[15:05:42.501] [bmv2] [D] [thread 1745] [47.0] [cxt 0] Looking up key:
* hdr.ipv4.dstAddr    : 00000000

[15:05:42.501] [bmv2] [D] [thread 1745] [47.0] [cxt 0] Table 'MyIngress.ipv4_lpm': miss
[15:05:42.501] [bmv2] [D] [thread 1745] [47.0] [cxt 0] Action entry is MyIngress.drop - 
[15:05:42.501] [bmv2] [T] [thread 1745] [47.0] [cxt 0] Action MyIngress.drop
[15:05:42.501] [bmv2] [T] [thread 1745] [47.0] [cxt 0] basic.p4(78) Primitive mark_to_drop(standard_metadata)
[15:05:42.501] [bmv2] [D] [thread 1745] [47.0] [cxt 0] Pipeline 'ingress': end
[15:05:42.501] [bmv2] [D] [thread 1745] [47.0] [cxt 0] Egress port is 511
[15:05:42.501] [bmv2] [D] [thread 1745] [47.0] [cxt 0] Dropping packet at the end of ingress
[15:05:44.200] [bmv2] [D] [thread 1745] [48.0] [cxt 0] Processing packet received on port 1
[15:05:44.200] [bmv2] [D] [thread 1745] [48.0] [cxt 0] Parser 'parser': start
[15:05:44.200] [bmv2] [D] [thread 1745] [48.0] [cxt 0] Parser 'parser' entering state 'start'
[15:05:44.200] [bmv2] [D] [thread 1745] [48.0] [cxt 0] Parser state 'start' has no switch, going to default next state
[15:05:44.200] [bmv2] [T] [thread 1745] [48.0] [cxt 0] Bytes parsed: 0
[15:05:44.200] [bmv2] [D] [thread 1745] [48.0] [cxt 0] Parser 'parser': end
[15:05:44.200] [bmv2] [D] [thread 1745] [48.0] [cxt 0] Pipeline 'ingress': start
[15:05:44.200] [bmv2] [T] [thread 1745] [48.0] [cxt 0] Applying table 'MyIngress.ipv4_lpm'
[15:05:44.200] [bmv2] [D] [thread 1745] [48.0] [cxt 0] Looking up key:
* hdr.ipv4.dstAddr    : 00000000

[15:05:44.200] [bmv2] [D] [thread 1745] [48.0] [cxt 0] Table 'MyIngress.ipv4_lpm': miss
[15:05:44.200] [bmv2] [D] [thread 1745] [48.0] [cxt 0] Action entry is MyIngress.drop - 
[15:05:44.200] [bmv2] [T] [thread 1745] [48.0] [cxt 0] Action MyIngress.drop
[15:05:44.200] [bmv2] [T] [thread 1745] [48.0] [cxt 0] basic.p4(78) Primitive mark_to_drop(standard_metadata)
[15:05:44.200] [bmv2] [D] [thread 1745] [48.0] [cxt 0] Pipeline 'ingress': end
[15:05:44.200] [bmv2] [D] [thread 1745] [48.0] [cxt 0] Egress port is 511
[15:05:44.200] [bmv2] [D] [thread 1745] [48.0] [cxt 0] Dropping packet at the end of ingress
[15:05:46.085] [bmv2] [D] [thread 1745] [49.0] [cxt 0] Processing packet received on port 4
[15:05:46.085] [bmv2] [D] [thread 1745] [49.0] [cxt 0] Parser 'parser': start
[15:05:46.085] [bmv2] [D] [thread 1745] [49.0] [cxt 0] Parser 'parser' entering state 'start'
[15:05:46.085] [bmv2] [D] [thread 1745] [49.0] [cxt 0] Parser state 'start' has no switch, going to default next state
[15:05:46.085] [bmv2] [T] [thread 1745] [49.0] [cxt 0] Bytes parsed: 0
[15:05:46.085] [bmv2] [D] [thread 1745] [49.0] [cxt 0] Parser 'parser': end
[15:05:46.085] [bmv2] [D] [thread 1745] [49.0] [cxt 0] Pipeline 'ingress': start
[15:05:46.085] [bmv2] [T] [thread 1745] [49.0] [cxt 0] Applying table 'MyIngress.ipv4_lpm'
[15:05:46.085] [bmv2] [D] [thread 1745] [49.0] [cxt 0] Looking up key:
* hdr.ipv4.dstAddr    : 00000000

[15:05:46.085] [bmv2] [D] [thread 1745] [49.0] [cxt 0] Table 'MyIngress.ipv4_lpm': miss
[15:05:46.085] [bmv2] [D] [thread 1745] [49.0] [cxt 0] Action entry is MyIngress.drop - 
[15:05:46.085] [bmv2] [T] [thread 1745] [49.0] [cxt 0] Action MyIngress.drop
[15:05:46.085] [bmv2] [T] [thread 1745] [49.0] [cxt 0] basic.p4(78) Primitive mark_to_drop(standard_metadata)
[15:05:46.085] [bmv2] [D] [thread 1745] [49.0] [cxt 0] Pipeline 'ingress': end
[15:05:46.085] [bmv2] [D] [thread 1745] [49.0] [cxt 0] Egress port is 511
[15:05:46.085] [bmv2] [D] [thread 1745] [49.0] [cxt 0] Dropping packet at the end of ingress
[15:05:46.086] [bmv2] [D] [thread 1745] [50.0] [cxt 0] Processing packet received on port 2
[15:05:46.086] [bmv2] [D] [thread 1745] [50.0] [cxt 0] Parser 'parser': start
[15:05:46.086] [bmv2] [D] [thread 1745] [50.0] [cxt 0] Parser 'parser' entering state 'start'
[15:05:46.086] [bmv2] [D] [thread 1745] [50.0] [cxt 0] Parser state 'start' has no switch, going to default next state
[15:05:46.086] [bmv2] [T] [thread 1745] [50.0] [cxt 0] Bytes parsed: 0
[15:05:46.086] [bmv2] [D] [thread 1745] [50.0] [cxt 0] Parser 'parser': end
[15:05:46.086] [bmv2] [D] [thread 1745] [50.0] [cxt 0] Pipeline 'ingress': start
[15:05:46.086] [bmv2] [T] [thread 1745] [50.0] [cxt 0] Applying table 'MyIngress.ipv4_lpm'
[15:05:46.086] [bmv2] [D] [thread 1745] [50.0] [cxt 0] Looking up key:
* hdr.ipv4.dstAddr    : 00000000

[15:05:46.086] [bmv2] [D] [thread 1745] [50.0] [cxt 0] Table 'MyIngress.ipv4_lpm': miss
[15:05:46.086] [bmv2] [D] [thread 1745] [50.0] [cxt 0] Action entry is MyIngress.drop - 
[15:05:46.086] [bmv2] [T] [thread 1745] [50.0] [cxt 0] Action MyIngress.drop
[15:05:46.086] [bmv2] [T] [thread 1745] [50.0] [cxt 0] basic.p4(78) Primitive mark_to_drop(standard_metadata)
[15:05:46.086] [bmv2] [D] [thread 1745] [50.0] [cxt 0] Pipeline 'ingress': end
[15:05:46.086] [bmv2] [D] [thread 1745] [50.0] [cxt 0] Egress port is 511
[15:05:46.086] [bmv2] [D] [thread 1745] [50.0] [cxt 0] Dropping packet at the end of ingress
open: No such file or directory
open: No such file or directory
open: No such file or directory
open: No such file or directory
