Calling target program-options parser
[15:05:13.234] [bmv2] [D] [thread 1752] Set default default entry for table 'MyIngress.ipv4_lpm': NoAction - 
Adding interface s2-eth1 as port 1
[15:05:13.234] [bmv2] [D] [thread 1752] Adding interface s2-eth1 as port 1
Adding interface s2-eth2 as port 2
[15:05:13.292] [bmv2] [D] [thread 1752] Adding interface s2-eth2 as port 2
Adding interface s2-eth3 as port 3
[15:05:13.345] [bmv2] [D] [thread 1752] Adding interface s2-eth3 as port 3
Adding interface s2-eth4 as port 4
[15:05:13.389] [bmv2] [D] [thread 1752] Adding interface s2-eth4 as port 4
Server listening on 0.0.0.0:50052
[15:05:13.438] [bmv2] [I] [thread 1752] Starting Thrift server on port 9091
[15:05:13.438] [bmv2] [I] [thread 1752] Thrift server was started
[15:05:13.440] [bmv2] [D] [thread 1762] [0.0] [cxt 0] Processing packet received on port 2
[15:05:13.440] [bmv2] [D] [thread 1762] [0.0] [cxt 0] Parser 'parser': start
[15:05:13.440] [bmv2] [D] [thread 1762] [0.0] [cxt 0] Parser 'parser' entering state 'start'
[15:05:13.440] [bmv2] [D] [thread 1762] [0.0] [cxt 0] Parser state 'start' has no switch, going to default next state
[15:05:13.440] [bmv2] [T] [thread 1762] [0.0] [cxt 0] Bytes parsed: 0
[15:05:13.440] [bmv2] [D] [thread 1762] [0.0] [cxt 0] Parser 'parser': end
[15:05:13.440] [bmv2] [D] [thread 1762] [0.0] [cxt 0] Pipeline 'ingress': start
[15:05:13.440] [bmv2] [T] [thread 1762] [0.0] [cxt 0] Applying table 'MyIngress.ipv4_lpm'
[15:05:13.440] [bmv2] [D] [thread 1762] [0.0] [cxt 0] Looking up key:
* hdr.ipv4.dstAddr    : 00000000

[15:05:13.440] [bmv2] [D] [thread 1762] [0.0] [cxt 0] Table 'MyIngress.ipv4_lpm': miss
[15:05:13.440] [bmv2] [D] [thread 1762] [0.0] [cxt 0] Action entry is NoAction - 
[15:05:13.440] [bmv2] [T] [thread 1762] [0.0] [cxt 0] Action NoAction
[15:05:13.440] [bmv2] [D] [thread 1762] [0.0] [cxt 0] Pipeline 'ingress': end
[15:05:13.440] [bmv2] [D] [thread 1762] [0.0] [cxt 0] Egress port is 0
[15:05:13.441] [bmv2] [D] [thread 1763] [0.0] [cxt 0] Pipeline 'egress': start
[15:05:13.441] [bmv2] [D] [thread 1763] [0.0] [cxt 0] Pipeline 'egress': end
[15:05:13.441] [bmv2] [D] [thread 1763] [0.0] [cxt 0] Deparser 'deparser': start
[15:05:13.441] [bmv2] [T] [thread 1763] [0.0] [cxt 0] Skipping checksum 'cksum' update because condition not met
[15:05:13.441] [bmv2] [D] [thread 1763] [0.0] [cxt 0] Deparser 'deparser': end
[15:05:13.441] [bmv2] [D] [thread 1767] [0.0] [cxt 0] Transmitting packet of size 90 out of port 0
[15:05:13.445] [bmv2] [D] [thread 1762] [1.0] [cxt 0] Processing packet received on port 3
[15:05:13.445] [bmv2] [D] [thread 1762] [1.0] [cxt 0] Parser 'parser': start
[15:05:13.445] [bmv2] [D] [thread 1762] [1.0] [cxt 0] Parser 'parser' entering state 'start'
[15:05:13.445] [bmv2] [D] [thread 1762] [1.0] [cxt 0] Parser state 'start' has no switch, going to default next state
[15:05:13.445] [bmv2] [T] [thread 1762] [1.0] [cxt 0] Bytes parsed: 0
[15:05:13.445] [bmv2] [D] [thread 1762] [1.0] [cxt 0] Parser 'parser': end
[15:05:13.445] [bmv2] [D] [thread 1762] [1.0] [cxt 0] Pipeline 'ingress': start
[15:05:13.445] [bmv2] [T] [thread 1762] [1.0] [cxt 0] Applying table 'MyIngress.ipv4_lpm'
[15:05:13.445] [bmv2] [D] [thread 1762] [1.0] [cxt 0] Looking up key:
* hdr.ipv4.dstAddr    : 00000000

[15:05:13.445] [bmv2] [D] [thread 1762] [1.0] [cxt 0] Table 'MyIngress.ipv4_lpm': miss
[15:05:13.445] [bmv2] [D] [thread 1762] [1.0] [cxt 0] Action entry is NoAction - 
[15:05:13.445] [bmv2] [T] [thread 1762] [1.0] [cxt 0] Action NoAction
[15:05:13.445] [bmv2] [D] [thread 1762] [1.0] [cxt 0] Pipeline 'ingress': end
[15:05:13.445] [bmv2] [D] [thread 1762] [1.0] [cxt 0] Egress port is 0
[15:05:13.445] [bmv2] [D] [thread 1763] [1.0] [cxt 0] Pipeline 'egress': start
[15:05:13.445] [bmv2] [D] [thread 1763] [1.0] [cxt 0] Pipeline 'egress': end
[15:05:13.445] [bmv2] [D] [thread 1763] [1.0] [cxt 0] Deparser 'deparser': start
[15:05:13.445] [bmv2] [T] [thread 1763] [1.0] [cxt 0] Skipping checksum 'cksum' update because condition not met
[15:05:13.445] [bmv2] [D] [thread 1763] [1.0] [cxt 0] Deparser 'deparser': end
[15:05:13.445] [bmv2] [D] [thread 1767] [1.0] [cxt 0] Transmitting packet of size 90 out of port 0
[15:05:13.575] [bmv2] [D] [thread 1762] [2.0] [cxt 0] Processing packet received on port 3
[15:05:13.575] [bmv2] [D] [thread 1762] [2.0] [cxt 0] Parser 'parser': start
[15:05:13.575] [bmv2] [D] [thread 1762] [2.0] [cxt 0] Parser 'parser' entering state 'start'
[15:05:13.575] [bmv2] [D] [thread 1762] [2.0] [cxt 0] Parser state 'start' has no switch, going to default next state
[15:05:13.575] [bmv2] [T] [thread 1762] [2.0] [cxt 0] Bytes parsed: 0
[15:05:13.575] [bmv2] [D] [thread 1762] [2.0] [cxt 0] Parser 'parser': end
[15:05:13.575] [bmv2] [D] [thread 1762] [2.0] [cxt 0] Pipeline 'ingress': start
[15:05:13.575] [bmv2] [T] [thread 1762] [2.0] [cxt 0] Applying table 'MyIngress.ipv4_lpm'
[15:05:13.575] [bmv2] [D] [thread 1762] [2.0] [cxt 0] Looking up key:
* hdr.ipv4.dstAddr    : 00000000

[15:05:13.575] [bmv2] [D] [thread 1762] [2.0] [cxt 0] Table 'MyIngress.ipv4_lpm': miss
[15:05:13.575] [bmv2] [D] [thread 1762] [2.0] [cxt 0] Action entry is NoAction - 
[15:05:13.575] [bmv2] [T] [thread 1762] [2.0] [cxt 0] Action NoAction
[15:05:13.575] [bmv2] [D] [thread 1762] [2.0] [cxt 0] Pipeline 'ingress': end
[15:05:13.575] [bmv2] [D] [thread 1762] [2.0] [cxt 0] Egress port is 0
[15:05:13.575] [bmv2] [D] [thread 1762] [3.0] [cxt 0] Processing packet received on port 3
[15:05:13.575] [bmv2] [D] [thread 1762] [3.0] [cxt 0] Parser 'parser': start
[15:05:13.575] [bmv2] [D] [thread 1762] [3.0] [cxt 0] Parser 'parser' entering state 'start'
[15:05:13.575] [bmv2] [D] [thread 1762] [3.0] [cxt 0] Parser state 'start' has no switch, going to default next state
[15:05:13.575] [bmv2] [T] [thread 1762] [3.0] [cxt 0] Bytes parsed: 0
[15:05:13.575] [bmv2] [D] [thread 1762] [3.0] [cxt 0] Parser 'parser': end
[15:05:13.575] [bmv2] [D] [thread 1762] [3.0] [cxt 0] Pipeline 'ingress': start
[15:05:13.575] [bmv2] [T] [thread 1762] [3.0] [cxt 0] Applying table 'MyIngress.ipv4_lpm'
[15:05:13.575] [bmv2] [D] [thread 1762] [3.0] [cxt 0] Looking up key:
* hdr.ipv4.dstAddr    : 00000000

[15:05:13.575] [bmv2] [D] [thread 1762] [3.0] [cxt 0] Table 'MyIngress.ipv4_lpm': miss
[15:05:13.575] [bmv2] [D] [thread 1762] [3.0] [cxt 0] Action entry is NoAction - 
[15:05:13.575] [bmv2] [T] [thread 1762] [3.0] [cxt 0] Action NoAction
[15:05:13.575] [bmv2] [D] [thread 1762] [3.0] [cxt 0] Pipeline 'ingress': end
[15:05:13.575] [bmv2] [D] [thread 1762] [3.0] [cxt 0] Egress port is 0
[15:05:13.575] [bmv2] [D] [thread 1763] [2.0] [cxt 0] Pipeline 'egress': start
[15:05:13.575] [bmv2] [D] [thread 1763] [2.0] [cxt 0] Pipeline 'egress': end
[15:05:13.575] [bmv2] [D] [thread 1763] [2.0] [cxt 0] Deparser 'deparser': start
[15:05:13.575] [bmv2] [T] [thread 1763] [2.0] [cxt 0] Skipping checksum 'cksum' update because condition not met
[15:05:13.575] [bmv2] [D] [thread 1763] [2.0] [cxt 0] Deparser 'deparser': end
[15:05:13.576] [bmv2] [D] [thread 1763] [3.0] [cxt 0] Pipeline 'egress': start
[15:05:13.576] [bmv2] [D] [thread 1763] [3.0] [cxt 0] Pipeline 'egress': end
[15:05:13.576] [bmv2] [D] [thread 1763] [3.0] [cxt 0] Deparser 'deparser': start
[15:05:13.576] [bmv2] [T] [thread 1763] [3.0] [cxt 0] Skipping checksum 'cksum' update because condition not met
[15:05:13.576] [bmv2] [D] [thread 1763] [3.0] [cxt 0] Deparser 'deparser': end
[15:05:13.576] [bmv2] [D] [thread 1767] [2.0] [cxt 0] Transmitting packet of size 90 out of port 0
[15:05:13.576] [bmv2] [D] [thread 1767] [3.0] [cxt 0] Transmitting packet of size 70 out of port 0
[15:05:13.670] [bmv2] [D] [thread 1762] [4.0] [cxt 0] Processing packet received on port 4
[15:05:13.670] [bmv2] [D] [thread 1762] [4.0] [cxt 0] Parser 'parser': start
[15:05:13.670] [bmv2] [D] [thread 1762] [4.0] [cxt 0] Parser 'parser' entering state 'start'
[15:05:13.670] [bmv2] [D] [thread 1762] [4.0] [cxt 0] Parser state 'start' has no switch, going to default next state
[15:05:13.670] [bmv2] [T] [thread 1762] [4.0] [cxt 0] Bytes parsed: 0
[15:05:13.670] [bmv2] [D] [thread 1762] [4.0] [cxt 0] Parser 'parser': end
[15:05:13.670] [bmv2] [D] [thread 1762] [4.0] [cxt 0] Pipeline 'ingress': start
[15:05:13.670] [bmv2] [T] [thread 1762] [4.0] [cxt 0] Applying table 'MyIngress.ipv4_lpm'
[15:05:13.670] [bmv2] [D] [thread 1762] [4.0] [cxt 0] Looking up key:
* hdr.ipv4.dstAddr    : 00000000

[15:05:13.670] [bmv2] [D] [thread 1762] [4.0] [cxt 0] Table 'MyIngress.ipv4_lpm': miss
[15:05:13.670] [bmv2] [D] [thread 1762] [4.0] [cxt 0] Action entry is NoAction - 
[15:05:13.670] [bmv2] [T] [thread 1762] [4.0] [cxt 0] Action NoAction
[15:05:13.670] [bmv2] [D] [thread 1762] [4.0] [cxt 0] Pipeline 'ingress': end
[15:05:13.670] [bmv2] [D] [thread 1762] [4.0] [cxt 0] Egress port is 0
[15:05:13.670] [bmv2] [D] [thread 1762] [5.0] [cxt 0] Processing packet received on port 4
[15:05:13.670] [bmv2] [D] [thread 1762] [5.0] [cxt 0] Parser 'parser': start
[15:05:13.670] [bmv2] [D] [thread 1762] [5.0] [cxt 0] Parser 'parser' entering state 'start'
[15:05:13.670] [bmv2] [D] [thread 1762] [5.0] [cxt 0] Parser state 'start' has no switch, going to default next state
[15:05:13.670] [bmv2] [T] [thread 1762] [5.0] [cxt 0] Bytes parsed: 0
[15:05:13.670] [bmv2] [D] [thread 1762] [5.0] [cxt 0] Parser 'parser': end
[15:05:13.670] [bmv2] [D] [thread 1762] [5.0] [cxt 0] Pipeline 'ingress': start
[15:05:13.670] [bmv2] [T] [thread 1762] [5.0] [cxt 0] Applying table 'MyIngress.ipv4_lpm'
[15:05:13.670] [bmv2] [D] [thread 1762] [5.0] [cxt 0] Looking up key:
* hdr.ipv4.dstAddr    : 00000000

[15:05:13.670] [bmv2] [D] [thread 1762] [5.0] [cxt 0] Table 'MyIngress.ipv4_lpm': miss
[15:05:13.670] [bmv2] [D] [thread 1762] [5.0] [cxt 0] Action entry is NoAction - 
[15:05:13.670] [bmv2] [T] [thread 1762] [5.0] [cxt 0] Action NoAction
[15:05:13.670] [bmv2] [D] [thread 1762] [5.0] [cxt 0] Pipeline 'ingress': end
[15:05:13.670] [bmv2] [D] [thread 1762] [5.0] [cxt 0] Egress port is 0
[15:05:13.670] [bmv2] [D] [thread 1763] [4.0] [cxt 0] Pipeline 'egress': start
[15:05:13.670] [bmv2] [D] [thread 1763] [4.0] [cxt 0] Pipeline 'egress': end
[15:05:13.670] [bmv2] [D] [thread 1763] [4.0] [cxt 0] Deparser 'deparser': start
[15:05:13.670] [bmv2] [T] [thread 1763] [4.0] [cxt 0] Skipping checksum 'cksum' update because condition not met
[15:05:13.670] [bmv2] [D] [thread 1763] [4.0] [cxt 0] Deparser 'deparser': end
[15:05:13.671] [bmv2] [D] [thread 1763] [5.0] [cxt 0] Pipeline 'egress': start
[15:05:13.671] [bmv2] [D] [thread 1763] [5.0] [cxt 0] Pipeline 'egress': end
[15:05:13.671] [bmv2] [D] [thread 1763] [5.0] [cxt 0] Deparser 'deparser': start
[15:05:13.671] [bmv2] [T] [thread 1763] [5.0] [cxt 0] Skipping checksum 'cksum' update because condition not met
[15:05:13.671] [bmv2] [D] [thread 1763] [5.0] [cxt 0] Deparser 'deparser': end
[15:05:13.671] [bmv2] [D] [thread 1767] [4.0] [cxt 0] Transmitting packet of size 90 out of port 0
[15:05:13.671] [bmv2] [D] [thread 1767] [5.0] [cxt 0] Transmitting packet of size 70 out of port 0
[15:05:13.701] [bmv2] [D] [thread 1762] [6.0] [cxt 0] Processing packet received on port 2
[15:05:13.701] [bmv2] [D] [thread 1762] [6.0] [cxt 0] Parser 'parser': start
[15:05:13.701] [bmv2] [D] [thread 1762] [6.0] [cxt 0] Parser 'parser' entering state 'start'
[15:05:13.701] [bmv2] [D] [thread 1762] [6.0] [cxt 0] Parser state 'start' has no switch, going to default next state
[15:05:13.701] [bmv2] [T] [thread 1762] [6.0] [cxt 0] Bytes parsed: 0
[15:05:13.701] [bmv2] [D] [thread 1762] [6.0] [cxt 0] Parser 'parser': end
[15:05:13.701] [bmv2] [D] [thread 1762] [6.0] [cxt 0] Pipeline 'ingress': start
[15:05:13.701] [bmv2] [T] [thread 1762] [6.0] [cxt 0] Applying table 'MyIngress.ipv4_lpm'
[15:05:13.701] [bmv2] [D] [thread 1762] [6.0] [cxt 0] Looking up key:
* hdr.ipv4.dstAddr    : 00000000

[15:05:13.701] [bmv2] [D] [thread 1762] [6.0] [cxt 0] Table 'MyIngress.ipv4_lpm': miss
[15:05:13.701] [bmv2] [D] [thread 1762] [6.0] [cxt 0] Action entry is NoAction - 
[15:05:13.701] [bmv2] [T] [thread 1762] [6.0] [cxt 0] Action NoAction
[15:05:13.701] [bmv2] [D] [thread 1762] [6.0] [cxt 0] Pipeline 'ingress': end
[15:05:13.701] [bmv2] [D] [thread 1762] [6.0] [cxt 0] Egress port is 0
[15:05:13.701] [bmv2] [D] [thread 1762] [7.0] [cxt 0] Processing packet received on port 3
[15:05:13.701] [bmv2] [D] [thread 1762] [7.0] [cxt 0] Parser 'parser': start
[15:05:13.701] [bmv2] [D] [thread 1762] [7.0] [cxt 0] Parser 'parser' entering state 'start'
[15:05:13.701] [bmv2] [D] [thread 1762] [7.0] [cxt 0] Parser state 'start' has no switch, going to default next state
[15:05:13.701] [bmv2] [T] [thread 1762] [7.0] [cxt 0] Bytes parsed: 0
[15:05:13.701] [bmv2] [D] [thread 1762] [7.0] [cxt 0] Parser 'parser': end
[15:05:13.701] [bmv2] [D] [thread 1762] [7.0] [cxt 0] Pipeline 'ingress': start
[15:05:13.701] [bmv2] [T] [thread 1762] [7.0] [cxt 0] Applying table 'MyIngress.ipv4_lpm'
[15:05:13.701] [bmv2] [D] [thread 1762] [7.0] [cxt 0] Looking up key:
* hdr.ipv4.dstAddr    : 00000000

[15:05:13.701] [bmv2] [D] [thread 1762] [7.0] [cxt 0] Table 'MyIngress.ipv4_lpm': miss
[15:05:13.701] [bmv2] [D] [thread 1762] [7.0] [cxt 0] Action entry is NoAction - 
[15:05:13.701] [bmv2] [T] [thread 1762] [7.0] [cxt 0] Action NoAction
[15:05:13.701] [bmv2] [D] [thread 1762] [7.0] [cxt 0] Pipeline 'ingress': end
[15:05:13.701] [bmv2] [D] [thread 1762] [7.0] [cxt 0] Egress port is 0
[15:05:13.701] [bmv2] [D] [thread 1762] [8.0] [cxt 0] Processing packet received on port 2
[15:05:13.701] [bmv2] [D] [thread 1762] [8.0] [cxt 0] Parser 'parser': start
[15:05:13.701] [bmv2] [D] [thread 1762] [8.0] [cxt 0] Parser 'parser' entering state 'start'
[15:05:13.701] [bmv2] [D] [thread 1762] [8.0] [cxt 0] Parser state 'start' has no switch, going to default next state
[15:05:13.701] [bmv2] [T] [thread 1762] [8.0] [cxt 0] Bytes parsed: 0
[15:05:13.701] [bmv2] [D] [thread 1762] [8.0] [cxt 0] Parser 'parser': end
[15:05:13.701] [bmv2] [D] [thread 1762] [8.0] [cxt 0] Pipeline 'ingress': start
[15:05:13.701] [bmv2] [T] [thread 1762] [8.0] [cxt 0] Applying table 'MyIngress.ipv4_lpm'
[15:05:13.701] [bmv2] [D] [thread 1762] [8.0] [cxt 0] Looking up key:
* hdr.ipv4.dstAddr    : 00000000

[15:05:13.701] [bmv2] [D] [thread 1762] [8.0] [cxt 0] Table 'MyIngress.ipv4_lpm': miss
[15:05:13.701] [bmv2] [D] [thread 1762] [8.0] [cxt 0] Action entry is NoAction - 
[15:05:13.701] [bmv2] [T] [thread 1762] [8.0] [cxt 0] Action NoAction
[15:05:13.701] [bmv2] [D] [thread 1762] [8.0] [cxt 0] Pipeline 'ingress': end
[15:05:13.701] [bmv2] [D] [thread 1762] [8.0] [cxt 0] Egress port is 0
[15:05:13.702] [bmv2] [D] [thread 1763] [6.0] [cxt 0] Pipeline 'egress': start
[15:05:13.702] [bmv2] [D] [thread 1763] [6.0] [cxt 0] Pipeline 'egress': end
[15:05:13.702] [bmv2] [D] [thread 1763] [6.0] [cxt 0] Deparser 'deparser': start
[15:05:13.702] [bmv2] [T] [thread 1763] [6.0] [cxt 0] Skipping checksum 'cksum' update because condition not met
[15:05:13.702] [bmv2] [D] [thread 1763] [6.0] [cxt 0] Deparser 'deparser': end
[15:05:13.702] [bmv2] [D] [thread 1763] [7.0] [cxt 0] Pipeline 'egress': start
[15:05:13.702] [bmv2] [D] [thread 1763] [7.0] [cxt 0] Pipeline 'egress': end
[15:05:13.702] [bmv2] [D] [thread 1763] [7.0] [cxt 0] Deparser 'deparser': start
[15:05:13.702] [bmv2] [T] [thread 1763] [7.0] [cxt 0] Skipping checksum 'cksum' update because condition not met
[15:05:13.702] [bmv2] [D] [thread 1763] [7.0] [cxt 0] Deparser 'deparser': end
[15:05:13.702] [bmv2] [D] [thread 1763] [8.0] [cxt 0] Pipeline 'egress': start
[15:05:13.702] [bmv2] [D] [thread 1763] [8.0] [cxt 0] Pipeline 'egress': end
[15:05:13.702] [bmv2] [D] [thread 1763] [8.0] [cxt 0] Deparser 'deparser': start
[15:05:13.702] [bmv2] [T] [thread 1763] [8.0] [cxt 0] Skipping checksum 'cksum' update because condition not met
[15:05:13.702] [bmv2] [D] [thread 1763] [8.0] [cxt 0] Deparser 'deparser': end
[15:05:13.702] [bmv2] [D] [thread 1767] [6.0] [cxt 0] Transmitting packet of size 90 out of port 0
[15:05:13.702] [bmv2] [D] [thread 1767] [7.0] [cxt 0] Transmitting packet of size 90 out of port 0
[15:05:13.702] [bmv2] [D] [thread 1767] [8.0] [cxt 0] Transmitting packet of size 70 out of port 0
[15:05:13.702] [bmv2] [D] [thread 1762] [9.0] [cxt 0] Processing packet received on port 3
[15:05:13.702] [bmv2] [D] [thread 1762] [9.0] [cxt 0] Parser 'parser': start
[15:05:13.702] [bmv2] [D] [thread 1762] [9.0] [cxt 0] Parser 'parser' entering state 'start'
[15:05:13.702] [bmv2] [D] [thread 1762] [9.0] [cxt 0] Parser state 'start' has no switch, going to default next state
[15:05:13.702] [bmv2] [T] [thread 1762] [9.0] [cxt 0] Bytes parsed: 0
[15:05:13.702] [bmv2] [D] [thread 1762] [9.0] [cxt 0] Parser 'parser': end
[15:05:13.702] [bmv2] [D] [thread 1762] [9.0] [cxt 0] Pipeline 'ingress': start
[15:05:13.702] [bmv2] [T] [thread 1762] [9.0] [cxt 0] Applying table 'MyIngress.ipv4_lpm'
[15:05:13.702] [bmv2] [D] [thread 1762] [9.0] [cxt 0] Looking up key:
* hdr.ipv4.dstAddr    : 00000000

[15:05:13.702] [bmv2] [D] [thread 1762] [9.0] [cxt 0] Table 'MyIngress.ipv4_lpm': miss
[15:05:13.702] [bmv2] [D] [thread 1762] [9.0] [cxt 0] Action entry is NoAction - 
[15:05:13.702] [bmv2] [T] [thread 1762] [9.0] [cxt 0] Action NoAction
[15:05:13.702] [bmv2] [D] [thread 1762] [9.0] [cxt 0] Pipeline 'ingress': end
[15:05:13.702] [bmv2] [D] [thread 1762] [9.0] [cxt 0] Egress port is 0
[15:05:13.702] [bmv2] [D] [thread 1763] [9.0] [cxt 0] Pipeline 'egress': start
[15:05:13.702] [bmv2] [D] [thread 1763] [9.0] [cxt 0] Pipeline 'egress': end
[15:05:13.702] [bmv2] [D] [thread 1763] [9.0] [cxt 0] Deparser 'deparser': start
[15:05:13.702] [bmv2] [T] [thread 1763] [9.0] [cxt 0] Skipping checksum 'cksum' update because condition not met
[15:05:13.702] [bmv2] [D] [thread 1763] [9.0] [cxt 0] Deparser 'deparser': end
[15:05:13.702] [bmv2] [D] [thread 1767] [9.0] [cxt 0] Transmitting packet of size 70 out of port 0
[15:05:13.725] [bmv2] [D] [thread 1762] [10.0] [cxt 0] Processing packet received on port 3
[15:05:13.725] [bmv2] [D] [thread 1762] [10.0] [cxt 0] Parser 'parser': start
[15:05:13.725] [bmv2] [D] [thread 1762] [10.0] [cxt 0] Parser 'parser' entering state 'start'
[15:05:13.725] [bmv2] [D] [thread 1762] [10.0] [cxt 0] Parser state 'start' has no switch, going to default next state
[15:05:13.725] [bmv2] [T] [thread 1762] [10.0] [cxt 0] Bytes parsed: 0
[15:05:13.725] [bmv2] [D] [thread 1762] [10.0] [cxt 0] Parser 'parser': end
[15:05:13.725] [bmv2] [D] [thread 1762] [10.0] [cxt 0] Pipeline 'ingress': start
[15:05:13.725] [bmv2] [T] [thread 1762] [10.0] [cxt 0] Applying table 'MyIngress.ipv4_lpm'
[15:05:13.725] [bmv2] [D] [thread 1762] [10.0] [cxt 0] Looking up key:
* hdr.ipv4.dstAddr    : 00000000

[15:05:13.725] [bmv2] [D] [thread 1762] [10.0] [cxt 0] Table 'MyIngress.ipv4_lpm': miss
[15:05:13.725] [bmv2] [D] [thread 1762] [10.0] [cxt 0] Action entry is NoAction - 
[15:05:13.725] [bmv2] [T] [thread 1762] [10.0] [cxt 0] Action NoAction
[15:05:13.725] [bmv2] [D] [thread 1762] [10.0] [cxt 0] Pipeline 'ingress': end
[15:05:13.725] [bmv2] [D] [thread 1762] [10.0] [cxt 0] Egress port is 0
[15:05:13.725] [bmv2] [D] [thread 1763] [10.0] [cxt 0] Pipeline 'egress': start
[15:05:13.725] [bmv2] [D] [thread 1763] [10.0] [cxt 0] Pipeline 'egress': end
[15:05:13.725] [bmv2] [D] [thread 1763] [10.0] [cxt 0] Deparser 'deparser': start
[15:05:13.725] [bmv2] [T] [thread 1763] [10.0] [cxt 0] Skipping checksum 'cksum' update because condition not met
[15:05:13.725] [bmv2] [D] [thread 1763] [10.0] [cxt 0] Deparser 'deparser': end
[15:05:13.725] [bmv2] [D] [thread 1767] [10.0] [cxt 0] Transmitting packet of size 90 out of port 0
[15:05:13.767] [bmv2] [D] [thread 1762] [11.0] [cxt 0] Processing packet received on port 1
[15:05:13.767] [bmv2] [D] [thread 1762] [11.0] [cxt 0] Parser 'parser': start
[15:05:13.767] [bmv2] [D] [thread 1762] [11.0] [cxt 0] Parser 'parser' entering state 'start'
[15:05:13.767] [bmv2] [D] [thread 1762] [11.0] [cxt 0] Parser state 'start' has no switch, going to default next state
[15:05:13.767] [bmv2] [T] [thread 1762] [11.0] [cxt 0] Bytes parsed: 0
[15:05:13.767] [bmv2] [D] [thread 1762] [11.0] [cxt 0] Parser 'parser': end
[15:05:13.767] [bmv2] [D] [thread 1762] [11.0] [cxt 0] Pipeline 'ingress': start
[15:05:13.767] [bmv2] [T] [thread 1762] [11.0] [cxt 0] Applying table 'MyIngress.ipv4_lpm'
[15:05:13.767] [bmv2] [D] [thread 1762] [11.0] [cxt 0] Looking up key:
* hdr.ipv4.dstAddr    : 00000000

[15:05:13.767] [bmv2] [D] [thread 1762] [11.0] [cxt 0] Table 'MyIngress.ipv4_lpm': miss
[15:05:13.767] [bmv2] [D] [thread 1762] [11.0] [cxt 0] Action entry is NoAction - 
[15:05:13.767] [bmv2] [T] [thread 1762] [11.0] [cxt 0] Action NoAction
[15:05:13.767] [bmv2] [D] [thread 1762] [11.0] [cxt 0] Pipeline 'ingress': end
[15:05:13.767] [bmv2] [D] [thread 1762] [11.0] [cxt 0] Egress port is 0
[15:05:13.767] [bmv2] [D] [thread 1762] [12.0] [cxt 0] Processing packet received on port 1
[15:05:13.767] [bmv2] [D] [thread 1762] [12.0] [cxt 0] Parser 'parser': start
[15:05:13.767] [bmv2] [D] [thread 1762] [12.0] [cxt 0] Parser 'parser' entering state 'start'
[15:05:13.767] [bmv2] [D] [thread 1762] [12.0] [cxt 0] Parser state 'start' has no switch, going to default next state
[15:05:13.767] [bmv2] [T] [thread 1762] [12.0] [cxt 0] Bytes parsed: 0
[15:05:13.767] [bmv2] [D] [thread 1762] [12.0] [cxt 0] Parser 'parser': end
[15:05:13.767] [bmv2] [D] [thread 1762] [12.0] [cxt 0] Pipeline 'ingress': start
[15:05:13.767] [bmv2] [T] [thread 1762] [12.0] [cxt 0] Applying table 'MyIngress.ipv4_lpm'
[15:05:13.767] [bmv2] [D] [thread 1762] [12.0] [cxt 0] Looking up key:
* hdr.ipv4.dstAddr    : 00000000

[15:05:13.767] [bmv2] [D] [thread 1762] [12.0] [cxt 0] Table 'MyIngress.ipv4_lpm': miss
[15:05:13.767] [bmv2] [D] [thread 1762] [12.0] [cxt 0] Action entry is NoAction - 
[15:05:13.767] [bmv2] [T] [thread 1762] [12.0] [cxt 0] Action NoAction
[15:05:13.767] [bmv2] [D] [thread 1762] [12.0] [cxt 0] Pipeline 'ingress': end
[15:05:13.767] [bmv2] [D] [thread 1762] [12.0] [cxt 0] Egress port is 0
[15:05:13.767] [bmv2] [D] [thread 1763] [11.0] [cxt 0] Pipeline 'egress': start
[15:05:13.767] [bmv2] [D] [thread 1763] [11.0] [cxt 0] Pipeline 'egress': end
[15:05:13.767] [bmv2] [D] [thread 1763] [11.0] [cxt 0] Deparser 'deparser': start
[15:05:13.767] [bmv2] [T] [thread 1763] [11.0] [cxt 0] Skipping checksum 'cksum' update because condition not met
[15:05:13.767] [bmv2] [D] [thread 1763] [11.0] [cxt 0] Deparser 'deparser': end
[15:05:13.768] [bmv2] [D] [thread 1763] [12.0] [cxt 0] Pipeline 'egress': start
[15:05:13.768] [bmv2] [D] [thread 1763] [12.0] [cxt 0] Pipeline 'egress': end
[15:05:13.768] [bmv2] [D] [thread 1763] [12.0] [cxt 0] Deparser 'deparser': start
[15:05:13.768] [bmv2] [T] [thread 1763] [12.0] [cxt 0] Skipping checksum 'cksum' update because condition not met
[15:05:13.768] [bmv2] [D] [thread 1763] [12.0] [cxt 0] Deparser 'deparser': end
[15:05:13.768] [bmv2] [D] [thread 1767] [11.0] [cxt 0] Transmitting packet of size 90 out of port 0
[15:05:13.768] [bmv2] [D] [thread 1767] [12.0] [cxt 0] Transmitting packet of size 70 out of port 0
[15:05:13.885] [bmv2] [D] [thread 1762] [13.0] [cxt 0] Processing packet received on port 2
[15:05:13.885] [bmv2] [D] [thread 1762] [13.0] [cxt 0] Parser 'parser': start
[15:05:13.885] [bmv2] [D] [thread 1762] [13.0] [cxt 0] Parser 'parser' entering state 'start'
[15:05:13.885] [bmv2] [D] [thread 1762] [13.0] [cxt 0] Parser state 'start' has no switch, going to default next state
[15:05:13.885] [bmv2] [T] [thread 1762] [13.0] [cxt 0] Bytes parsed: 0
[15:05:13.885] [bmv2] [D] [thread 1762] [13.0] [cxt 0] Parser 'parser': end
[15:05:13.885] [bmv2] [D] [thread 1762] [13.0] [cxt 0] Pipeline 'ingress': start
[15:05:13.885] [bmv2] [T] [thread 1762] [13.0] [cxt 0] Applying table 'MyIngress.ipv4_lpm'
[15:05:13.885] [bmv2] [D] [thread 1762] [13.0] [cxt 0] Looking up key:
* hdr.ipv4.dstAddr    : 00000000

[15:05:13.885] [bmv2] [D] [thread 1762] [13.0] [cxt 0] Table 'MyIngress.ipv4_lpm': miss
[15:05:13.885] [bmv2] [D] [thread 1762] [13.0] [cxt 0] Action entry is NoAction - 
[15:05:13.885] [bmv2] [T] [thread 1762] [13.0] [cxt 0] Action NoAction
[15:05:13.885] [bmv2] [D] [thread 1762] [13.0] [cxt 0] Pipeline 'ingress': end
[15:05:13.885] [bmv2] [D] [thread 1762] [13.0] [cxt 0] Egress port is 0
[15:05:13.885] [bmv2] [D] [thread 1763] [13.0] [cxt 0] Pipeline 'egress': start
[15:05:13.885] [bmv2] [D] [thread 1763] [13.0] [cxt 0] Pipeline 'egress': end
[15:05:13.885] [bmv2] [D] [thread 1763] [13.0] [cxt 0] Deparser 'deparser': start
[15:05:13.885] [bmv2] [T] [thread 1763] [13.0] [cxt 0] Skipping checksum 'cksum' update because condition not met
[15:05:13.885] [bmv2] [D] [thread 1763] [13.0] [cxt 0] Deparser 'deparser': end
[15:05:13.885] [bmv2] [D] [thread 1767] [13.0] [cxt 0] Transmitting packet of size 90 out of port 0
[15:05:13.896] [bmv2] [D] [thread 1762] [14.0] [cxt 0] Processing packet received on port 3
[15:05:13.896] [bmv2] [D] [thread 1762] [14.0] [cxt 0] Parser 'parser': start
[15:05:13.896] [bmv2] [D] [thread 1762] [14.0] [cxt 0] Parser 'parser' entering state 'start'
[15:05:13.896] [bmv2] [D] [thread 1762] [14.0] [cxt 0] Parser state 'start' has no switch, going to default next state
[15:05:13.896] [bmv2] [T] [thread 1762] [14.0] [cxt 0] Bytes parsed: 0
[15:05:13.896] [bmv2] [D] [thread 1762] [14.0] [cxt 0] Parser 'parser': end
[15:05:13.896] [bmv2] [D] [thread 1762] [14.0] [cxt 0] Pipeline 'ingress': start
[15:05:13.896] [bmv2] [T] [thread 1762] [14.0] [cxt 0] Applying table 'MyIngress.ipv4_lpm'
[15:05:13.896] [bmv2] [D] [thread 1762] [14.0] [cxt 0] Looking up key:
* hdr.ipv4.dstAddr    : 00000000

[15:05:13.896] [bmv2] [D] [thread 1762] [14.0] [cxt 0] Table 'MyIngress.ipv4_lpm': miss
[15:05:13.896] [bmv2] [D] [thread 1762] [14.0] [cxt 0] Action entry is NoAction - 
[15:05:13.896] [bmv2] [T] [thread 1762] [14.0] [cxt 0] Action NoAction
[15:05:13.896] [bmv2] [D] [thread 1762] [14.0] [cxt 0] Pipeline 'ingress': end
[15:05:13.896] [bmv2] [D] [thread 1762] [14.0] [cxt 0] Egress port is 0
[15:05:13.896] [bmv2] [D] [thread 1763] [14.0] [cxt 0] Pipeline 'egress': start
[15:05:13.896] [bmv2] [D] [thread 1763] [14.0] [cxt 0] Pipeline 'egress': end
[15:05:13.896] [bmv2] [D] [thread 1763] [14.0] [cxt 0] Deparser 'deparser': start
[15:05:13.896] [bmv2] [T] [thread 1763] [14.0] [cxt 0] Skipping checksum 'cksum' update because condition not met
[15:05:13.896] [bmv2] [D] [thread 1763] [14.0] [cxt 0] Deparser 'deparser': end
[15:05:13.896] [bmv2] [D] [thread 1767] [14.0] [cxt 0] Transmitting packet of size 90 out of port 0
[15:05:14.213] [bmv2] [D] [thread 1762] [15.0] [cxt 0] Processing packet received on port 4
[15:05:14.213] [bmv2] [D] [thread 1762] [15.0] [cxt 0] Parser 'parser': start
[15:05:14.213] [bmv2] [D] [thread 1762] [15.0] [cxt 0] Parser 'parser' entering state 'start'
[15:05:14.213] [bmv2] [D] [thread 1762] [15.0] [cxt 0] Parser state 'start' has no switch, going to default next state
[15:05:14.213] [bmv2] [T] [thread 1762] [15.0] [cxt 0] Bytes parsed: 0
[15:05:14.213] [bmv2] [D] [thread 1762] [15.0] [cxt 0] Parser 'parser': end
[15:05:14.213] [bmv2] [D] [thread 1762] [15.0] [cxt 0] Pipeline 'ingress': start
[15:05:14.213] [bmv2] [T] [thread 1762] [15.0] [cxt 0] Applying table 'MyIngress.ipv4_lpm'
[15:05:14.213] [bmv2] [D] [thread 1762] [15.0] [cxt 0] Looking up key:
* hdr.ipv4.dstAddr    : 00000000

[15:05:14.213] [bmv2] [D] [thread 1762] [15.0] [cxt 0] Table 'MyIngress.ipv4_lpm': miss
[15:05:14.213] [bmv2] [D] [thread 1762] [15.0] [cxt 0] Action entry is NoAction - 
[15:05:14.213] [bmv2] [T] [thread 1762] [15.0] [cxt 0] Action NoAction
[15:05:14.213] [bmv2] [D] [thread 1762] [15.0] [cxt 0] Pipeline 'ingress': end
[15:05:14.213] [bmv2] [D] [thread 1762] [15.0] [cxt 0] Egress port is 0
[15:05:14.213] [bmv2] [D] [thread 1763] [15.0] [cxt 0] Pipeline 'egress': start
[15:05:14.213] [bmv2] [D] [thread 1763] [15.0] [cxt 0] Pipeline 'egress': end
[15:05:14.213] [bmv2] [D] [thread 1763] [15.0] [cxt 0] Deparser 'deparser': start
[15:05:14.213] [bmv2] [T] [thread 1763] [15.0] [cxt 0] Skipping checksum 'cksum' update because condition not met
[15:05:14.213] [bmv2] [D] [thread 1763] [15.0] [cxt 0] Deparser 'deparser': end
[15:05:14.213] [bmv2] [D] [thread 1767] [15.0] [cxt 0] Transmitting packet of size 90 out of port 0
[15:05:14.317] [bmv2] [D] [thread 1762] [16.0] [cxt 0] Processing packet received on port 4
[15:05:14.317] [bmv2] [D] [thread 1762] [16.0] [cxt 0] Parser 'parser': start
[15:05:14.317] [bmv2] [D] [thread 1762] [16.0] [cxt 0] Parser 'parser' entering state 'start'
[15:05:14.317] [bmv2] [D] [thread 1762] [16.0] [cxt 0] Parser state 'start' has no switch, going to default next state
[15:05:14.317] [bmv2] [T] [thread 1762] [16.0] [cxt 0] Bytes parsed: 0
[15:05:14.317] [bmv2] [D] [thread 1762] [16.0] [cxt 0] Parser 'parser': end
[15:05:14.317] [bmv2] [D] [thread 1762] [16.0] [cxt 0] Pipeline 'ingress': start
[15:05:14.317] [bmv2] [T] [thread 1762] [16.0] [cxt 0] Applying table 'MyIngress.ipv4_lpm'
[15:05:14.317] [bmv2] [D] [thread 1762] [16.0] [cxt 0] Looking up key:
* hdr.ipv4.dstAddr    : 00000000

[15:05:14.317] [bmv2] [D] [thread 1762] [16.0] [cxt 0] Table 'MyIngress.ipv4_lpm': miss
[15:05:14.317] [bmv2] [D] [thread 1762] [16.0] [cxt 0] Action entry is NoAction - 
[15:05:14.317] [bmv2] [T] [thread 1762] [16.0] [cxt 0] Action NoAction
[15:05:14.317] [bmv2] [D] [thread 1762] [16.0] [cxt 0] Pipeline 'ingress': end
[15:05:14.317] [bmv2] [D] [thread 1762] [16.0] [cxt 0] Egress port is 0
[15:05:14.317] [bmv2] [D] [thread 1762] [17.0] [cxt 0] Processing packet received on port 4
[15:05:14.317] [bmv2] [D] [thread 1762] [17.0] [cxt 0] Parser 'parser': start
[15:05:14.317] [bmv2] [D] [thread 1762] [17.0] [cxt 0] Parser 'parser' entering state 'start'
[15:05:14.317] [bmv2] [D] [thread 1762] [17.0] [cxt 0] Parser state 'start' has no switch, going to default next state
[15:05:14.317] [bmv2] [T] [thread 1762] [17.0] [cxt 0] Bytes parsed: 0
[15:05:14.317] [bmv2] [D] [thread 1762] [17.0] [cxt 0] Parser 'parser': end
[15:05:14.317] [bmv2] [D] [thread 1762] [17.0] [cxt 0] Pipeline 'ingress': start
[15:05:14.317] [bmv2] [T] [thread 1762] [17.0] [cxt 0] Applying table 'MyIngress.ipv4_lpm'
[15:05:14.317] [bmv2] [D] [thread 1762] [17.0] [cxt 0] Looking up key:
* hdr.ipv4.dstAddr    : 00000000

[15:05:14.317] [bmv2] [D] [thread 1762] [17.0] [cxt 0] Table 'MyIngress.ipv4_lpm': miss
[15:05:14.317] [bmv2] [D] [thread 1762] [17.0] [cxt 0] Action entry is NoAction - 
[15:05:14.317] [bmv2] [T] [thread 1762] [17.0] [cxt 0] Action NoAction
[15:05:14.317] [bmv2] [D] [thread 1762] [17.0] [cxt 0] Pipeline 'ingress': end
[15:05:14.317] [bmv2] [D] [thread 1762] [17.0] [cxt 0] Egress port is 0
[15:05:14.317] [bmv2] [D] [thread 1763] [16.0] [cxt 0] Pipeline 'egress': start
[15:05:14.317] [bmv2] [D] [thread 1763] [16.0] [cxt 0] Pipeline 'egress': end
[15:05:14.317] [bmv2] [D] [thread 1763] [16.0] [cxt 0] Deparser 'deparser': start
[15:05:14.317] [bmv2] [T] [thread 1763] [16.0] [cxt 0] Skipping checksum 'cksum' update because condition not met
[15:05:14.317] [bmv2] [D] [thread 1763] [16.0] [cxt 0] Deparser 'deparser': end
[15:05:14.317] [bmv2] [D] [thread 1763] [17.0] [cxt 0] Pipeline 'egress': start
[15:05:14.317] [bmv2] [D] [thread 1763] [17.0] [cxt 0] Pipeline 'egress': end
[15:05:14.317] [bmv2] [D] [thread 1763] [17.0] [cxt 0] Deparser 'deparser': start
[15:05:14.317] [bmv2] [T] [thread 1763] [17.0] [cxt 0] Skipping checksum 'cksum' update because condition not met
[15:05:14.317] [bmv2] [D] [thread 1763] [17.0] [cxt 0] Deparser 'deparser': end
[15:05:14.318] [bmv2] [D] [thread 1767] [16.0] [cxt 0] Transmitting packet of size 90 out of port 0
[15:05:14.318] [bmv2] [D] [thread 1767] [17.0] [cxt 0] Transmitting packet of size 70 out of port 0
[15:05:14.345] [bmv2] [D] [thread 1762] [18.0] [cxt 0] Processing packet received on port 1
[15:05:14.345] [bmv2] [D] [thread 1762] [18.0] [cxt 0] Parser 'parser': start
[15:05:14.345] [bmv2] [D] [thread 1762] [18.0] [cxt 0] Parser 'parser' entering state 'start'
[15:05:14.345] [bmv2] [D] [thread 1762] [18.0] [cxt 0] Parser state 'start' has no switch, going to default next state
[15:05:14.345] [bmv2] [T] [thread 1762] [18.0] [cxt 0] Bytes parsed: 0
[15:05:14.345] [bmv2] [D] [thread 1762] [18.0] [cxt 0] Parser 'parser': end
[15:05:14.345] [bmv2] [D] [thread 1762] [18.0] [cxt 0] Pipeline 'ingress': start
[15:05:14.345] [bmv2] [T] [thread 1762] [18.0] [cxt 0] Applying table 'MyIngress.ipv4_lpm'
[15:05:14.345] [bmv2] [D] [thread 1762] [18.0] [cxt 0] Looking up key:
* hdr.ipv4.dstAddr    : 00000000

[15:05:14.345] [bmv2] [D] [thread 1762] [18.0] [cxt 0] Table 'MyIngress.ipv4_lpm': miss
[15:05:14.345] [bmv2] [D] [thread 1762] [18.0] [cxt 0] Action entry is NoAction - 
[15:05:14.345] [bmv2] [T] [thread 1762] [18.0] [cxt 0] Action NoAction
[15:05:14.345] [bmv2] [D] [thread 1762] [18.0] [cxt 0] Pipeline 'ingress': end
[15:05:14.345] [bmv2] [D] [thread 1762] [18.0] [cxt 0] Egress port is 0
[15:05:14.345] [bmv2] [D] [thread 1763] [18.0] [cxt 0] Pipeline 'egress': start
[15:05:14.345] [bmv2] [D] [thread 1763] [18.0] [cxt 0] Pipeline 'egress': end
[15:05:14.345] [bmv2] [D] [thread 1763] [18.0] [cxt 0] Deparser 'deparser': start
[15:05:14.345] [bmv2] [T] [thread 1763] [18.0] [cxt 0] Skipping checksum 'cksum' update because condition not met
[15:05:14.345] [bmv2] [D] [thread 1763] [18.0] [cxt 0] Deparser 'deparser': end
[15:05:14.345] [bmv2] [D] [thread 1767] [18.0] [cxt 0] Transmitting packet of size 90 out of port 0
[15:05:14.951] [bmv2] [D] [thread 1762] [19.0] [cxt 0] Processing packet received on port 4
[15:05:14.951] [bmv2] [D] [thread 1762] [19.0] [cxt 0] Parser 'parser': start
[15:05:14.951] [bmv2] [D] [thread 1762] [19.0] [cxt 0] Parser 'parser' entering state 'start'
[15:05:14.951] [bmv2] [D] [thread 1762] [19.0] [cxt 0] Parser state 'start' has no switch, going to default next state
[15:05:14.951] [bmv2] [T] [thread 1762] [19.0] [cxt 0] Bytes parsed: 0
[15:05:14.951] [bmv2] [D] [thread 1762] [19.0] [cxt 0] Parser 'parser': end
[15:05:14.951] [bmv2] [D] [thread 1762] [19.0] [cxt 0] Pipeline 'ingress': start
[15:05:14.951] [bmv2] [T] [thread 1762] [19.0] [cxt 0] Applying table 'MyIngress.ipv4_lpm'
[15:05:14.951] [bmv2] [D] [thread 1762] [19.0] [cxt 0] Looking up key:
* hdr.ipv4.dstAddr    : 00000000

[15:05:14.951] [bmv2] [D] [thread 1762] [19.0] [cxt 0] Table 'MyIngress.ipv4_lpm': miss
[15:05:14.951] [bmv2] [D] [thread 1762] [19.0] [cxt 0] Action entry is NoAction - 
[15:05:14.951] [bmv2] [T] [thread 1762] [19.0] [cxt 0] Action NoAction
[15:05:14.951] [bmv2] [D] [thread 1762] [19.0] [cxt 0] Pipeline 'ingress': end
[15:05:14.951] [bmv2] [D] [thread 1762] [19.0] [cxt 0] Egress port is 0
[15:05:14.951] [bmv2] [D] [thread 1763] [19.0] [cxt 0] Pipeline 'egress': start
[15:05:14.951] [bmv2] [D] [thread 1763] [19.0] [cxt 0] Pipeline 'egress': end
[15:05:14.951] [bmv2] [D] [thread 1763] [19.0] [cxt 0] Deparser 'deparser': start
[15:05:14.951] [bmv2] [T] [thread 1763] [19.0] [cxt 0] Skipping checksum 'cksum' update because condition not met
[15:05:14.951] [bmv2] [D] [thread 1763] [19.0] [cxt 0] Deparser 'deparser': end
[15:05:14.951] [bmv2] [D] [thread 1767] [19.0] [cxt 0] Transmitting packet of size 90 out of port 0
[15:05:16.137] [bmv2] [W] [thread 1827] [P4Runtime] p4::tmp::P4DeviceConfig is deprecated
[15:05:16.138] [bmv2] [D] [thread 1827] Set default default entry for table 'MyIngress.ipv4_lpm': NoAction - 
[15:05:16.140] [bmv2] [D] [thread 1827] simple_switch target has been notified of a config swap
[15:05:16.143] [bmv2] [D] [thread 1828] Set default entry for table 'MyIngress.ipv4_lpm': MyIngress.drop - 
[15:05:16.144] [bmv2] [D] [thread 1827] Entry 0 added to table 'MyIngress.ipv4_lpm'
[15:05:16.144] [bmv2] [D] [thread 1827] Dumping entry 0
Match key:
* hdr.ipv4.dstAddr    : LPM       0a000101/32
Action entry: MyIngress.ipv4_forward - 80000000300,4,

[15:05:16.145] [bmv2] [D] [thread 1828] Entry 1 added to table 'MyIngress.ipv4_lpm'
[15:05:16.145] [bmv2] [D] [thread 1828] Dumping entry 1
Match key:
* hdr.ipv4.dstAddr    : LPM       0a000202/32
Action entry: MyIngress.ipv4_forward - 80000000400,3,

[15:05:16.146] [bmv2] [D] [thread 1827] Entry 2 added to table 'MyIngress.ipv4_lpm'
[15:05:16.146] [bmv2] [D] [thread 1827] Dumping entry 2
Match key:
* hdr.ipv4.dstAddr    : LPM       0a000303/32
Action entry: MyIngress.ipv4_forward - 80000000333,1,

[15:05:16.147] [bmv2] [D] [thread 1828] Entry 3 added to table 'MyIngress.ipv4_lpm'
[15:05:16.147] [bmv2] [D] [thread 1828] Dumping entry 3
Match key:
* hdr.ipv4.dstAddr    : LPM       0a000404/32
Action entry: MyIngress.ipv4_forward - 80000000444,2,

[15:05:17.413] [bmv2] [D] [thread 1762] [20.0] [cxt 0] Processing packet received on port 3
[15:05:17.413] [bmv2] [D] [thread 1762] [20.0] [cxt 0] Parser 'parser': start
[15:05:17.413] [bmv2] [D] [thread 1762] [20.0] [cxt 0] Parser 'parser' entering state 'start'
[15:05:17.413] [bmv2] [D] [thread 1762] [20.0] [cxt 0] Parser state 'start' has no switch, going to default next state
[15:05:17.413] [bmv2] [T] [thread 1762] [20.0] [cxt 0] Bytes parsed: 0
[15:05:17.413] [bmv2] [D] [thread 1762] [20.0] [cxt 0] Parser 'parser': end
[15:05:17.413] [bmv2] [D] [thread 1762] [20.0] [cxt 0] Pipeline 'ingress': start
[15:05:17.413] [bmv2] [T] [thread 1762] [20.0] [cxt 0] Applying table 'MyIngress.ipv4_lpm'
[15:05:17.413] [bmv2] [D] [thread 1762] [20.0] [cxt 0] Looking up key:
* hdr.ipv4.dstAddr    : 00000000

[15:05:17.413] [bmv2] [D] [thread 1762] [20.0] [cxt 0] Table 'MyIngress.ipv4_lpm': miss
[15:05:17.413] [bmv2] [D] [thread 1762] [20.0] [cxt 0] Action entry is MyIngress.drop - 
[15:05:17.413] [bmv2] [T] [thread 1762] [20.0] [cxt 0] Action MyIngress.drop
[15:05:17.413] [bmv2] [T] [thread 1762] [20.0] [cxt 0] basic.p4(78) Primitive mark_to_drop(standard_metadata)
[15:05:17.413] [bmv2] [D] [thread 1762] [20.0] [cxt 0] Pipeline 'ingress': end
[15:05:17.413] [bmv2] [D] [thread 1762] [20.0] [cxt 0] Egress port is 511
[15:05:17.413] [bmv2] [D] [thread 1762] [20.0] [cxt 0] Dropping packet at the end of ingress
[15:05:17.670] [bmv2] [D] [thread 1762] [21.0] [cxt 0] Processing packet received on port 1
[15:05:17.670] [bmv2] [D] [thread 1762] [21.0] [cxt 0] Parser 'parser': start
[15:05:17.670] [bmv2] [D] [thread 1762] [21.0] [cxt 0] Parser 'parser' entering state 'start'
[15:05:17.670] [bmv2] [D] [thread 1762] [21.0] [cxt 0] Parser state 'start' has no switch, going to default next state
[15:05:17.670] [bmv2] [T] [thread 1762] [21.0] [cxt 0] Bytes parsed: 0
[15:05:17.670] [bmv2] [D] [thread 1762] [21.0] [cxt 0] Parser 'parser': end
[15:05:17.670] [bmv2] [D] [thread 1762] [21.0] [cxt 0] Pipeline 'ingress': start
[15:05:17.670] [bmv2] [T] [thread 1762] [21.0] [cxt 0] Applying table 'MyIngress.ipv4_lpm'
[15:05:17.670] [bmv2] [D] [thread 1762] [21.0] [cxt 0] Looking up key:
* hdr.ipv4.dstAddr    : 00000000

[15:05:17.670] [bmv2] [D] [thread 1762] [21.0] [cxt 0] Table 'MyIngress.ipv4_lpm': miss
[15:05:17.670] [bmv2] [D] [thread 1762] [21.0] [cxt 0] Action entry is MyIngress.drop - 
[15:05:17.670] [bmv2] [T] [thread 1762] [21.0] [cxt 0] Action MyIngress.drop
[15:05:17.670] [bmv2] [T] [thread 1762] [21.0] [cxt 0] basic.p4(78) Primitive mark_to_drop(standard_metadata)
[15:05:17.670] [bmv2] [D] [thread 1762] [21.0] [cxt 0] Pipeline 'ingress': end
[15:05:17.670] [bmv2] [D] [thread 1762] [21.0] [cxt 0] Egress port is 511
[15:05:17.670] [bmv2] [D] [thread 1762] [21.0] [cxt 0] Dropping packet at the end of ingress
[15:05:17.670] [bmv2] [D] [thread 1762] [22.0] [cxt 0] Processing packet received on port 3
[15:05:17.670] [bmv2] [D] [thread 1762] [22.0] [cxt 0] Parser 'parser': start
[15:05:17.670] [bmv2] [D] [thread 1762] [22.0] [cxt 0] Parser 'parser' entering state 'start'
[15:05:17.670] [bmv2] [D] [thread 1762] [22.0] [cxt 0] Parser state 'start' has no switch, going to default next state
[15:05:17.670] [bmv2] [T] [thread 1762] [22.0] [cxt 0] Bytes parsed: 0
[15:05:17.670] [bmv2] [D] [thread 1762] [22.0] [cxt 0] Parser 'parser': end
[15:05:17.670] [bmv2] [D] [thread 1762] [22.0] [cxt 0] Pipeline 'ingress': start
[15:05:17.670] [bmv2] [T] [thread 1762] [22.0] [cxt 0] Applying table 'MyIngress.ipv4_lpm'
[15:05:17.670] [bmv2] [D] [thread 1762] [22.0] [cxt 0] Looking up key:
* hdr.ipv4.dstAddr    : 00000000

[15:05:17.670] [bmv2] [D] [thread 1762] [22.0] [cxt 0] Table 'MyIngress.ipv4_lpm': miss
[15:05:17.670] [bmv2] [D] [thread 1762] [22.0] [cxt 0] Action entry is MyIngress.drop - 
[15:05:17.670] [bmv2] [T] [thread 1762] [22.0] [cxt 0] Action MyIngress.drop
[15:05:17.670] [bmv2] [T] [thread 1762] [22.0] [cxt 0] basic.p4(78) Primitive mark_to_drop(standard_metadata)
[15:05:17.670] [bmv2] [D] [thread 1762] [22.0] [cxt 0] Pipeline 'ingress': end
[15:05:17.670] [bmv2] [D] [thread 1762] [22.0] [cxt 0] Egress port is 511
[15:05:17.670] [bmv2] [D] [thread 1762] [22.0] [cxt 0] Dropping packet at the end of ingress
[15:05:17.928] [bmv2] [D] [thread 1762] [23.0] [cxt 0] Processing packet received on port 2
[15:05:17.928] [bmv2] [D] [thread 1762] [23.0] [cxt 0] Parser 'parser': start
[15:05:17.928] [bmv2] [D] [thread 1762] [23.0] [cxt 0] Parser 'parser' entering state 'start'
[15:05:17.928] [bmv2] [D] [thread 1762] [23.0] [cxt 0] Parser state 'start' has no switch, going to default next state
[15:05:17.928] [bmv2] [T] [thread 1762] [23.0] [cxt 0] Bytes parsed: 0
[15:05:17.928] [bmv2] [D] [thread 1762] [23.0] [cxt 0] Parser 'parser': end
[15:05:17.928] [bmv2] [D] [thread 1762] [23.0] [cxt 0] Pipeline 'ingress': start
[15:05:17.928] [bmv2] [T] [thread 1762] [23.0] [cxt 0] Applying table 'MyIngress.ipv4_lpm'
[15:05:17.928] [bmv2] [D] [thread 1762] [23.0] [cxt 0] Looking up key:
* hdr.ipv4.dstAddr    : 00000000

[15:05:17.928] [bmv2] [D] [thread 1762] [23.0] [cxt 0] Table 'MyIngress.ipv4_lpm': miss
[15:05:17.928] [bmv2] [D] [thread 1762] [23.0] [cxt 0] Action entry is MyIngress.drop - 
[15:05:17.928] [bmv2] [T] [thread 1762] [23.0] [cxt 0] Action MyIngress.drop
[15:05:17.928] [bmv2] [T] [thread 1762] [23.0] [cxt 0] basic.p4(78) Primitive mark_to_drop(standard_metadata)
[15:05:17.928] [bmv2] [D] [thread 1762] [23.0] [cxt 0] Pipeline 'ingress': end
[15:05:17.928] [bmv2] [D] [thread 1762] [23.0] [cxt 0] Egress port is 511
[15:05:17.928] [bmv2] [D] [thread 1762] [23.0] [cxt 0] Dropping packet at the end of ingress
[15:05:17.928] [bmv2] [D] [thread 1762] [24.0] [cxt 0] Processing packet received on port 4
[15:05:17.928] [bmv2] [D] [thread 1762] [24.0] [cxt 0] Parser 'parser': start
[15:05:17.928] [bmv2] [D] [thread 1762] [24.0] [cxt 0] Parser 'parser' entering state 'start'
[15:05:17.928] [bmv2] [D] [thread 1762] [24.0] [cxt 0] Parser state 'start' has no switch, going to default next state
[15:05:17.928] [bmv2] [T] [thread 1762] [24.0] [cxt 0] Bytes parsed: 0
[15:05:17.928] [bmv2] [D] [thread 1762] [24.0] [cxt 0] Parser 'parser': end
[15:05:17.928] [bmv2] [D] [thread 1762] [24.0] [cxt 0] Pipeline 'ingress': start
[15:05:17.928] [bmv2] [T] [thread 1762] [24.0] [cxt 0] Applying table 'MyIngress.ipv4_lpm'
[15:05:17.928] [bmv2] [D] [thread 1762] [24.0] [cxt 0] Looking up key:
* hdr.ipv4.dstAddr    : 00000000

[15:05:17.928] [bmv2] [D] [thread 1762] [24.0] [cxt 0] Table 'MyIngress.ipv4_lpm': miss
[15:05:17.928] [bmv2] [D] [thread 1762] [24.0] [cxt 0] Action entry is MyIngress.drop - 
[15:05:17.928] [bmv2] [T] [thread 1762] [24.0] [cxt 0] Action MyIngress.drop
[15:05:17.928] [bmv2] [T] [thread 1762] [24.0] [cxt 0] basic.p4(78) Primitive mark_to_drop(standard_metadata)
[15:05:17.928] [bmv2] [D] [thread 1762] [24.0] [cxt 0] Pipeline 'ingress': end
[15:05:17.928] [bmv2] [D] [thread 1762] [24.0] [cxt 0] Egress port is 511
[15:05:17.928] [bmv2] [D] [thread 1762] [24.0] [cxt 0] Dropping packet at the end of ingress
[15:05:18.437] [bmv2] [D] [thread 1762] [25.0] [cxt 0] Processing packet received on port 4
[15:05:18.437] [bmv2] [D] [thread 1762] [25.0] [cxt 0] Parser 'parser': start
[15:05:18.437] [bmv2] [D] [thread 1762] [25.0] [cxt 0] Parser 'parser' entering state 'start'
[15:05:18.437] [bmv2] [D] [thread 1762] [25.0] [cxt 0] Parser state 'start' has no switch, going to default next state
[15:05:18.437] [bmv2] [T] [thread 1762] [25.0] [cxt 0] Bytes parsed: 0
[15:05:18.437] [bmv2] [D] [thread 1762] [25.0] [cxt 0] Parser 'parser': end
[15:05:18.437] [bmv2] [D] [thread 1762] [25.0] [cxt 0] Pipeline 'ingress': start
[15:05:18.437] [bmv2] [T] [thread 1762] [25.0] [cxt 0] Applying table 'MyIngress.ipv4_lpm'
[15:05:18.437] [bmv2] [D] [thread 1762] [25.0] [cxt 0] Looking up key:
* hdr.ipv4.dstAddr    : 00000000

[15:05:18.437] [bmv2] [D] [thread 1762] [25.0] [cxt 0] Table 'MyIngress.ipv4_lpm': miss
[15:05:18.437] [bmv2] [D] [thread 1762] [25.0] [cxt 0] Action entry is MyIngress.drop - 
[15:05:18.437] [bmv2] [T] [thread 1762] [25.0] [cxt 0] Action MyIngress.drop
[15:05:18.437] [bmv2] [T] [thread 1762] [25.0] [cxt 0] basic.p4(78) Primitive mark_to_drop(standard_metadata)
[15:05:18.437] [bmv2] [D] [thread 1762] [25.0] [cxt 0] Pipeline 'ingress': end
[15:05:18.437] [bmv2] [D] [thread 1762] [25.0] [cxt 0] Egress port is 511
[15:05:18.437] [bmv2] [D] [thread 1762] [25.0] [cxt 0] Dropping packet at the end of ingress
[15:05:24.837] [bmv2] [D] [thread 1762] [26.0] [cxt 0] Processing packet received on port 1
[15:05:24.837] [bmv2] [D] [thread 1762] [26.0] [cxt 0] Parser 'parser': start
[15:05:24.837] [bmv2] [D] [thread 1762] [26.0] [cxt 0] Parser 'parser' entering state 'start'
[15:05:24.837] [bmv2] [D] [thread 1762] [26.0] [cxt 0] Parser state 'start' has no switch, going to default next state
[15:05:24.837] [bmv2] [T] [thread 1762] [26.0] [cxt 0] Bytes parsed: 0
[15:05:24.837] [bmv2] [D] [thread 1762] [26.0] [cxt 0] Parser 'parser': end
[15:05:24.837] [bmv2] [D] [thread 1762] [26.0] [cxt 0] Pipeline 'ingress': start
[15:05:24.837] [bmv2] [T] [thread 1762] [26.0] [cxt 0] Applying table 'MyIngress.ipv4_lpm'
[15:05:24.837] [bmv2] [D] [thread 1762] [26.0] [cxt 0] Looking up key:
* hdr.ipv4.dstAddr    : 00000000

[15:05:24.837] [bmv2] [D] [thread 1762] [26.0] [cxt 0] Table 'MyIngress.ipv4_lpm': miss
[15:05:24.837] [bmv2] [D] [thread 1762] [26.0] [cxt 0] Action entry is MyIngress.drop - 
[15:05:24.837] [bmv2] [T] [thread 1762] [26.0] [cxt 0] Action MyIngress.drop
[15:05:24.837] [bmv2] [T] [thread 1762] [26.0] [cxt 0] basic.p4(78) Primitive mark_to_drop(standard_metadata)
[15:05:24.837] [bmv2] [D] [thread 1762] [26.0] [cxt 0] Pipeline 'ingress': end
[15:05:24.837] [bmv2] [D] [thread 1762] [26.0] [cxt 0] Egress port is 511
[15:05:24.837] [bmv2] [D] [thread 1762] [26.0] [cxt 0] Dropping packet at the end of ingress
[15:05:24.837] [bmv2] [D] [thread 1762] [27.0] [cxt 0] Processing packet received on port 3
[15:05:24.837] [bmv2] [D] [thread 1762] [27.0] [cxt 0] Parser 'parser': start
[15:05:24.837] [bmv2] [D] [thread 1762] [27.0] [cxt 0] Parser 'parser' entering state 'start'
[15:05:24.837] [bmv2] [D] [thread 1762] [27.0] [cxt 0] Parser state 'start' has no switch, going to default next state
[15:05:24.837] [bmv2] [T] [thread 1762] [27.0] [cxt 0] Bytes parsed: 0
[15:05:24.837] [bmv2] [D] [thread 1762] [27.0] [cxt 0] Parser 'parser': end
[15:05:24.837] [bmv2] [D] [thread 1762] [27.0] [cxt 0] Pipeline 'ingress': start
[15:05:24.837] [bmv2] [T] [thread 1762] [27.0] [cxt 0] Applying table 'MyIngress.ipv4_lpm'
[15:05:24.837] [bmv2] [D] [thread 1762] [27.0] [cxt 0] Looking up key:
* hdr.ipv4.dstAddr    : 00000000

[15:05:24.837] [bmv2] [D] [thread 1762] [27.0] [cxt 0] Table 'MyIngress.ipv4_lpm': miss
[15:05:24.837] [bmv2] [D] [thread 1762] [27.0] [cxt 0] Action entry is MyIngress.drop - 
[15:05:24.838] [bmv2] [T] [thread 1762] [27.0] [cxt 0] Action MyIngress.drop
[15:05:24.838] [bmv2] [T] [thread 1762] [27.0] [cxt 0] basic.p4(78) Primitive mark_to_drop(standard_metadata)
[15:05:24.838] [bmv2] [D] [thread 1762] [27.0] [cxt 0] Pipeline 'ingress': end
[15:05:24.838] [bmv2] [D] [thread 1762] [27.0] [cxt 0] Egress port is 511
[15:05:24.838] [bmv2] [D] [thread 1762] [27.0] [cxt 0] Dropping packet at the end of ingress
[15:05:25.609] [bmv2] [D] [thread 1762] [28.0] [cxt 0] Processing packet received on port 3
[15:05:25.609] [bmv2] [D] [thread 1762] [28.0] [cxt 0] Parser 'parser': start
[15:05:25.609] [bmv2] [D] [thread 1762] [28.0] [cxt 0] Parser 'parser' entering state 'start'
[15:05:25.609] [bmv2] [D] [thread 1762] [28.0] [cxt 0] Parser state 'start' has no switch, going to default next state
[15:05:25.609] [bmv2] [T] [thread 1762] [28.0] [cxt 0] Bytes parsed: 0
[15:05:25.609] [bmv2] [D] [thread 1762] [28.0] [cxt 0] Parser 'parser': end
[15:05:25.609] [bmv2] [D] [thread 1762] [28.0] [cxt 0] Pipeline 'ingress': start
[15:05:25.609] [bmv2] [T] [thread 1762] [28.0] [cxt 0] Applying table 'MyIngress.ipv4_lpm'
[15:05:25.609] [bmv2] [D] [thread 1762] [28.0] [cxt 0] Looking up key:
* hdr.ipv4.dstAddr    : 00000000

[15:05:25.609] [bmv2] [D] [thread 1762] [28.0] [cxt 0] Table 'MyIngress.ipv4_lpm': miss
[15:05:25.609] [bmv2] [D] [thread 1762] [28.0] [cxt 0] Action entry is MyIngress.drop - 
[15:05:25.609] [bmv2] [T] [thread 1762] [28.0] [cxt 0] Action MyIngress.drop
[15:05:25.609] [bmv2] [T] [thread 1762] [28.0] [cxt 0] basic.p4(78) Primitive mark_to_drop(standard_metadata)
[15:05:25.609] [bmv2] [D] [thread 1762] [28.0] [cxt 0] Pipeline 'ingress': end
[15:05:25.609] [bmv2] [D] [thread 1762] [28.0] [cxt 0] Egress port is 511
[15:05:25.609] [bmv2] [D] [thread 1762] [28.0] [cxt 0] Dropping packet at the end of ingress
[15:05:26.374] [bmv2] [D] [thread 1762] [29.0] [cxt 0] Processing packet received on port 2
[15:05:26.374] [bmv2] [D] [thread 1762] [29.0] [cxt 0] Parser 'parser': start
[15:05:26.374] [bmv2] [D] [thread 1762] [29.0] [cxt 0] Parser 'parser' entering state 'start'
[15:05:26.374] [bmv2] [D] [thread 1762] [29.0] [cxt 0] Parser state 'start' has no switch, going to default next state
[15:05:26.374] [bmv2] [T] [thread 1762] [29.0] [cxt 0] Bytes parsed: 0
[15:05:26.374] [bmv2] [D] [thread 1762] [29.0] [cxt 0] Parser 'parser': end
[15:05:26.374] [bmv2] [D] [thread 1762] [29.0] [cxt 0] Pipeline 'ingress': start
[15:05:26.374] [bmv2] [T] [thread 1762] [29.0] [cxt 0] Applying table 'MyIngress.ipv4_lpm'
[15:05:26.374] [bmv2] [D] [thread 1762] [29.0] [cxt 0] Looking up key:
* hdr.ipv4.dstAddr    : 00000000

[15:05:26.374] [bmv2] [D] [thread 1762] [29.0] [cxt 0] Table 'MyIngress.ipv4_lpm': miss
[15:05:26.374] [bmv2] [D] [thread 1762] [29.0] [cxt 0] Action entry is MyIngress.drop - 
[15:05:26.374] [bmv2] [T] [thread 1762] [29.0] [cxt 0] Action MyIngress.drop
[15:05:26.374] [bmv2] [T] [thread 1762] [29.0] [cxt 0] basic.p4(78) Primitive mark_to_drop(standard_metadata)
[15:05:26.374] [bmv2] [D] [thread 1762] [29.0] [cxt 0] Pipeline 'ingress': end
[15:05:26.374] [bmv2] [D] [thread 1762] [29.0] [cxt 0] Egress port is 511
[15:05:26.374] [bmv2] [D] [thread 1762] [29.0] [cxt 0] Dropping packet at the end of ingress
[15:05:26.374] [bmv2] [D] [thread 1762] [30.0] [cxt 0] Processing packet received on port 4
[15:05:26.374] [bmv2] [D] [thread 1762] [30.0] [cxt 0] Parser 'parser': start
[15:05:26.374] [bmv2] [D] [thread 1762] [30.0] [cxt 0] Parser 'parser' entering state 'start'
[15:05:26.374] [bmv2] [D] [thread 1762] [30.0] [cxt 0] Parser state 'start' has no switch, going to default next state
[15:05:26.374] [bmv2] [T] [thread 1762] [30.0] [cxt 0] Bytes parsed: 0
[15:05:26.374] [bmv2] [D] [thread 1762] [30.0] [cxt 0] Parser 'parser': end
[15:05:26.374] [bmv2] [D] [thread 1762] [30.0] [cxt 0] Pipeline 'ingress': start
[15:05:26.374] [bmv2] [T] [thread 1762] [30.0] [cxt 0] Applying table 'MyIngress.ipv4_lpm'
[15:05:26.374] [bmv2] [D] [thread 1762] [30.0] [cxt 0] Looking up key:
* hdr.ipv4.dstAddr    : 00000000

[15:05:26.374] [bmv2] [D] [thread 1762] [30.0] [cxt 0] Table 'MyIngress.ipv4_lpm': miss
[15:05:26.374] [bmv2] [D] [thread 1762] [30.0] [cxt 0] Action entry is MyIngress.drop - 
[15:05:26.374] [bmv2] [T] [thread 1762] [30.0] [cxt 0] Action MyIngress.drop
[15:05:26.374] [bmv2] [T] [thread 1762] [30.0] [cxt 0] basic.p4(78) Primitive mark_to_drop(standard_metadata)
[15:05:26.374] [bmv2] [D] [thread 1762] [30.0] [cxt 0] Pipeline 'ingress': end
[15:05:26.374] [bmv2] [D] [thread 1762] [30.0] [cxt 0] Egress port is 511
[15:05:26.374] [bmv2] [D] [thread 1762] [30.0] [cxt 0] Dropping packet at the end of ingress
[15:05:26.886] [bmv2] [D] [thread 1762] [31.0] [cxt 0] Processing packet received on port 4
[15:05:26.886] [bmv2] [D] [thread 1762] [31.0] [cxt 0] Parser 'parser': start
[15:05:26.886] [bmv2] [D] [thread 1762] [31.0] [cxt 0] Parser 'parser' entering state 'start'
[15:05:26.886] [bmv2] [D] [thread 1762] [31.0] [cxt 0] Parser state 'start' has no switch, going to default next state
[15:05:26.886] [bmv2] [T] [thread 1762] [31.0] [cxt 0] Bytes parsed: 0
[15:05:26.886] [bmv2] [D] [thread 1762] [31.0] [cxt 0] Parser 'parser': end
[15:05:26.886] [bmv2] [D] [thread 1762] [31.0] [cxt 0] Pipeline 'ingress': start
[15:05:26.886] [bmv2] [T] [thread 1762] [31.0] [cxt 0] Applying table 'MyIngress.ipv4_lpm'
[15:05:26.886] [bmv2] [D] [thread 1762] [31.0] [cxt 0] Looking up key:
* hdr.ipv4.dstAddr    : 00000000

[15:05:26.886] [bmv2] [D] [thread 1762] [31.0] [cxt 0] Table 'MyIngress.ipv4_lpm': miss
[15:05:26.886] [bmv2] [D] [thread 1762] [31.0] [cxt 0] Action entry is MyIngress.drop - 
[15:05:26.886] [bmv2] [T] [thread 1762] [31.0] [cxt 0] Action MyIngress.drop
[15:05:26.886] [bmv2] [T] [thread 1762] [31.0] [cxt 0] basic.p4(78) Primitive mark_to_drop(standard_metadata)
[15:05:26.886] [bmv2] [D] [thread 1762] [31.0] [cxt 0] Pipeline 'ingress': end
[15:05:26.886] [bmv2] [D] [thread 1762] [31.0] [cxt 0] Egress port is 511
[15:05:26.886] [bmv2] [D] [thread 1762] [31.0] [cxt 0] Dropping packet at the end of ingress
[15:05:38.407] [bmv2] [D] [thread 1762] [32.0] [cxt 0] Processing packet received on port 1
[15:05:38.407] [bmv2] [D] [thread 1762] [32.0] [cxt 0] Parser 'parser': start
[15:05:38.407] [bmv2] [D] [thread 1762] [32.0] [cxt 0] Parser 'parser' entering state 'start'
[15:05:38.407] [bmv2] [D] [thread 1762] [32.0] [cxt 0] Parser state 'start' has no switch, going to default next state
[15:05:38.407] [bmv2] [T] [thread 1762] [32.0] [cxt 0] Bytes parsed: 0
[15:05:38.407] [bmv2] [D] [thread 1762] [32.0] [cxt 0] Parser 'parser': end
[15:05:38.407] [bmv2] [D] [thread 1762] [32.0] [cxt 0] Pipeline 'ingress': start
[15:05:38.407] [bmv2] [T] [thread 1762] [32.0] [cxt 0] Applying table 'MyIngress.ipv4_lpm'
[15:05:38.407] [bmv2] [D] [thread 1762] [32.0] [cxt 0] Looking up key:
* hdr.ipv4.dstAddr    : 00000000

[15:05:38.407] [bmv2] [D] [thread 1762] [32.0] [cxt 0] Table 'MyIngress.ipv4_lpm': miss
[15:05:38.407] [bmv2] [D] [thread 1762] [32.0] [cxt 0] Action entry is MyIngress.drop - 
[15:05:38.407] [bmv2] [T] [thread 1762] [32.0] [cxt 0] Action MyIngress.drop
[15:05:38.407] [bmv2] [T] [thread 1762] [32.0] [cxt 0] basic.p4(78) Primitive mark_to_drop(standard_metadata)
[15:05:38.407] [bmv2] [D] [thread 1762] [32.0] [cxt 0] Pipeline 'ingress': end
[15:05:38.407] [bmv2] [D] [thread 1762] [32.0] [cxt 0] Egress port is 511
[15:05:38.407] [bmv2] [D] [thread 1762] [32.0] [cxt 0] Dropping packet at the end of ingress
[15:05:39.684] [bmv2] [D] [thread 1762] [33.0] [cxt 0] Processing packet received on port 3
[15:05:39.684] [bmv2] [D] [thread 1762] [33.0] [cxt 0] Parser 'parser': start
[15:05:39.684] [bmv2] [D] [thread 1762] [33.0] [cxt 0] Parser 'parser' entering state 'start'
[15:05:39.684] [bmv2] [D] [thread 1762] [33.0] [cxt 0] Parser state 'start' has no switch, going to default next state
[15:05:39.684] [bmv2] [T] [thread 1762] [33.0] [cxt 0] Bytes parsed: 0
[15:05:39.684] [bmv2] [D] [thread 1762] [33.0] [cxt 0] Parser 'parser': end
[15:05:39.684] [bmv2] [D] [thread 1762] [33.0] [cxt 0] Pipeline 'ingress': start
[15:05:39.684] [bmv2] [T] [thread 1762] [33.0] [cxt 0] Applying table 'MyIngress.ipv4_lpm'
[15:05:39.684] [bmv2] [D] [thread 1762] [33.0] [cxt 0] Looking up key:
* hdr.ipv4.dstAddr    : 00000000

[15:05:39.684] [bmv2] [D] [thread 1762] [33.0] [cxt 0] Table 'MyIngress.ipv4_lpm': miss
[15:05:39.684] [bmv2] [D] [thread 1762] [33.0] [cxt 0] Action entry is MyIngress.drop - 
[15:05:39.684] [bmv2] [T] [thread 1762] [33.0] [cxt 0] Action MyIngress.drop
[15:05:39.684] [bmv2] [T] [thread 1762] [33.0] [cxt 0] basic.p4(78) Primitive mark_to_drop(standard_metadata)
[15:05:39.684] [bmv2] [D] [thread 1762] [33.0] [cxt 0] Pipeline 'ingress': end
[15:05:39.684] [bmv2] [D] [thread 1762] [33.0] [cxt 0] Egress port is 511
[15:05:39.684] [bmv2] [D] [thread 1762] [33.0] [cxt 0] Dropping packet at the end of ingress
[15:05:40.966] [bmv2] [D] [thread 1762] [34.0] [cxt 0] Processing packet received on port 3
[15:05:40.966] [bmv2] [D] [thread 1762] [34.0] [cxt 0] Parser 'parser': start
[15:05:40.966] [bmv2] [D] [thread 1762] [34.0] [cxt 0] Parser 'parser' entering state 'start'
[15:05:40.966] [bmv2] [D] [thread 1762] [34.0] [cxt 0] Parser state 'start' has no switch, going to default next state
[15:05:40.966] [bmv2] [T] [thread 1762] [34.0] [cxt 0] Bytes parsed: 0
[15:05:40.966] [bmv2] [D] [thread 1762] [34.0] [cxt 0] Parser 'parser': end
[15:05:40.966] [bmv2] [D] [thread 1762] [34.0] [cxt 0] Pipeline 'ingress': start
[15:05:40.966] [bmv2] [T] [thread 1762] [34.0] [cxt 0] Applying table 'MyIngress.ipv4_lpm'
[15:05:40.966] [bmv2] [D] [thread 1762] [34.0] [cxt 0] Looking up key:
* hdr.ipv4.dstAddr    : 00000000

[15:05:40.966] [bmv2] [D] [thread 1762] [34.0] [cxt 0] Table 'MyIngress.ipv4_lpm': miss
[15:05:40.966] [bmv2] [D] [thread 1762] [34.0] [cxt 0] Action entry is MyIngress.drop - 
[15:05:40.966] [bmv2] [T] [thread 1762] [34.0] [cxt 0] Action MyIngress.drop
[15:05:40.966] [bmv2] [T] [thread 1762] [34.0] [cxt 0] basic.p4(78) Primitive mark_to_drop(standard_metadata)
[15:05:40.966] [bmv2] [D] [thread 1762] [34.0] [cxt 0] Pipeline 'ingress': end
[15:05:40.966] [bmv2] [D] [thread 1762] [34.0] [cxt 0] Egress port is 511
[15:05:40.966] [bmv2] [D] [thread 1762] [34.0] [cxt 0] Dropping packet at the end of ingress
[15:05:42.245] [bmv2] [D] [thread 1762] [35.0] [cxt 0] Processing packet received on port 4
[15:05:42.245] [bmv2] [D] [thread 1762] [35.0] [cxt 0] Parser 'parser': start
[15:05:42.245] [bmv2] [D] [thread 1762] [35.0] [cxt 0] Parser 'parser' entering state 'start'
[15:05:42.245] [bmv2] [D] [thread 1762] [35.0] [cxt 0] Parser state 'start' has no switch, going to default next state
[15:05:42.245] [bmv2] [T] [thread 1762] [35.0] [cxt 0] Bytes parsed: 0
[15:05:42.245] [bmv2] [D] [thread 1762] [35.0] [cxt 0] Parser 'parser': end
[15:05:42.245] [bmv2] [D] [thread 1762] [35.0] [cxt 0] Pipeline 'ingress': start
[15:05:42.245] [bmv2] [T] [thread 1762] [35.0] [cxt 0] Applying table 'MyIngress.ipv4_lpm'
[15:05:42.245] [bmv2] [D] [thread 1762] [35.0] [cxt 0] Looking up key:
* hdr.ipv4.dstAddr    : 00000000

[15:05:42.245] [bmv2] [D] [thread 1762] [35.0] [cxt 0] Table 'MyIngress.ipv4_lpm': miss
[15:05:42.245] [bmv2] [D] [thread 1762] [35.0] [cxt 0] Action entry is MyIngress.drop - 
[15:05:42.245] [bmv2] [T] [thread 1762] [35.0] [cxt 0] Action MyIngress.drop
[15:05:42.245] [bmv2] [T] [thread 1762] [35.0] [cxt 0] basic.p4(78) Primitive mark_to_drop(standard_metadata)
[15:05:42.245] [bmv2] [D] [thread 1762] [35.0] [cxt 0] Pipeline 'ingress': end
[15:05:42.245] [bmv2] [D] [thread 1762] [35.0] [cxt 0] Egress port is 511
[15:05:42.245] [bmv2] [D] [thread 1762] [35.0] [cxt 0] Dropping packet at the end of ingress
[15:05:42.501] [bmv2] [D] [thread 1762] [36.0] [cxt 0] Processing packet received on port 2
[15:05:42.501] [bmv2] [D] [thread 1762] [36.0] [cxt 0] Parser 'parser': start
[15:05:42.501] [bmv2] [D] [thread 1762] [36.0] [cxt 0] Parser 'parser' entering state 'start'
[15:05:42.501] [bmv2] [D] [thread 1762] [36.0] [cxt 0] Parser state 'start' has no switch, going to default next state
[15:05:42.501] [bmv2] [T] [thread 1762] [36.0] [cxt 0] Bytes parsed: 0
[15:05:42.501] [bmv2] [D] [thread 1762] [36.0] [cxt 0] Parser 'parser': end
[15:05:42.501] [bmv2] [D] [thread 1762] [36.0] [cxt 0] Pipeline 'ingress': start
[15:05:42.501] [bmv2] [T] [thread 1762] [36.0] [cxt 0] Applying table 'MyIngress.ipv4_lpm'
[15:05:42.501] [bmv2] [D] [thread 1762] [36.0] [cxt 0] Looking up key:
* hdr.ipv4.dstAddr    : 00000000

[15:05:42.501] [bmv2] [D] [thread 1762] [36.0] [cxt 0] Table 'MyIngress.ipv4_lpm': miss
[15:05:42.501] [bmv2] [D] [thread 1762] [36.0] [cxt 0] Action entry is MyIngress.drop - 
[15:05:42.501] [bmv2] [T] [thread 1762] [36.0] [cxt 0] Action MyIngress.drop
[15:05:42.501] [bmv2] [T] [thread 1762] [36.0] [cxt 0] basic.p4(78) Primitive mark_to_drop(standard_metadata)
[15:05:42.501] [bmv2] [D] [thread 1762] [36.0] [cxt 0] Pipeline 'ingress': end
[15:05:42.501] [bmv2] [D] [thread 1762] [36.0] [cxt 0] Egress port is 511
[15:05:42.501] [bmv2] [D] [thread 1762] [36.0] [cxt 0] Dropping packet at the end of ingress
[15:05:44.042] [bmv2] [D] [thread 1762] [37.0] [cxt 0] Processing packet received on port 4
[15:05:44.042] [bmv2] [D] [thread 1762] [37.0] [cxt 0] Parser 'parser': start
[15:05:44.042] [bmv2] [D] [thread 1762] [37.0] [cxt 0] Parser 'parser' entering state 'start'
[15:05:44.042] [bmv2] [D] [thread 1762] [37.0] [cxt 0] Parser state 'start' has no switch, going to default next state
[15:05:44.042] [bmv2] [T] [thread 1762] [37.0] [cxt 0] Bytes parsed: 0
[15:05:44.042] [bmv2] [D] [thread 1762] [37.0] [cxt 0] Parser 'parser': end
[15:05:44.042] [bmv2] [D] [thread 1762] [37.0] [cxt 0] Pipeline 'ingress': start
[15:05:44.042] [bmv2] [T] [thread 1762] [37.0] [cxt 0] Applying table 'MyIngress.ipv4_lpm'
[15:05:44.042] [bmv2] [D] [thread 1762] [37.0] [cxt 0] Looking up key:
* hdr.ipv4.dstAddr    : 00000000

[15:05:44.042] [bmv2] [D] [thread 1762] [37.0] [cxt 0] Table 'MyIngress.ipv4_lpm': miss
[15:05:44.042] [bmv2] [D] [thread 1762] [37.0] [cxt 0] Action entry is MyIngress.drop - 
[15:05:44.042] [bmv2] [T] [thread 1762] [37.0] [cxt 0] Action MyIngress.drop
[15:05:44.042] [bmv2] [T] [thread 1762] [37.0] [cxt 0] basic.p4(78) Primitive mark_to_drop(standard_metadata)
[15:05:44.042] [bmv2] [D] [thread 1762] [37.0] [cxt 0] Pipeline 'ingress': end
[15:05:44.042] [bmv2] [D] [thread 1762] [37.0] [cxt 0] Egress port is 511
[15:05:44.042] [bmv2] [D] [thread 1762] [37.0] [cxt 0] Dropping packet at the end of ingress
open: No such file or directory
open: No such file or directory
open: No such file or directory
open: No such file or directory
open: No such file or directory
