Calling target program-options parser
[15:05:13.756] [bmv2] [D] [thread 1771] Set default default entry for table 'MyIngress.ipv4_lpm': NoAction - 
Adding interface s3-eth1 as port 1
[15:05:13.756] [bmv2] [D] [thread 1771] Adding interface s3-eth1 as port 1
Adding interface s3-eth2 as port 2
[15:05:13.793] [bmv2] [D] [thread 1771] Adding interface s3-eth2 as port 2
Server listening on 0.0.0.0:50053
[15:05:13.838] [bmv2] [I] [thread 1771] Starting Thrift server on port 9092
[15:05:13.839] [bmv2] [I] [thread 1771] Thrift server was started
[15:05:14.121] [bmv2] [D] [thread 1781] [0.0] [cxt 0] Processing packet received on port 1
[15:05:14.121] [bmv2] [D] [thread 1781] [0.0] [cxt 0] Parser 'parser': start
[15:05:14.121] [bmv2] [D] [thread 1781] [0.0] [cxt 0] Parser 'parser' entering state 'start'
[15:05:14.121] [bmv2] [D] [thread 1781] [0.0] [cxt 0] Parser state 'start' has no switch, going to default next state
[15:05:14.121] [bmv2] [T] [thread 1781] [0.0] [cxt 0] Bytes parsed: 0
[15:05:14.121] [bmv2] [D] [thread 1781] [0.0] [cxt 0] Parser 'parser': end
[15:05:14.121] [bmv2] [D] [thread 1781] [0.0] [cxt 0] Pipeline 'ingress': start
[15:05:14.121] [bmv2] [T] [thread 1781] [0.0] [cxt 0] Applying table 'MyIngress.ipv4_lpm'
[15:05:14.121] [bmv2] [D] [thread 1781] [0.0] [cxt 0] Looking up key:
* hdr.ipv4.dstAddr    : 00000000

[15:05:14.121] [bmv2] [D] [thread 1781] [0.0] [cxt 0] Table 'MyIngress.ipv4_lpm': miss
[15:05:14.121] [bmv2] [D] [thread 1781] [0.0] [cxt 0] Action entry is NoAction - 
[15:05:14.121] [bmv2] [T] [thread 1781] [0.0] [cxt 0] Action NoAction
[15:05:14.121] [bmv2] [D] [thread 1781] [0.0] [cxt 0] Pipeline 'ingress': end
[15:05:14.121] [bmv2] [D] [thread 1781] [0.0] [cxt 0] Egress port is 0
[15:05:14.121] [bmv2] [D] [thread 1781] [1.0] [cxt 0] Processing packet received on port 1
[15:05:14.121] [bmv2] [D] [thread 1781] [1.0] [cxt 0] Parser 'parser': start
[15:05:14.121] [bmv2] [D] [thread 1781] [1.0] [cxt 0] Parser 'parser' entering state 'start'
[15:05:14.121] [bmv2] [D] [thread 1781] [1.0] [cxt 0] Parser state 'start' has no switch, going to default next state
[15:05:14.121] [bmv2] [T] [thread 1781] [1.0] [cxt 0] Bytes parsed: 0
[15:05:14.121] [bmv2] [D] [thread 1781] [1.0] [cxt 0] Parser 'parser': end
[15:05:14.121] [bmv2] [D] [thread 1781] [1.0] [cxt 0] Pipeline 'ingress': start
[15:05:14.121] [bmv2] [T] [thread 1781] [1.0] [cxt 0] Applying table 'MyIngress.ipv4_lpm'
[15:05:14.121] [bmv2] [D] [thread 1781] [1.0] [cxt 0] Looking up key:
* hdr.ipv4.dstAddr    : 00000000

[15:05:14.121] [bmv2] [D] [thread 1781] [1.0] [cxt 0] Table 'MyIngress.ipv4_lpm': miss
[15:05:14.121] [bmv2] [D] [thread 1781] [1.0] [cxt 0] Action entry is NoAction - 
[15:05:14.121] [bmv2] [T] [thread 1781] [1.0] [cxt 0] Action NoAction
[15:05:14.121] [bmv2] [D] [thread 1781] [1.0] [cxt 0] Pipeline 'ingress': end
[15:05:14.121] [bmv2] [D] [thread 1781] [1.0] [cxt 0] Egress port is 0
[15:05:14.122] [bmv2] [D] [thread 1782] [0.0] [cxt 0] Pipeline 'egress': start
[15:05:14.122] [bmv2] [D] [thread 1782] [0.0] [cxt 0] Pipeline 'egress': end
[15:05:14.122] [bmv2] [D] [thread 1782] [0.0] [cxt 0] Deparser 'deparser': start
[15:05:14.122] [bmv2] [T] [thread 1782] [0.0] [cxt 0] Skipping checksum 'cksum' update because condition not met
[15:05:14.122] [bmv2] [D] [thread 1782] [0.0] [cxt 0] Deparser 'deparser': end
[15:05:14.122] [bmv2] [D] [thread 1782] [1.0] [cxt 0] Pipeline 'egress': start
[15:05:14.122] [bmv2] [D] [thread 1782] [1.0] [cxt 0] Pipeline 'egress': end
[15:05:14.122] [bmv2] [D] [thread 1782] [1.0] [cxt 0] Deparser 'deparser': start
[15:05:14.122] [bmv2] [T] [thread 1782] [1.0] [cxt 0] Skipping checksum 'cksum' update because condition not met
[15:05:14.122] [bmv2] [D] [thread 1782] [1.0] [cxt 0] Deparser 'deparser': end
[15:05:14.122] [bmv2] [D] [thread 1786] [0.0] [cxt 0] Transmitting packet of size 90 out of port 0
[15:05:14.122] [bmv2] [D] [thread 1786] [1.0] [cxt 0] Transmitting packet of size 70 out of port 0
[15:05:14.213] [bmv2] [D] [thread 1781] [2.0] [cxt 0] Processing packet received on port 2
[15:05:14.213] [bmv2] [D] [thread 1781] [2.0] [cxt 0] Parser 'parser': start
[15:05:14.213] [bmv2] [D] [thread 1781] [2.0] [cxt 0] Parser 'parser' entering state 'start'
[15:05:14.213] [bmv2] [D] [thread 1781] [2.0] [cxt 0] Parser state 'start' has no switch, going to default next state
[15:05:14.213] [bmv2] [T] [thread 1781] [2.0] [cxt 0] Bytes parsed: 0
[15:05:14.213] [bmv2] [D] [thread 1781] [2.0] [cxt 0] Parser 'parser': end
[15:05:14.213] [bmv2] [D] [thread 1781] [2.0] [cxt 0] Pipeline 'ingress': start
[15:05:14.213] [bmv2] [T] [thread 1781] [2.0] [cxt 0] Applying table 'MyIngress.ipv4_lpm'
[15:05:14.213] [bmv2] [D] [thread 1781] [2.0] [cxt 0] Looking up key:
* hdr.ipv4.dstAddr    : 00000000

[15:05:14.213] [bmv2] [D] [thread 1781] [2.0] [cxt 0] Table 'MyIngress.ipv4_lpm': miss
[15:05:14.213] [bmv2] [D] [thread 1781] [2.0] [cxt 0] Action entry is NoAction - 
[15:05:14.213] [bmv2] [T] [thread 1781] [2.0] [cxt 0] Action NoAction
[15:05:14.213] [bmv2] [D] [thread 1781] [2.0] [cxt 0] Pipeline 'ingress': end
[15:05:14.213] [bmv2] [D] [thread 1781] [2.0] [cxt 0] Egress port is 0
[15:05:14.214] [bmv2] [D] [thread 1782] [2.0] [cxt 0] Pipeline 'egress': start
[15:05:14.214] [bmv2] [D] [thread 1782] [2.0] [cxt 0] Pipeline 'egress': end
[15:05:14.214] [bmv2] [D] [thread 1782] [2.0] [cxt 0] Deparser 'deparser': start
[15:05:14.214] [bmv2] [T] [thread 1782] [2.0] [cxt 0] Skipping checksum 'cksum' update because condition not met
[15:05:14.214] [bmv2] [D] [thread 1782] [2.0] [cxt 0] Deparser 'deparser': end
[15:05:14.214] [bmv2] [D] [thread 1786] [2.0] [cxt 0] Transmitting packet of size 90 out of port 0
[15:05:14.316] [bmv2] [D] [thread 1781] [3.0] [cxt 0] Processing packet received on port 2
[15:05:14.316] [bmv2] [D] [thread 1781] [3.0] [cxt 0] Parser 'parser': start
[15:05:14.316] [bmv2] [D] [thread 1781] [3.0] [cxt 0] Parser 'parser' entering state 'start'
[15:05:14.316] [bmv2] [D] [thread 1781] [3.0] [cxt 0] Parser state 'start' has no switch, going to default next state
[15:05:14.316] [bmv2] [T] [thread 1781] [3.0] [cxt 0] Bytes parsed: 0
[15:05:14.316] [bmv2] [D] [thread 1781] [3.0] [cxt 0] Parser 'parser': end
[15:05:14.316] [bmv2] [D] [thread 1781] [3.0] [cxt 0] Pipeline 'ingress': start
[15:05:14.316] [bmv2] [T] [thread 1781] [3.0] [cxt 0] Applying table 'MyIngress.ipv4_lpm'
[15:05:14.316] [bmv2] [D] [thread 1781] [3.0] [cxt 0] Looking up key:
* hdr.ipv4.dstAddr    : 00000000

[15:05:14.316] [bmv2] [D] [thread 1781] [3.0] [cxt 0] Table 'MyIngress.ipv4_lpm': miss
[15:05:14.316] [bmv2] [D] [thread 1781] [3.0] [cxt 0] Action entry is NoAction - 
[15:05:14.316] [bmv2] [T] [thread 1781] [3.0] [cxt 0] Action NoAction
[15:05:14.316] [bmv2] [D] [thread 1781] [3.0] [cxt 0] Pipeline 'ingress': end
[15:05:14.316] [bmv2] [D] [thread 1781] [3.0] [cxt 0] Egress port is 0
[15:05:14.316] [bmv2] [D] [thread 1781] [4.0] [cxt 0] Processing packet received on port 2
[15:05:14.316] [bmv2] [D] [thread 1781] [4.0] [cxt 0] Parser 'parser': start
[15:05:14.316] [bmv2] [D] [thread 1781] [4.0] [cxt 0] Parser 'parser' entering state 'start'
[15:05:14.316] [bmv2] [D] [thread 1781] [4.0] [cxt 0] Parser state 'start' has no switch, going to default next state
[15:05:14.316] [bmv2] [T] [thread 1781] [4.0] [cxt 0] Bytes parsed: 0
[15:05:14.316] [bmv2] [D] [thread 1781] [4.0] [cxt 0] Parser 'parser': end
[15:05:14.316] [bmv2] [D] [thread 1781] [4.0] [cxt 0] Pipeline 'ingress': start
[15:05:14.316] [bmv2] [T] [thread 1781] [4.0] [cxt 0] Applying table 'MyIngress.ipv4_lpm'
[15:05:14.316] [bmv2] [D] [thread 1781] [4.0] [cxt 0] Looking up key:
* hdr.ipv4.dstAddr    : 00000000

[15:05:14.316] [bmv2] [D] [thread 1781] [4.0] [cxt 0] Table 'MyIngress.ipv4_lpm': miss
[15:05:14.316] [bmv2] [D] [thread 1781] [4.0] [cxt 0] Action entry is NoAction - 
[15:05:14.316] [bmv2] [T] [thread 1781] [4.0] [cxt 0] Action NoAction
[15:05:14.316] [bmv2] [D] [thread 1781] [4.0] [cxt 0] Pipeline 'ingress': end
[15:05:14.316] [bmv2] [D] [thread 1781] [4.0] [cxt 0] Egress port is 0
[15:05:14.317] [bmv2] [D] [thread 1782] [3.0] [cxt 0] Pipeline 'egress': start
[15:05:14.317] [bmv2] [D] [thread 1782] [3.0] [cxt 0] Pipeline 'egress': end
[15:05:14.317] [bmv2] [D] [thread 1782] [3.0] [cxt 0] Deparser 'deparser': start
[15:05:14.317] [bmv2] [T] [thread 1782] [3.0] [cxt 0] Skipping checksum 'cksum' update because condition not met
[15:05:14.317] [bmv2] [D] [thread 1782] [3.0] [cxt 0] Deparser 'deparser': end
[15:05:14.317] [bmv2] [D] [thread 1782] [4.0] [cxt 0] Pipeline 'egress': start
[15:05:14.317] [bmv2] [D] [thread 1782] [4.0] [cxt 0] Pipeline 'egress': end
[15:05:14.317] [bmv2] [D] [thread 1782] [4.0] [cxt 0] Deparser 'deparser': start
[15:05:14.317] [bmv2] [T] [thread 1782] [4.0] [cxt 0] Skipping checksum 'cksum' update because condition not met
[15:05:14.317] [bmv2] [D] [thread 1782] [4.0] [cxt 0] Deparser 'deparser': end
[15:05:14.318] [bmv2] [D] [thread 1786] [3.0] [cxt 0] Transmitting packet of size 90 out of port 0
[15:05:14.318] [bmv2] [D] [thread 1786] [4.0] [cxt 0] Transmitting packet of size 70 out of port 0
[15:05:14.377] [bmv2] [D] [thread 1781] [5.0] [cxt 0] Processing packet received on port 1
[15:05:14.377] [bmv2] [D] [thread 1781] [5.0] [cxt 0] Parser 'parser': start
[15:05:14.377] [bmv2] [D] [thread 1781] [5.0] [cxt 0] Parser 'parser' entering state 'start'
[15:05:14.377] [bmv2] [D] [thread 1781] [5.0] [cxt 0] Parser state 'start' has no switch, going to default next state
[15:05:14.377] [bmv2] [T] [thread 1781] [5.0] [cxt 0] Bytes parsed: 0
[15:05:14.377] [bmv2] [D] [thread 1781] [5.0] [cxt 0] Parser 'parser': end
[15:05:14.377] [bmv2] [D] [thread 1781] [5.0] [cxt 0] Pipeline 'ingress': start
[15:05:14.377] [bmv2] [T] [thread 1781] [5.0] [cxt 0] Applying table 'MyIngress.ipv4_lpm'
[15:05:14.377] [bmv2] [D] [thread 1781] [5.0] [cxt 0] Looking up key:
* hdr.ipv4.dstAddr    : 00000000

[15:05:14.377] [bmv2] [D] [thread 1781] [5.0] [cxt 0] Table 'MyIngress.ipv4_lpm': miss
[15:05:14.377] [bmv2] [D] [thread 1781] [5.0] [cxt 0] Action entry is NoAction - 
[15:05:14.377] [bmv2] [T] [thread 1781] [5.0] [cxt 0] Action NoAction
[15:05:14.377] [bmv2] [D] [thread 1781] [5.0] [cxt 0] Pipeline 'ingress': end
[15:05:14.377] [bmv2] [D] [thread 1781] [5.0] [cxt 0] Egress port is 0
[15:05:14.377] [bmv2] [D] [thread 1782] [5.0] [cxt 0] Pipeline 'egress': start
[15:05:14.377] [bmv2] [D] [thread 1782] [5.0] [cxt 0] Pipeline 'egress': end
[15:05:14.377] [bmv2] [D] [thread 1782] [5.0] [cxt 0] Deparser 'deparser': start
[15:05:14.377] [bmv2] [T] [thread 1782] [5.0] [cxt 0] Skipping checksum 'cksum' update because condition not met
[15:05:14.377] [bmv2] [D] [thread 1782] [5.0] [cxt 0] Deparser 'deparser': end
[15:05:14.377] [bmv2] [D] [thread 1786] [5.0] [cxt 0] Transmitting packet of size 90 out of port 0
[15:05:14.632] [bmv2] [D] [thread 1781] [6.0] [cxt 0] Processing packet received on port 1
[15:05:14.632] [bmv2] [D] [thread 1781] [6.0] [cxt 0] Parser 'parser': start
[15:05:14.632] [bmv2] [D] [thread 1781] [6.0] [cxt 0] Parser 'parser' entering state 'start'
[15:05:14.632] [bmv2] [D] [thread 1781] [6.0] [cxt 0] Parser state 'start' has no switch, going to default next state
[15:05:14.632] [bmv2] [T] [thread 1781] [6.0] [cxt 0] Bytes parsed: 0
[15:05:14.632] [bmv2] [D] [thread 1781] [6.0] [cxt 0] Parser 'parser': end
[15:05:14.632] [bmv2] [D] [thread 1781] [6.0] [cxt 0] Pipeline 'ingress': start
[15:05:14.632] [bmv2] [T] [thread 1781] [6.0] [cxt 0] Applying table 'MyIngress.ipv4_lpm'
[15:05:14.632] [bmv2] [D] [thread 1781] [6.0] [cxt 0] Looking up key:
* hdr.ipv4.dstAddr    : 00000000

[15:05:14.632] [bmv2] [D] [thread 1781] [6.0] [cxt 0] Table 'MyIngress.ipv4_lpm': miss
[15:05:14.632] [bmv2] [D] [thread 1781] [6.0] [cxt 0] Action entry is NoAction - 
[15:05:14.632] [bmv2] [T] [thread 1781] [6.0] [cxt 0] Action NoAction
[15:05:14.632] [bmv2] [D] [thread 1781] [6.0] [cxt 0] Pipeline 'ingress': end
[15:05:14.632] [bmv2] [D] [thread 1781] [6.0] [cxt 0] Egress port is 0
[15:05:14.632] [bmv2] [D] [thread 1782] [6.0] [cxt 0] Pipeline 'egress': start
[15:05:14.632] [bmv2] [D] [thread 1782] [6.0] [cxt 0] Pipeline 'egress': end
[15:05:14.632] [bmv2] [D] [thread 1782] [6.0] [cxt 0] Deparser 'deparser': start
[15:05:14.632] [bmv2] [T] [thread 1782] [6.0] [cxt 0] Skipping checksum 'cksum' update because condition not met
[15:05:14.632] [bmv2] [D] [thread 1782] [6.0] [cxt 0] Deparser 'deparser': end
[15:05:14.632] [bmv2] [D] [thread 1786] [6.0] [cxt 0] Transmitting packet of size 90 out of port 0
[15:05:14.950] [bmv2] [D] [thread 1781] [7.0] [cxt 0] Processing packet received on port 2
[15:05:14.951] [bmv2] [D] [thread 1781] [7.0] [cxt 0] Parser 'parser': start
[15:05:14.951] [bmv2] [D] [thread 1781] [7.0] [cxt 0] Parser 'parser' entering state 'start'
[15:05:14.951] [bmv2] [D] [thread 1781] [7.0] [cxt 0] Parser state 'start' has no switch, going to default next state
[15:05:14.951] [bmv2] [T] [thread 1781] [7.0] [cxt 0] Bytes parsed: 0
[15:05:14.951] [bmv2] [D] [thread 1781] [7.0] [cxt 0] Parser 'parser': end
[15:05:14.951] [bmv2] [D] [thread 1781] [7.0] [cxt 0] Pipeline 'ingress': start
[15:05:14.951] [bmv2] [T] [thread 1781] [7.0] [cxt 0] Applying table 'MyIngress.ipv4_lpm'
[15:05:14.951] [bmv2] [D] [thread 1781] [7.0] [cxt 0] Looking up key:
* hdr.ipv4.dstAddr    : 00000000

[15:05:14.951] [bmv2] [D] [thread 1781] [7.0] [cxt 0] Table 'MyIngress.ipv4_lpm': miss
[15:05:14.951] [bmv2] [D] [thread 1781] [7.0] [cxt 0] Action entry is NoAction - 
[15:05:14.951] [bmv2] [T] [thread 1781] [7.0] [cxt 0] Action NoAction
[15:05:14.951] [bmv2] [D] [thread 1781] [7.0] [cxt 0] Pipeline 'ingress': end
[15:05:14.951] [bmv2] [D] [thread 1781] [7.0] [cxt 0] Egress port is 0
[15:05:14.951] [bmv2] [D] [thread 1782] [7.0] [cxt 0] Pipeline 'egress': start
[15:05:14.951] [bmv2] [D] [thread 1782] [7.0] [cxt 0] Pipeline 'egress': end
[15:05:14.951] [bmv2] [D] [thread 1782] [7.0] [cxt 0] Deparser 'deparser': start
[15:05:14.951] [bmv2] [T] [thread 1782] [7.0] [cxt 0] Skipping checksum 'cksum' update because condition not met
[15:05:14.951] [bmv2] [D] [thread 1782] [7.0] [cxt 0] Deparser 'deparser': end
[15:05:14.951] [bmv2] [D] [thread 1786] [7.0] [cxt 0] Transmitting packet of size 90 out of port 0
[15:05:16.154] [bmv2] [W] [thread 1835] [P4Runtime] p4::tmp::P4DeviceConfig is deprecated
[15:05:16.156] [bmv2] [D] [thread 1835] Set default default entry for table 'MyIngress.ipv4_lpm': NoAction - 
[15:05:16.159] [bmv2] [D] [thread 1835] simple_switch target has been notified of a config swap
[15:05:16.164] [bmv2] [D] [thread 1836] Set default entry for table 'MyIngress.ipv4_lpm': MyIngress.drop - 
[15:05:16.168] [bmv2] [D] [thread 1835] Entry 0 added to table 'MyIngress.ipv4_lpm'
[15:05:16.168] [bmv2] [D] [thread 1835] Dumping entry 0
Match key:
* hdr.ipv4.dstAddr    : LPM       0a000101/32
Action entry: MyIngress.ipv4_forward - 80000000100,1,

[15:05:16.168] [bmv2] [D] [thread 1836] Entry 1 added to table 'MyIngress.ipv4_lpm'
[15:05:16.168] [bmv2] [D] [thread 1836] Dumping entry 1
Match key:
* hdr.ipv4.dstAddr    : LPM       0a000202/32
Action entry: MyIngress.ipv4_forward - 80000000100,1,

[15:05:16.169] [bmv2] [D] [thread 1836] Entry 2 added to table 'MyIngress.ipv4_lpm'
[15:05:16.169] [bmv2] [D] [thread 1836] Dumping entry 2
Match key:
* hdr.ipv4.dstAddr    : LPM       0a000303/32
Action entry: MyIngress.ipv4_forward - 80000000200,2,

[15:05:16.169] [bmv2] [D] [thread 1836] Entry 3 added to table 'MyIngress.ipv4_lpm'
[15:05:16.169] [bmv2] [D] [thread 1836] Dumping entry 3
Match key:
* hdr.ipv4.dstAddr    : LPM       0a000404/32
Action entry: MyIngress.ipv4_forward - 80000000200,2,

[15:05:17.413] [bmv2] [D] [thread 1781] [8.0] [cxt 0] Processing packet received on port 1
[15:05:17.413] [bmv2] [D] [thread 1781] [8.0] [cxt 0] Parser 'parser': start
[15:05:17.413] [bmv2] [D] [thread 1781] [8.0] [cxt 0] Parser 'parser' entering state 'start'
[15:05:17.413] [bmv2] [D] [thread 1781] [8.0] [cxt 0] Parser state 'start' has no switch, going to default next state
[15:05:17.413] [bmv2] [T] [thread 1781] [8.0] [cxt 0] Bytes parsed: 0
[15:05:17.413] [bmv2] [D] [thread 1781] [8.0] [cxt 0] Parser 'parser': end
[15:05:17.413] [bmv2] [D] [thread 1781] [8.0] [cxt 0] Pipeline 'ingress': start
[15:05:17.413] [bmv2] [T] [thread 1781] [8.0] [cxt 0] Applying table 'MyIngress.ipv4_lpm'
[15:05:17.413] [bmv2] [D] [thread 1781] [8.0] [cxt 0] Looking up key:
* hdr.ipv4.dstAddr    : 00000000

[15:05:17.413] [bmv2] [D] [thread 1781] [8.0] [cxt 0] Table 'MyIngress.ipv4_lpm': miss
[15:05:17.413] [bmv2] [D] [thread 1781] [8.0] [cxt 0] Action entry is MyIngress.drop - 
[15:05:17.413] [bmv2] [T] [thread 1781] [8.0] [cxt 0] Action MyIngress.drop
[15:05:17.413] [bmv2] [T] [thread 1781] [8.0] [cxt 0] basic.p4(78) Primitive mark_to_drop(standard_metadata)
[15:05:17.413] [bmv2] [D] [thread 1781] [8.0] [cxt 0] Pipeline 'ingress': end
[15:05:17.413] [bmv2] [D] [thread 1781] [8.0] [cxt 0] Egress port is 511
[15:05:17.413] [bmv2] [D] [thread 1781] [8.0] [cxt 0] Dropping packet at the end of ingress
[15:05:17.929] [bmv2] [D] [thread 1781] [9.0] [cxt 0] Processing packet received on port 1
[15:05:17.929] [bmv2] [D] [thread 1781] [9.0] [cxt 0] Parser 'parser': start
[15:05:17.929] [bmv2] [D] [thread 1781] [9.0] [cxt 0] Parser 'parser' entering state 'start'
[15:05:17.929] [bmv2] [D] [thread 1781] [9.0] [cxt 0] Parser state 'start' has no switch, going to default next state
[15:05:17.929] [bmv2] [T] [thread 1781] [9.0] [cxt 0] Bytes parsed: 0
[15:05:17.929] [bmv2] [D] [thread 1781] [9.0] [cxt 0] Parser 'parser': end
[15:05:17.929] [bmv2] [D] [thread 1781] [9.0] [cxt 0] Pipeline 'ingress': start
[15:05:17.929] [bmv2] [T] [thread 1781] [9.0] [cxt 0] Applying table 'MyIngress.ipv4_lpm'
[15:05:17.929] [bmv2] [D] [thread 1781] [9.0] [cxt 0] Looking up key:
* hdr.ipv4.dstAddr    : 00000000

[15:05:17.929] [bmv2] [D] [thread 1781] [9.0] [cxt 0] Table 'MyIngress.ipv4_lpm': miss
[15:05:17.929] [bmv2] [D] [thread 1781] [9.0] [cxt 0] Action entry is MyIngress.drop - 
[15:05:17.929] [bmv2] [T] [thread 1781] [9.0] [cxt 0] Action MyIngress.drop
[15:05:17.929] [bmv2] [T] [thread 1781] [9.0] [cxt 0] basic.p4(78) Primitive mark_to_drop(standard_metadata)
[15:05:17.929] [bmv2] [D] [thread 1781] [9.0] [cxt 0] Pipeline 'ingress': end
[15:05:17.929] [bmv2] [D] [thread 1781] [9.0] [cxt 0] Egress port is 511
[15:05:17.929] [bmv2] [D] [thread 1781] [9.0] [cxt 0] Dropping packet at the end of ingress
[15:05:17.929] [bmv2] [D] [thread 1781] [10.0] [cxt 0] Processing packet received on port 2
[15:05:17.929] [bmv2] [D] [thread 1781] [10.0] [cxt 0] Parser 'parser': start
[15:05:17.929] [bmv2] [D] [thread 1781] [10.0] [cxt 0] Parser 'parser' entering state 'start'
[15:05:17.929] [bmv2] [D] [thread 1781] [10.0] [cxt 0] Parser state 'start' has no switch, going to default next state
[15:05:17.929] [bmv2] [T] [thread 1781] [10.0] [cxt 0] Bytes parsed: 0
[15:05:17.929] [bmv2] [D] [thread 1781] [10.0] [cxt 0] Parser 'parser': end
[15:05:17.929] [bmv2] [D] [thread 1781] [10.0] [cxt 0] Pipeline 'ingress': start
[15:05:17.929] [bmv2] [T] [thread 1781] [10.0] [cxt 0] Applying table 'MyIngress.ipv4_lpm'
[15:05:17.929] [bmv2] [D] [thread 1781] [10.0] [cxt 0] Looking up key:
* hdr.ipv4.dstAddr    : 00000000

[15:05:17.929] [bmv2] [D] [thread 1781] [10.0] [cxt 0] Table 'MyIngress.ipv4_lpm': miss
[15:05:17.929] [bmv2] [D] [thread 1781] [10.0] [cxt 0] Action entry is MyIngress.drop - 
[15:05:17.929] [bmv2] [T] [thread 1781] [10.0] [cxt 0] Action MyIngress.drop
[15:05:17.929] [bmv2] [T] [thread 1781] [10.0] [cxt 0] basic.p4(78) Primitive mark_to_drop(standard_metadata)
[15:05:17.929] [bmv2] [D] [thread 1781] [10.0] [cxt 0] Pipeline 'ingress': end
[15:05:17.929] [bmv2] [D] [thread 1781] [10.0] [cxt 0] Egress port is 511
[15:05:17.929] [bmv2] [D] [thread 1781] [10.0] [cxt 0] Dropping packet at the end of ingress
[15:05:18.437] [bmv2] [D] [thread 1781] [11.0] [cxt 0] Processing packet received on port 2
[15:05:18.437] [bmv2] [D] [thread 1781] [11.0] [cxt 0] Parser 'parser': start
[15:05:18.437] [bmv2] [D] [thread 1781] [11.0] [cxt 0] Parser 'parser' entering state 'start'
[15:05:18.437] [bmv2] [D] [thread 1781] [11.0] [cxt 0] Parser state 'start' has no switch, going to default next state
[15:05:18.437] [bmv2] [T] [thread 1781] [11.0] [cxt 0] Bytes parsed: 0
[15:05:18.437] [bmv2] [D] [thread 1781] [11.0] [cxt 0] Parser 'parser': end
[15:05:18.437] [bmv2] [D] [thread 1781] [11.0] [cxt 0] Pipeline 'ingress': start
[15:05:18.437] [bmv2] [T] [thread 1781] [11.0] [cxt 0] Applying table 'MyIngress.ipv4_lpm'
[15:05:18.437] [bmv2] [D] [thread 1781] [11.0] [cxt 0] Looking up key:
* hdr.ipv4.dstAddr    : 00000000

[15:05:18.437] [bmv2] [D] [thread 1781] [11.0] [cxt 0] Table 'MyIngress.ipv4_lpm': miss
[15:05:18.437] [bmv2] [D] [thread 1781] [11.0] [cxt 0] Action entry is MyIngress.drop - 
[15:05:18.437] [bmv2] [T] [thread 1781] [11.0] [cxt 0] Action MyIngress.drop
[15:05:18.437] [bmv2] [T] [thread 1781] [11.0] [cxt 0] basic.p4(78) Primitive mark_to_drop(standard_metadata)
[15:05:18.437] [bmv2] [D] [thread 1781] [11.0] [cxt 0] Pipeline 'ingress': end
[15:05:18.437] [bmv2] [D] [thread 1781] [11.0] [cxt 0] Egress port is 511
[15:05:18.437] [bmv2] [D] [thread 1781] [11.0] [cxt 0] Dropping packet at the end of ingress
[15:05:24.838] [bmv2] [D] [thread 1781] [12.0] [cxt 0] Processing packet received on port 1
[15:05:24.838] [bmv2] [D] [thread 1781] [12.0] [cxt 0] Parser 'parser': start
[15:05:24.838] [bmv2] [D] [thread 1781] [12.0] [cxt 0] Parser 'parser' entering state 'start'
[15:05:24.838] [bmv2] [D] [thread 1781] [12.0] [cxt 0] Parser state 'start' has no switch, going to default next state
[15:05:24.838] [bmv2] [T] [thread 1781] [12.0] [cxt 0] Bytes parsed: 0
[15:05:24.838] [bmv2] [D] [thread 1781] [12.0] [cxt 0] Parser 'parser': end
[15:05:24.838] [bmv2] [D] [thread 1781] [12.0] [cxt 0] Pipeline 'ingress': start
[15:05:24.838] [bmv2] [T] [thread 1781] [12.0] [cxt 0] Applying table 'MyIngress.ipv4_lpm'
[15:05:24.838] [bmv2] [D] [thread 1781] [12.0] [cxt 0] Looking up key:
* hdr.ipv4.dstAddr    : 00000000

[15:05:24.838] [bmv2] [D] [thread 1781] [12.0] [cxt 0] Table 'MyIngress.ipv4_lpm': miss
[15:05:24.838] [bmv2] [D] [thread 1781] [12.0] [cxt 0] Action entry is MyIngress.drop - 
[15:05:24.838] [bmv2] [T] [thread 1781] [12.0] [cxt 0] Action MyIngress.drop
[15:05:24.838] [bmv2] [T] [thread 1781] [12.0] [cxt 0] basic.p4(78) Primitive mark_to_drop(standard_metadata)
[15:05:24.838] [bmv2] [D] [thread 1781] [12.0] [cxt 0] Pipeline 'ingress': end
[15:05:24.838] [bmv2] [D] [thread 1781] [12.0] [cxt 0] Egress port is 511
[15:05:24.838] [bmv2] [D] [thread 1781] [12.0] [cxt 0] Dropping packet at the end of ingress
[15:05:25.861] [bmv2] [D] [thread 1781] [13.0] [cxt 0] Processing packet received on port 1
[15:05:25.861] [bmv2] [D] [thread 1781] [13.0] [cxt 0] Parser 'parser': start
[15:05:25.861] [bmv2] [D] [thread 1781] [13.0] [cxt 0] Parser 'parser' entering state 'start'
[15:05:25.861] [bmv2] [D] [thread 1781] [13.0] [cxt 0] Parser state 'start' has no switch, going to default next state
[15:05:25.861] [bmv2] [T] [thread 1781] [13.0] [cxt 0] Bytes parsed: 0
[15:05:25.861] [bmv2] [D] [thread 1781] [13.0] [cxt 0] Parser 'parser': end
[15:05:25.861] [bmv2] [D] [thread 1781] [13.0] [cxt 0] Pipeline 'ingress': start
[15:05:25.861] [bmv2] [T] [thread 1781] [13.0] [cxt 0] Applying table 'MyIngress.ipv4_lpm'
[15:05:25.861] [bmv2] [D] [thread 1781] [13.0] [cxt 0] Looking up key:
* hdr.ipv4.dstAddr    : 00000000

[15:05:25.861] [bmv2] [D] [thread 1781] [13.0] [cxt 0] Table 'MyIngress.ipv4_lpm': miss
[15:05:25.861] [bmv2] [D] [thread 1781] [13.0] [cxt 0] Action entry is MyIngress.drop - 
[15:05:25.861] [bmv2] [T] [thread 1781] [13.0] [cxt 0] Action MyIngress.drop
[15:05:25.861] [bmv2] [T] [thread 1781] [13.0] [cxt 0] basic.p4(78) Primitive mark_to_drop(standard_metadata)
[15:05:25.861] [bmv2] [D] [thread 1781] [13.0] [cxt 0] Pipeline 'ingress': end
[15:05:25.861] [bmv2] [D] [thread 1781] [13.0] [cxt 0] Egress port is 511
[15:05:25.861] [bmv2] [D] [thread 1781] [13.0] [cxt 0] Dropping packet at the end of ingress
[15:05:26.374] [bmv2] [D] [thread 1781] [14.0] [cxt 0] Processing packet received on port 2
[15:05:26.374] [bmv2] [D] [thread 1781] [14.0] [cxt 0] Parser 'parser': start
[15:05:26.374] [bmv2] [D] [thread 1781] [14.0] [cxt 0] Parser 'parser' entering state 'start'
[15:05:26.374] [bmv2] [D] [thread 1781] [14.0] [cxt 0] Parser state 'start' has no switch, going to default next state
[15:05:26.374] [bmv2] [T] [thread 1781] [14.0] [cxt 0] Bytes parsed: 0
[15:05:26.374] [bmv2] [D] [thread 1781] [14.0] [cxt 0] Parser 'parser': end
[15:05:26.374] [bmv2] [D] [thread 1781] [14.0] [cxt 0] Pipeline 'ingress': start
[15:05:26.374] [bmv2] [T] [thread 1781] [14.0] [cxt 0] Applying table 'MyIngress.ipv4_lpm'
[15:05:26.374] [bmv2] [D] [thread 1781] [14.0] [cxt 0] Looking up key:
* hdr.ipv4.dstAddr    : 00000000

[15:05:26.374] [bmv2] [D] [thread 1781] [14.0] [cxt 0] Table 'MyIngress.ipv4_lpm': miss
[15:05:26.374] [bmv2] [D] [thread 1781] [14.0] [cxt 0] Action entry is MyIngress.drop - 
[15:05:26.374] [bmv2] [T] [thread 1781] [14.0] [cxt 0] Action MyIngress.drop
[15:05:26.374] [bmv2] [T] [thread 1781] [14.0] [cxt 0] basic.p4(78) Primitive mark_to_drop(standard_metadata)
[15:05:26.374] [bmv2] [D] [thread 1781] [14.0] [cxt 0] Pipeline 'ingress': end
[15:05:26.374] [bmv2] [D] [thread 1781] [14.0] [cxt 0] Egress port is 511
[15:05:26.374] [bmv2] [D] [thread 1781] [14.0] [cxt 0] Dropping packet at the end of ingress
[15:05:26.885] [bmv2] [D] [thread 1781] [15.0] [cxt 0] Processing packet received on port 2
[15:05:26.885] [bmv2] [D] [thread 1781] [15.0] [cxt 0] Parser 'parser': start
[15:05:26.885] [bmv2] [D] [thread 1781] [15.0] [cxt 0] Parser 'parser' entering state 'start'
[15:05:26.885] [bmv2] [D] [thread 1781] [15.0] [cxt 0] Parser state 'start' has no switch, going to default next state
[15:05:26.886] [bmv2] [T] [thread 1781] [15.0] [cxt 0] Bytes parsed: 0
[15:05:26.886] [bmv2] [D] [thread 1781] [15.0] [cxt 0] Parser 'parser': end
[15:05:26.886] [bmv2] [D] [thread 1781] [15.0] [cxt 0] Pipeline 'ingress': start
[15:05:26.886] [bmv2] [T] [thread 1781] [15.0] [cxt 0] Applying table 'MyIngress.ipv4_lpm'
[15:05:26.886] [bmv2] [D] [thread 1781] [15.0] [cxt 0] Looking up key:
* hdr.ipv4.dstAddr    : 00000000

[15:05:26.886] [bmv2] [D] [thread 1781] [15.0] [cxt 0] Table 'MyIngress.ipv4_lpm': miss
[15:05:26.886] [bmv2] [D] [thread 1781] [15.0] [cxt 0] Action entry is MyIngress.drop - 
[15:05:26.886] [bmv2] [T] [thread 1781] [15.0] [cxt 0] Action MyIngress.drop
[15:05:26.886] [bmv2] [T] [thread 1781] [15.0] [cxt 0] basic.p4(78) Primitive mark_to_drop(standard_metadata)
[15:05:26.886] [bmv2] [D] [thread 1781] [15.0] [cxt 0] Pipeline 'ingress': end
[15:05:26.886] [bmv2] [D] [thread 1781] [15.0] [cxt 0] Egress port is 511
[15:05:26.886] [bmv2] [D] [thread 1781] [15.0] [cxt 0] Dropping packet at the end of ingress
[15:05:38.921] [bmv2] [D] [thread 1781] [16.0] [cxt 0] Processing packet received on port 1
[15:05:38.921] [bmv2] [D] [thread 1781] [16.0] [cxt 0] Parser 'parser': start
[15:05:38.921] [bmv2] [D] [thread 1781] [16.0] [cxt 0] Parser 'parser' entering state 'start'
[15:05:38.921] [bmv2] [D] [thread 1781] [16.0] [cxt 0] Parser state 'start' has no switch, going to default next state
[15:05:38.921] [bmv2] [T] [thread 1781] [16.0] [cxt 0] Bytes parsed: 0
[15:05:38.921] [bmv2] [D] [thread 1781] [16.0] [cxt 0] Parser 'parser': end
[15:05:38.921] [bmv2] [D] [thread 1781] [16.0] [cxt 0] Pipeline 'ingress': start
[15:05:38.921] [bmv2] [T] [thread 1781] [16.0] [cxt 0] Applying table 'MyIngress.ipv4_lpm'
[15:05:38.921] [bmv2] [D] [thread 1781] [16.0] [cxt 0] Looking up key:
* hdr.ipv4.dstAddr    : 00000000

[15:05:38.921] [bmv2] [D] [thread 1781] [16.0] [cxt 0] Table 'MyIngress.ipv4_lpm': miss
[15:05:38.921] [bmv2] [D] [thread 1781] [16.0] [cxt 0] Action entry is MyIngress.drop - 
[15:05:38.921] [bmv2] [T] [thread 1781] [16.0] [cxt 0] Action MyIngress.drop
[15:05:38.921] [bmv2] [T] [thread 1781] [16.0] [cxt 0] basic.p4(78) Primitive mark_to_drop(standard_metadata)
[15:05:38.921] [bmv2] [D] [thread 1781] [16.0] [cxt 0] Pipeline 'ingress': end
[15:05:38.921] [bmv2] [D] [thread 1781] [16.0] [cxt 0] Egress port is 511
[15:05:38.921] [bmv2] [D] [thread 1781] [16.0] [cxt 0] Dropping packet at the end of ingress
[15:05:41.733] [bmv2] [D] [thread 1781] [17.0] [cxt 0] Processing packet received on port 1
[15:05:41.733] [bmv2] [D] [thread 1781] [17.0] [cxt 0] Parser 'parser': start
[15:05:41.733] [bmv2] [D] [thread 1781] [17.0] [cxt 0] Parser 'parser' entering state 'start'
[15:05:41.733] [bmv2] [D] [thread 1781] [17.0] [cxt 0] Parser state 'start' has no switch, going to default next state
[15:05:41.733] [bmv2] [T] [thread 1781] [17.0] [cxt 0] Bytes parsed: 0
[15:05:41.733] [bmv2] [D] [thread 1781] [17.0] [cxt 0] Parser 'parser': end
[15:05:41.733] [bmv2] [D] [thread 1781] [17.0] [cxt 0] Pipeline 'ingress': start
[15:05:41.733] [bmv2] [T] [thread 1781] [17.0] [cxt 0] Applying table 'MyIngress.ipv4_lpm'
[15:05:41.733] [bmv2] [D] [thread 1781] [17.0] [cxt 0] Looking up key:
* hdr.ipv4.dstAddr    : 00000000

[15:05:41.733] [bmv2] [D] [thread 1781] [17.0] [cxt 0] Table 'MyIngress.ipv4_lpm': miss
[15:05:41.733] [bmv2] [D] [thread 1781] [17.0] [cxt 0] Action entry is MyIngress.drop - 
[15:05:41.733] [bmv2] [T] [thread 1781] [17.0] [cxt 0] Action MyIngress.drop
[15:05:41.733] [bmv2] [T] [thread 1781] [17.0] [cxt 0] basic.p4(78) Primitive mark_to_drop(standard_metadata)
[15:05:41.733] [bmv2] [D] [thread 1781] [17.0] [cxt 0] Pipeline 'ingress': end
[15:05:41.733] [bmv2] [D] [thread 1781] [17.0] [cxt 0] Egress port is 511
[15:05:41.733] [bmv2] [D] [thread 1781] [17.0] [cxt 0] Dropping packet at the end of ingress
[15:05:42.244] [bmv2] [D] [thread 1781] [18.0] [cxt 0] Processing packet received on port 2
[15:05:42.244] [bmv2] [D] [thread 1781] [18.0] [cxt 0] Parser 'parser': start
[15:05:42.244] [bmv2] [D] [thread 1781] [18.0] [cxt 0] Parser 'parser' entering state 'start'
[15:05:42.244] [bmv2] [D] [thread 1781] [18.0] [cxt 0] Parser state 'start' has no switch, going to default next state
[15:05:42.244] [bmv2] [T] [thread 1781] [18.0] [cxt 0] Bytes parsed: 0
[15:05:42.244] [bmv2] [D] [thread 1781] [18.0] [cxt 0] Parser 'parser': end
[15:05:42.244] [bmv2] [D] [thread 1781] [18.0] [cxt 0] Pipeline 'ingress': start
[15:05:42.244] [bmv2] [T] [thread 1781] [18.0] [cxt 0] Applying table 'MyIngress.ipv4_lpm'
[15:05:42.244] [bmv2] [D] [thread 1781] [18.0] [cxt 0] Looking up key:
* hdr.ipv4.dstAddr    : 00000000

[15:05:42.244] [bmv2] [D] [thread 1781] [18.0] [cxt 0] Table 'MyIngress.ipv4_lpm': miss
[15:05:42.244] [bmv2] [D] [thread 1781] [18.0] [cxt 0] Action entry is MyIngress.drop - 
[15:05:42.244] [bmv2] [T] [thread 1781] [18.0] [cxt 0] Action MyIngress.drop
[15:05:42.244] [bmv2] [T] [thread 1781] [18.0] [cxt 0] basic.p4(78) Primitive mark_to_drop(standard_metadata)
[15:05:42.244] [bmv2] [D] [thread 1781] [18.0] [cxt 0] Pipeline 'ingress': end
[15:05:42.244] [bmv2] [D] [thread 1781] [18.0] [cxt 0] Egress port is 511
[15:05:42.244] [bmv2] [D] [thread 1781] [18.0] [cxt 0] Dropping packet at the end of ingress
[15:05:44.042] [bmv2] [D] [thread 1781] [19.0] [cxt 0] Processing packet received on port 2
[15:05:44.042] [bmv2] [D] [thread 1781] [19.0] [cxt 0] Parser 'parser': start
[15:05:44.042] [bmv2] [D] [thread 1781] [19.0] [cxt 0] Parser 'parser' entering state 'start'
[15:05:44.042] [bmv2] [D] [thread 1781] [19.0] [cxt 0] Parser state 'start' has no switch, going to default next state
[15:05:44.042] [bmv2] [T] [thread 1781] [19.0] [cxt 0] Bytes parsed: 0
[15:05:44.042] [bmv2] [D] [thread 1781] [19.0] [cxt 0] Parser 'parser': end
[15:05:44.042] [bmv2] [D] [thread 1781] [19.0] [cxt 0] Pipeline 'ingress': start
[15:05:44.042] [bmv2] [T] [thread 1781] [19.0] [cxt 0] Applying table 'MyIngress.ipv4_lpm'
[15:05:44.042] [bmv2] [D] [thread 1781] [19.0] [cxt 0] Looking up key:
* hdr.ipv4.dstAddr    : 00000000

[15:05:44.042] [bmv2] [D] [thread 1781] [19.0] [cxt 0] Table 'MyIngress.ipv4_lpm': miss
[15:05:44.042] [bmv2] [D] [thread 1781] [19.0] [cxt 0] Action entry is MyIngress.drop - 
[15:05:44.042] [bmv2] [T] [thread 1781] [19.0] [cxt 0] Action MyIngress.drop
[15:05:44.042] [bmv2] [T] [thread 1781] [19.0] [cxt 0] basic.p4(78) Primitive mark_to_drop(standard_metadata)
[15:05:44.042] [bmv2] [D] [thread 1781] [19.0] [cxt 0] Pipeline 'ingress': end
[15:05:44.042] [bmv2] [D] [thread 1781] [19.0] [cxt 0] Egress port is 511
[15:05:44.042] [bmv2] [D] [thread 1781] [19.0] [cxt 0] Dropping packet at the end of ingress
open: No such file or directory
open: No such file or directory
open: No such file or directory
open: No such file or directory
