Calling target program-options parser
[15:05:14.278] [bmv2] [D] [thread 1788] Set default default entry for table 'MyIngress.ipv4_lpm': NoAction - 
Adding interface s4-eth1 as port 1
[15:05:14.278] [bmv2] [D] [thread 1788] Adding interface s4-eth1 as port 1
Adding interface s4-eth2 as port 2
[15:05:14.345] [bmv2] [D] [thread 1788] Adding interface s4-eth2 as port 2
Server listening on 0.0.0.0:50054
[15:05:14.410] [bmv2] [I] [thread 1788] Starting Thrift server on port 9093
[15:05:14.411] [bmv2] [I] [thread 1788] Thrift server was started
[15:05:15.274] [bmv2] [D] [thread 1798] [0.0] [cxt 0] Processing packet received on port 2
[15:05:15.274] [bmv2] [D] [thread 1798] [0.0] [cxt 0] Parser 'parser': start
[15:05:15.274] [bmv2] [D] [thread 1798] [0.0] [cxt 0] Parser 'parser' entering state 'start'
[15:05:15.274] [bmv2] [D] [thread 1798] [0.0] [cxt 0] Parser state 'start' has no switch, going to default next state
[15:05:15.274] [bmv2] [T] [thread 1798] [0.0] [cxt 0] Bytes parsed: 0
[15:05:15.274] [bmv2] [D] [thread 1798] [0.0] [cxt 0] Parser 'parser': end
[15:05:15.274] [bmv2] [D] [thread 1798] [0.0] [cxt 0] Pipeline 'ingress': start
[15:05:15.274] [bmv2] [T] [thread 1798] [0.0] [cxt 0] Applying table 'MyIngress.ipv4_lpm'
[15:05:15.274] [bmv2] [D] [thread 1798] [0.0] [cxt 0] Looking up key:
* hdr.ipv4.dstAddr    : 00000000

[15:05:15.274] [bmv2] [D] [thread 1798] [0.0] [cxt 0] Table 'MyIngress.ipv4_lpm': miss
[15:05:15.274] [bmv2] [D] [thread 1798] [0.0] [cxt 0] Action entry is NoAction - 
[15:05:15.274] [bmv2] [T] [thread 1798] [0.0] [cxt 0] Action NoAction
[15:05:15.274] [bmv2] [D] [thread 1798] [0.0] [cxt 0] Pipeline 'ingress': end
[15:05:15.274] [bmv2] [D] [thread 1798] [0.0] [cxt 0] Egress port is 0
[15:05:15.275] [bmv2] [D] [thread 1799] [0.0] [cxt 0] Pipeline 'egress': start
[15:05:15.275] [bmv2] [D] [thread 1799] [0.0] [cxt 0] Pipeline 'egress': end
[15:05:15.275] [bmv2] [D] [thread 1799] [0.0] [cxt 0] Deparser 'deparser': start
[15:05:15.275] [bmv2] [T] [thread 1799] [0.0] [cxt 0] Skipping checksum 'cksum' update because condition not met
[15:05:15.275] [bmv2] [D] [thread 1799] [0.0] [cxt 0] Deparser 'deparser': end
[15:05:15.276] [bmv2] [D] [thread 1803] [0.0] [cxt 0] Transmitting packet of size 90 out of port 0
[15:05:16.178] [bmv2] [W] [thread 1843] [P4Runtime] p4::tmp::P4DeviceConfig is deprecated
[15:05:16.179] [bmv2] [D] [thread 1843] Set default default entry for table 'MyIngress.ipv4_lpm': NoAction - 
[15:05:16.182] [bmv2] [D] [thread 1843] simple_switch target has been notified of a config swap
[15:05:16.184] [bmv2] [D] [thread 1844] Set default entry for table 'MyIngress.ipv4_lpm': MyIngress.drop - 
[15:05:16.184] [bmv2] [D] [thread 1843] Entry 0 added to table 'MyIngress.ipv4_lpm'
[15:05:16.184] [bmv2] [D] [thread 1843] Dumping entry 0
Match key:
* hdr.ipv4.dstAddr    : LPM       0a000101/32
Action entry: MyIngress.ipv4_forward - 80000000100,2,

[15:05:16.185] [bmv2] [D] [thread 1844] Entry 1 added to table 'MyIngress.ipv4_lpm'
[15:05:16.186] [bmv2] [D] [thread 1844] Dumping entry 1
Match key:
* hdr.ipv4.dstAddr    : LPM       0a000202/32
Action entry: MyIngress.ipv4_forward - 80000000100,2,

[15:05:16.186] [bmv2] [D] [thread 1843] Entry 2 added to table 'MyIngress.ipv4_lpm'
[15:05:16.186] [bmv2] [D] [thread 1843] Dumping entry 2
Match key:
* hdr.ipv4.dstAddr    : LPM       0a000303/32
Action entry: MyIngress.ipv4_forward - 80000000200,1,

[15:05:16.187] [bmv2] [D] [thread 1844] Entry 3 added to table 'MyIngress.ipv4_lpm'
[15:05:16.187] [bmv2] [D] [thread 1844] Dumping entry 3
Match key:
* hdr.ipv4.dstAddr    : LPM       0a000404/32
Action entry: MyIngress.ipv4_forward - 80000000200,1,

[15:05:17.413] [bmv2] [D] [thread 1798] [1.0] [cxt 0] Processing packet received on port 1
[15:05:17.413] [bmv2] [D] [thread 1798] [1.0] [cxt 0] Parser 'parser': start
[15:05:17.413] [bmv2] [D] [thread 1798] [1.0] [cxt 0] Parser 'parser' entering state 'start'
[15:05:17.413] [bmv2] [D] [thread 1798] [1.0] [cxt 0] Parser state 'start' has no switch, going to default next state
[15:05:17.413] [bmv2] [T] [thread 1798] [1.0] [cxt 0] Bytes parsed: 0
[15:05:17.413] [bmv2] [D] [thread 1798] [1.0] [cxt 0] Parser 'parser': end
[15:05:17.413] [bmv2] [D] [thread 1798] [1.0] [cxt 0] Pipeline 'ingress': start
[15:05:17.413] [bmv2] [T] [thread 1798] [1.0] [cxt 0] Applying table 'MyIngress.ipv4_lpm'
[15:05:17.413] [bmv2] [D] [thread 1798] [1.0] [cxt 0] Looking up key:
* hdr.ipv4.dstAddr    : 00000000

[15:05:17.413] [bmv2] [D] [thread 1798] [1.0] [cxt 0] Table 'MyIngress.ipv4_lpm': miss
[15:05:17.413] [bmv2] [D] [thread 1798] [1.0] [cxt 0] Action entry is MyIngress.drop - 
[15:05:17.413] [bmv2] [T] [thread 1798] [1.0] [cxt 0] Action MyIngress.drop
[15:05:17.413] [bmv2] [T] [thread 1798] [1.0] [cxt 0] basic.p4(78) Primitive mark_to_drop(standard_metadata)
[15:05:17.413] [bmv2] [D] [thread 1798] [1.0] [cxt 0] Pipeline 'ingress': end
[15:05:17.413] [bmv2] [D] [thread 1798] [1.0] [cxt 0] Egress port is 511
[15:05:17.413] [bmv2] [D] [thread 1798] [1.0] [cxt 0] Dropping packet at the end of ingress
[15:05:17.670] [bmv2] [D] [thread 1798] [2.0] [cxt 0] Processing packet received on port 1
[15:05:17.670] [bmv2] [D] [thread 1798] [2.0] [cxt 0] Parser 'parser': start
[15:05:17.670] [bmv2] [D] [thread 1798] [2.0] [cxt 0] Parser 'parser' entering state 'start'
[15:05:17.670] [bmv2] [D] [thread 1798] [2.0] [cxt 0] Parser state 'start' has no switch, going to default next state
[15:05:17.670] [bmv2] [T] [thread 1798] [2.0] [cxt 0] Bytes parsed: 0
[15:05:17.670] [bmv2] [D] [thread 1798] [2.0] [cxt 0] Parser 'parser': end
[15:05:17.670] [bmv2] [D] [thread 1798] [2.0] [cxt 0] Pipeline 'ingress': start
[15:05:17.670] [bmv2] [T] [thread 1798] [2.0] [cxt 0] Applying table 'MyIngress.ipv4_lpm'
[15:05:17.670] [bmv2] [D] [thread 1798] [2.0] [cxt 0] Looking up key:
* hdr.ipv4.dstAddr    : 00000000

[15:05:17.670] [bmv2] [D] [thread 1798] [2.0] [cxt 0] Table 'MyIngress.ipv4_lpm': miss
[15:05:17.670] [bmv2] [D] [thread 1798] [2.0] [cxt 0] Action entry is MyIngress.drop - 
[15:05:17.670] [bmv2] [T] [thread 1798] [2.0] [cxt 0] Action MyIngress.drop
[15:05:17.670] [bmv2] [T] [thread 1798] [2.0] [cxt 0] basic.p4(78) Primitive mark_to_drop(standard_metadata)
[15:05:17.670] [bmv2] [D] [thread 1798] [2.0] [cxt 0] Pipeline 'ingress': end
[15:05:17.670] [bmv2] [D] [thread 1798] [2.0] [cxt 0] Egress port is 511
[15:05:17.670] [bmv2] [D] [thread 1798] [2.0] [cxt 0] Dropping packet at the end of ingress
[15:05:18.185] [bmv2] [D] [thread 1798] [3.0] [cxt 0] Processing packet received on port 2
[15:05:18.185] [bmv2] [D] [thread 1798] [3.0] [cxt 0] Parser 'parser': start
[15:05:18.185] [bmv2] [D] [thread 1798] [3.0] [cxt 0] Parser 'parser' entering state 'start'
[15:05:18.185] [bmv2] [D] [thread 1798] [3.0] [cxt 0] Parser state 'start' has no switch, going to default next state
[15:05:18.185] [bmv2] [T] [thread 1798] [3.0] [cxt 0] Bytes parsed: 0
[15:05:18.185] [bmv2] [D] [thread 1798] [3.0] [cxt 0] Parser 'parser': end
[15:05:18.185] [bmv2] [D] [thread 1798] [3.0] [cxt 0] Pipeline 'ingress': start
[15:05:18.185] [bmv2] [T] [thread 1798] [3.0] [cxt 0] Applying table 'MyIngress.ipv4_lpm'
[15:05:18.185] [bmv2] [D] [thread 1798] [3.0] [cxt 0] Looking up key:
* hdr.ipv4.dstAddr    : 00000000

[15:05:18.185] [bmv2] [D] [thread 1798] [3.0] [cxt 0] Table 'MyIngress.ipv4_lpm': miss
[15:05:18.185] [bmv2] [D] [thread 1798] [3.0] [cxt 0] Action entry is MyIngress.drop - 
[15:05:18.185] [bmv2] [T] [thread 1798] [3.0] [cxt 0] Action MyIngress.drop
[15:05:18.185] [bmv2] [T] [thread 1798] [3.0] [cxt 0] basic.p4(78) Primitive mark_to_drop(standard_metadata)
[15:05:18.185] [bmv2] [D] [thread 1798] [3.0] [cxt 0] Pipeline 'ingress': end
[15:05:18.185] [bmv2] [D] [thread 1798] [3.0] [cxt 0] Egress port is 511
[15:05:18.185] [bmv2] [D] [thread 1798] [3.0] [cxt 0] Dropping packet at the end of ingress
[15:05:18.697] [bmv2] [D] [thread 1798] [4.0] [cxt 0] Processing packet received on port 2
[15:05:18.697] [bmv2] [D] [thread 1798] [4.0] [cxt 0] Parser 'parser': start
[15:05:18.697] [bmv2] [D] [thread 1798] [4.0] [cxt 0] Parser 'parser' entering state 'start'
[15:05:18.697] [bmv2] [D] [thread 1798] [4.0] [cxt 0] Parser state 'start' has no switch, going to default next state
[15:05:18.697] [bmv2] [T] [thread 1798] [4.0] [cxt 0] Bytes parsed: 0
[15:05:18.697] [bmv2] [D] [thread 1798] [4.0] [cxt 0] Parser 'parser': end
[15:05:18.698] [bmv2] [D] [thread 1798] [4.0] [cxt 0] Pipeline 'ingress': start
[15:05:18.698] [bmv2] [T] [thread 1798] [4.0] [cxt 0] Applying table 'MyIngress.ipv4_lpm'
[15:05:18.698] [bmv2] [D] [thread 1798] [4.0] [cxt 0] Looking up key:
* hdr.ipv4.dstAddr    : 00000000

[15:05:18.698] [bmv2] [D] [thread 1798] [4.0] [cxt 0] Table 'MyIngress.ipv4_lpm': miss
[15:05:18.698] [bmv2] [D] [thread 1798] [4.0] [cxt 0] Action entry is MyIngress.drop - 
[15:05:18.698] [bmv2] [T] [thread 1798] [4.0] [cxt 0] Action MyIngress.drop
[15:05:18.698] [bmv2] [T] [thread 1798] [4.0] [cxt 0] basic.p4(78) Primitive mark_to_drop(standard_metadata)
[15:05:18.698] [bmv2] [D] [thread 1798] [4.0] [cxt 0] Pipeline 'ingress': end
[15:05:18.698] [bmv2] [D] [thread 1798] [4.0] [cxt 0] Egress port is 511
[15:05:18.698] [bmv2] [D] [thread 1798] [4.0] [cxt 0] Dropping packet at the end of ingress
[15:05:24.838] [bmv2] [D] [thread 1798] [5.0] [cxt 0] Processing packet received on port 1
[15:05:24.838] [bmv2] [D] [thread 1798] [5.0] [cxt 0] Parser 'parser': start
[15:05:24.838] [bmv2] [D] [thread 1798] [5.0] [cxt 0] Parser 'parser' entering state 'start'
[15:05:24.838] [bmv2] [D] [thread 1798] [5.0] [cxt 0] Parser state 'start' has no switch, going to default next state
[15:05:24.838] [bmv2] [T] [thread 1798] [5.0] [cxt 0] Bytes parsed: 0
[15:05:24.838] [bmv2] [D] [thread 1798] [5.0] [cxt 0] Parser 'parser': end
[15:05:24.838] [bmv2] [D] [thread 1798] [5.0] [cxt 0] Pipeline 'ingress': start
[15:05:24.838] [bmv2] [T] [thread 1798] [5.0] [cxt 0] Applying table 'MyIngress.ipv4_lpm'
[15:05:24.838] [bmv2] [D] [thread 1798] [5.0] [cxt 0] Looking up key:
* hdr.ipv4.dstAddr    : 00000000

[15:05:24.838] [bmv2] [D] [thread 1798] [5.0] [cxt 0] Table 'MyIngress.ipv4_lpm': miss
[15:05:24.838] [bmv2] [D] [thread 1798] [5.0] [cxt 0] Action entry is MyIngress.drop - 
[15:05:24.838] [bmv2] [T] [thread 1798] [5.0] [cxt 0] Action MyIngress.drop
[15:05:24.838] [bmv2] [T] [thread 1798] [5.0] [cxt 0] basic.p4(78) Primitive mark_to_drop(standard_metadata)
[15:05:24.838] [bmv2] [D] [thread 1798] [5.0] [cxt 0] Pipeline 'ingress': end
[15:05:24.838] [bmv2] [D] [thread 1798] [5.0] [cxt 0] Egress port is 511
[15:05:24.838] [bmv2] [D] [thread 1798] [5.0] [cxt 0] Dropping packet at the end of ingress
[15:05:25.609] [bmv2] [D] [thread 1798] [6.0] [cxt 0] Processing packet received on port 1
[15:05:25.609] [bmv2] [D] [thread 1798] [6.0] [cxt 0] Parser 'parser': start
[15:05:25.609] [bmv2] [D] [thread 1798] [6.0] [cxt 0] Parser 'parser' entering state 'start'
[15:05:25.609] [bmv2] [D] [thread 1798] [6.0] [cxt 0] Parser state 'start' has no switch, going to default next state
[15:05:25.609] [bmv2] [T] [thread 1798] [6.0] [cxt 0] Bytes parsed: 0
[15:05:25.609] [bmv2] [D] [thread 1798] [6.0] [cxt 0] Parser 'parser': end
[15:05:25.609] [bmv2] [D] [thread 1798] [6.0] [cxt 0] Pipeline 'ingress': start
[15:05:25.609] [bmv2] [T] [thread 1798] [6.0] [cxt 0] Applying table 'MyIngress.ipv4_lpm'
[15:05:25.609] [bmv2] [D] [thread 1798] [6.0] [cxt 0] Looking up key:
* hdr.ipv4.dstAddr    : 00000000

[15:05:25.609] [bmv2] [D] [thread 1798] [6.0] [cxt 0] Table 'MyIngress.ipv4_lpm': miss
[15:05:25.609] [bmv2] [D] [thread 1798] [6.0] [cxt 0] Action entry is MyIngress.drop - 
[15:05:25.609] [bmv2] [T] [thread 1798] [6.0] [cxt 0] Action MyIngress.drop
[15:05:25.609] [bmv2] [T] [thread 1798] [6.0] [cxt 0] basic.p4(78) Primitive mark_to_drop(standard_metadata)
[15:05:25.609] [bmv2] [D] [thread 1798] [6.0] [cxt 0] Pipeline 'ingress': end
[15:05:25.609] [bmv2] [D] [thread 1798] [6.0] [cxt 0] Egress port is 511
[15:05:25.609] [bmv2] [D] [thread 1798] [6.0] [cxt 0] Dropping packet at the end of ingress
[15:05:26.886] [bmv2] [D] [thread 1798] [7.0] [cxt 0] Processing packet received on port 2
[15:05:26.886] [bmv2] [D] [thread 1798] [7.0] [cxt 0] Parser 'parser': start
[15:05:26.886] [bmv2] [D] [thread 1798] [7.0] [cxt 0] Parser 'parser' entering state 'start'
[15:05:26.886] [bmv2] [D] [thread 1798] [7.0] [cxt 0] Parser state 'start' has no switch, going to default next state
[15:05:26.886] [bmv2] [T] [thread 1798] [7.0] [cxt 0] Bytes parsed: 0
[15:05:26.886] [bmv2] [D] [thread 1798] [7.0] [cxt 0] Parser 'parser': end
[15:05:26.886] [bmv2] [D] [thread 1798] [7.0] [cxt 0] Pipeline 'ingress': start
[15:05:26.886] [bmv2] [T] [thread 1798] [7.0] [cxt 0] Applying table 'MyIngress.ipv4_lpm'
[15:05:26.886] [bmv2] [D] [thread 1798] [7.0] [cxt 0] Looking up key:
* hdr.ipv4.dstAddr    : 00000000

[15:05:26.886] [bmv2] [D] [thread 1798] [7.0] [cxt 0] Table 'MyIngress.ipv4_lpm': miss
[15:05:26.886] [bmv2] [D] [thread 1798] [7.0] [cxt 0] Action entry is MyIngress.drop - 
[15:05:26.886] [bmv2] [T] [thread 1798] [7.0] [cxt 0] Action MyIngress.drop
[15:05:26.886] [bmv2] [T] [thread 1798] [7.0] [cxt 0] basic.p4(78) Primitive mark_to_drop(standard_metadata)
[15:05:26.886] [bmv2] [D] [thread 1798] [7.0] [cxt 0] Pipeline 'ingress': end
[15:05:26.886] [bmv2] [D] [thread 1798] [7.0] [cxt 0] Egress port is 511
[15:05:26.886] [bmv2] [D] [thread 1798] [7.0] [cxt 0] Dropping packet at the end of ingress
[15:05:26.886] [bmv2] [D] [thread 1798] [8.0] [cxt 0] Processing packet received on port 2
[15:05:26.886] [bmv2] [D] [thread 1798] [8.0] [cxt 0] Parser 'parser': start
[15:05:26.886] [bmv2] [D] [thread 1798] [8.0] [cxt 0] Parser 'parser' entering state 'start'
[15:05:26.886] [bmv2] [D] [thread 1798] [8.0] [cxt 0] Parser state 'start' has no switch, going to default next state
[15:05:26.886] [bmv2] [T] [thread 1798] [8.0] [cxt 0] Bytes parsed: 0
[15:05:26.886] [bmv2] [D] [thread 1798] [8.0] [cxt 0] Parser 'parser': end
[15:05:26.886] [bmv2] [D] [thread 1798] [8.0] [cxt 0] Pipeline 'ingress': start
[15:05:26.886] [bmv2] [T] [thread 1798] [8.0] [cxt 0] Applying table 'MyIngress.ipv4_lpm'
[15:05:26.886] [bmv2] [D] [thread 1798] [8.0] [cxt 0] Looking up key:
* hdr.ipv4.dstAddr    : 00000000

[15:05:26.886] [bmv2] [D] [thread 1798] [8.0] [cxt 0] Table 'MyIngress.ipv4_lpm': miss
[15:05:26.886] [bmv2] [D] [thread 1798] [8.0] [cxt 0] Action entry is MyIngress.drop - 
[15:05:26.886] [bmv2] [T] [thread 1798] [8.0] [cxt 0] Action MyIngress.drop
[15:05:26.886] [bmv2] [T] [thread 1798] [8.0] [cxt 0] basic.p4(78) Primitive mark_to_drop(standard_metadata)
[15:05:26.886] [bmv2] [D] [thread 1798] [8.0] [cxt 0] Pipeline 'ingress': end
[15:05:26.886] [bmv2] [D] [thread 1798] [8.0] [cxt 0] Egress port is 511
[15:05:26.886] [bmv2] [D] [thread 1798] [8.0] [cxt 0] Dropping packet at the end of ingress
[15:05:39.685] [bmv2] [D] [thread 1798] [9.0] [cxt 0] Processing packet received on port 1
[15:05:39.685] [bmv2] [D] [thread 1798] [9.0] [cxt 0] Parser 'parser': start
[15:05:39.685] [bmv2] [D] [thread 1798] [9.0] [cxt 0] Parser 'parser' entering state 'start'
[15:05:39.685] [bmv2] [D] [thread 1798] [9.0] [cxt 0] Parser state 'start' has no switch, going to default next state
[15:05:39.685] [bmv2] [T] [thread 1798] [9.0] [cxt 0] Bytes parsed: 0
[15:05:39.685] [bmv2] [D] [thread 1798] [9.0] [cxt 0] Parser 'parser': end
[15:05:39.685] [bmv2] [D] [thread 1798] [9.0] [cxt 0] Pipeline 'ingress': start
[15:05:39.685] [bmv2] [T] [thread 1798] [9.0] [cxt 0] Applying table 'MyIngress.ipv4_lpm'
[15:05:39.685] [bmv2] [D] [thread 1798] [9.0] [cxt 0] Looking up key:
* hdr.ipv4.dstAddr    : 00000000

[15:05:39.685] [bmv2] [D] [thread 1798] [9.0] [cxt 0] Table 'MyIngress.ipv4_lpm': miss
[15:05:39.685] [bmv2] [D] [thread 1798] [9.0] [cxt 0] Action entry is MyIngress.drop - 
[15:05:39.685] [bmv2] [T] [thread 1798] [9.0] [cxt 0] Action MyIngress.drop
[15:05:39.685] [bmv2] [T] [thread 1798] [9.0] [cxt 0] basic.p4(78) Primitive mark_to_drop(standard_metadata)
[15:05:39.685] [bmv2] [D] [thread 1798] [9.0] [cxt 0] Pipeline 'ingress': end
[15:05:39.685] [bmv2] [D] [thread 1798] [9.0] [cxt 0] Egress port is 511
[15:05:39.685] [bmv2] [D] [thread 1798] [9.0] [cxt 0] Dropping packet at the end of ingress
[15:05:40.968] [bmv2] [D] [thread 1798] [10.0] [cxt 0] Processing packet received on port 1
[15:05:40.968] [bmv2] [D] [thread 1798] [10.0] [cxt 0] Parser 'parser': start
[15:05:40.969] [bmv2] [D] [thread 1798] [10.0] [cxt 0] Parser 'parser' entering state 'start'
[15:05:40.969] [bmv2] [D] [thread 1798] [10.0] [cxt 0] Parser state 'start' has no switch, going to default next state
[15:05:40.969] [bmv2] [T] [thread 1798] [10.0] [cxt 0] Bytes parsed: 0
[15:05:40.969] [bmv2] [D] [thread 1798] [10.0] [cxt 0] Parser 'parser': end
[15:05:40.969] [bmv2] [D] [thread 1798] [10.0] [cxt 0] Pipeline 'ingress': start
[15:05:40.969] [bmv2] [T] [thread 1798] [10.0] [cxt 0] Applying table 'MyIngress.ipv4_lpm'
[15:05:40.969] [bmv2] [D] [thread 1798] [10.0] [cxt 0] Looking up key:
* hdr.ipv4.dstAddr    : 00000000

[15:05:40.969] [bmv2] [D] [thread 1798] [10.0] [cxt 0] Table 'MyIngress.ipv4_lpm': miss
[15:05:40.969] [bmv2] [D] [thread 1798] [10.0] [cxt 0] Action entry is MyIngress.drop - 
[15:05:40.969] [bmv2] [T] [thread 1798] [10.0] [cxt 0] Action MyIngress.drop
[15:05:40.969] [bmv2] [T] [thread 1798] [10.0] [cxt 0] basic.p4(78) Primitive mark_to_drop(standard_metadata)
[15:05:40.969] [bmv2] [D] [thread 1798] [10.0] [cxt 0] Pipeline 'ingress': end
[15:05:40.969] [bmv2] [D] [thread 1798] [10.0] [cxt 0] Egress port is 511
[15:05:40.969] [bmv2] [D] [thread 1798] [10.0] [cxt 0] Dropping packet at the end of ingress
[15:05:42.501] [bmv2] [D] [thread 1798] [11.0] [cxt 0] Processing packet received on port 2
[15:05:42.501] [bmv2] [D] [thread 1798] [11.0] [cxt 0] Parser 'parser': start
[15:05:42.501] [bmv2] [D] [thread 1798] [11.0] [cxt 0] Parser 'parser' entering state 'start'
[15:05:42.501] [bmv2] [D] [thread 1798] [11.0] [cxt 0] Parser state 'start' has no switch, going to default next state
[15:05:42.501] [bmv2] [T] [thread 1798] [11.0] [cxt 0] Bytes parsed: 0
[15:05:42.501] [bmv2] [D] [thread 1798] [11.0] [cxt 0] Parser 'parser': end
[15:05:42.501] [bmv2] [D] [thread 1798] [11.0] [cxt 0] Pipeline 'ingress': start
[15:05:42.501] [bmv2] [T] [thread 1798] [11.0] [cxt 0] Applying table 'MyIngress.ipv4_lpm'
[15:05:42.501] [bmv2] [D] [thread 1798] [11.0] [cxt 0] Looking up key:
* hdr.ipv4.dstAddr    : 00000000

[15:05:42.501] [bmv2] [D] [thread 1798] [11.0] [cxt 0] Table 'MyIngress.ipv4_lpm': miss
[15:05:42.501] [bmv2] [D] [thread 1798] [11.0] [cxt 0] Action entry is MyIngress.drop - 
[15:05:42.501] [bmv2] [T] [thread 1798] [11.0] [cxt 0] Action MyIngress.drop
[15:05:42.501] [bmv2] [T] [thread 1798] [11.0] [cxt 0] basic.p4(78) Primitive mark_to_drop(standard_metadata)
[15:05:42.501] [bmv2] [D] [thread 1798] [11.0] [cxt 0] Pipeline 'ingress': end
[15:05:42.501] [bmv2] [D] [thread 1798] [11.0] [cxt 0] Egress port is 511
[15:05:42.501] [bmv2] [D] [thread 1798] [11.0] [cxt 0] Dropping packet at the end of ingress
[15:05:46.086] [bmv2] [D] [thread 1798] [12.0] [cxt 0] Processing packet received on port 2
[15:05:46.086] [bmv2] [D] [thread 1798] [12.0] [cxt 0] Parser 'parser': start
[15:05:46.086] [bmv2] [D] [thread 1798] [12.0] [cxt 0] Parser 'parser' entering state 'start'
[15:05:46.086] [bmv2] [D] [thread 1798] [12.0] [cxt 0] Parser state 'start' has no switch, going to default next state
[15:05:46.086] [bmv2] [T] [thread 1798] [12.0] [cxt 0] Bytes parsed: 0
[15:05:46.086] [bmv2] [D] [thread 1798] [12.0] [cxt 0] Parser 'parser': end
[15:05:46.086] [bmv2] [D] [thread 1798] [12.0] [cxt 0] Pipeline 'ingress': start
[15:05:46.086] [bmv2] [T] [thread 1798] [12.0] [cxt 0] Applying table 'MyIngress.ipv4_lpm'
[15:05:46.086] [bmv2] [D] [thread 1798] [12.0] [cxt 0] Looking up key:
* hdr.ipv4.dstAddr    : 00000000

[15:05:46.086] [bmv2] [D] [thread 1798] [12.0] [cxt 0] Table 'MyIngress.ipv4_lpm': miss
[15:05:46.086] [bmv2] [D] [thread 1798] [12.0] [cxt 0] Action entry is MyIngress.drop - 
[15:05:46.086] [bmv2] [T] [thread 1798] [12.0] [cxt 0] Action MyIngress.drop
[15:05:46.086] [bmv2] [T] [thread 1798] [12.0] [cxt 0] basic.p4(78) Primitive mark_to_drop(standard_metadata)
[15:05:46.086] [bmv2] [D] [thread 1798] [12.0] [cxt 0] Pipeline 'ingress': end
[15:05:46.086] [bmv2] [D] [thread 1798] [12.0] [cxt 0] Egress port is 511
[15:05:46.086] [bmv2] [D] [thread 1798] [12.0] [cxt 0] Dropping packet at the end of ingress
open: No such file or directory
open: No such file or directory
open: No such file or directory
open: No such file or directory
